#
# There is insufficient memory for the Java Runtime Environment to continue.
# Native memory allocation (malloc) failed to allocate 1374736 bytes for Chunk::new
# Possible reasons:
#   The system is out of physical RAM or swap space
#   The process is running with CompressedOops enabled, and the Java Heap may be blocking the growth of the native heap
# Possible solutions:
#   Reduce memory load on the system
#   Increase physical memory or swap space
#   Check if swap backing store is full
#   Decrease Java heap size (-Xmx/-Xms)
#   Decrease number of Java threads
#   Decrease Java thread stack sizes (-Xss)
#   Set larger code cache with -XX:ReservedCodeCacheSize=
#   JVM is running with Unscaled Compressed Oops mode in which the Java heap is
#     placed in the first 4GB address space. The Java Heap base address is the
#     maximum limit for the native heap growth. Please use -XX:HeapBaseMinAddress
#     to set the Java Heap base and to place the Java Heap above 4GB virtual address.
# This output file may be truncated or incomplete.
#
#  Out of Memory Error (arena.cpp:189), pid=4940, tid=2392
#
# JRE version: OpenJDK Runtime Environment (17.0.7) (build 17.0.7+0-b2043.56-10550314)
# Java VM: OpenJDK 64-Bit Server VM (17.0.7+0-b2043.56-10550314, mixed mode, tiered, compressed oops, compressed class ptrs, g1 gc, windows-amd64)
# No core dump will be written. Minidumps are not enabled by default on client versions of Windows
#

---------------  S U M M A R Y ------------

Command Line: --add-opens=java.base/java.util=ALL-UNNAMED --add-opens=java.base/java.lang=ALL-UNNAMED --add-opens=java.base/java.lang.invoke=ALL-UNNAMED --add-opens=java.prefs/java.util.prefs=ALL-UNNAMED --add-opens=java.base/java.nio.charset=ALL-UNNAMED --add-opens=java.base/java.net=ALL-UNNAMED --add-opens=java.base/java.util.concurrent.atomic=ALL-UNNAMED -Xmx2048m -Dfile.encoding=UTF-8 -Duser.country=ES -Duser.language=es -Duser.variant -javaagent:C:\Users\Abel\.gradle\wrapper\dists\gradle-8.2-bin\bbg7u40eoinfdyxsxr3z4i7ta\gradle-8.2\lib\agents\gradle-instrumentation-agent-8.2.jar org.gradle.launcher.daemon.bootstrap.GradleDaemon 8.2

Host: Intel(R) Core(TM) i5-8250U CPU @ 1.60GHz, 8 cores, 7G,  Windows 10 , 64 bit Build 19041 (10.0.19041.1645)
Time: Wed Apr  3 03:20:52 2024 Hora de verano romance elapsed time: 8.920065 seconds (0d 0h 0m 8s)

---------------  T H R E A D  ---------------

Current thread (0x000001e1c9c8f2d0):  JavaThread "C2 CompilerThread1" daemon [_thread_in_native, id=2392, stack(0x0000005398e00000,0x0000005398f00000)]


Current CompileTask:
C2:   8920 4398       4       java.lang.Class::getMethodsRecursive (99 bytes)

Stack: [0x0000005398e00000,0x0000005398f00000]
Native frames: (J=compiled Java code, j=interpreted, Vv=VM code, C=native code)
V  [jvm.dll+0x683bfa]
V  [jvm.dll+0x8430a4]
V  [jvm.dll+0x8449be]
V  [jvm.dll+0x845023]
V  [jvm.dll+0x24ad2f]
V  [jvm.dll+0xac25c]
V  [jvm.dll+0xac82c]
V  [jvm.dll+0x36a132]
V  [jvm.dll+0x334821]
V  [jvm.dll+0x333cca]
V  [jvm.dll+0x21d251]
V  [jvm.dll+0x21c671]
V  [jvm.dll+0x1a605d]
V  [jvm.dll+0x22c148]
V  [jvm.dll+0x22a209]
V  [jvm.dll+0x7f858c]
V  [jvm.dll+0x7f2aea]
V  [jvm.dll+0x682a35]
C  [ucrtbase.dll+0x21bb2]
C  [KERNEL32.DLL+0x17034]
C  [ntdll.dll+0x52651]


---------------  P R O C E S S  ---------------

Threads class SMR info:
_java_thread_list=0x000001e1d3470e20, length=44, elements={
0x000001e1af93fcf0, 0x000001e1c97d8720, 0x000001e1c97d94a0, 0x000001e1c994f4e0,
0x000001e1c9951db0, 0x000001e1c9952670, 0x000001e1c995af40, 0x000001e1c995f0e0,
0x000001e1c995fa90, 0x000001e1c99623a0, 0x000001e1c9a641e0, 0x000001e1c9b8bda0,
0x000001e1c9c8f2d0, 0x000001e1cfe15310, 0x000001e1ce9677c0, 0x000001e1cf557010,
0x000001e1cfdaa610, 0x000001e1cf0ae060, 0x000001e1cf6b33b0, 0x000001e1cf6b68a0,
0x000001e1cf6b4220, 0x000001e1cf6b3d50, 0x000001e1cf6b5560, 0x000001e1cf6b3880,
0x000001e1cf6b5090, 0x000001e1cf6b5f00, 0x000001e1cf6b46f0, 0x000001e1cf6b4bc0,
0x000001e1cf6b63d0, 0x000001e1cf6b6d70, 0x000001e1cf6b5a30, 0x000001e1d0fccf70,
0x000001e1d0fcbc30, 0x000001e1d0fccaa0, 0x000001e1d0fc95b0, 0x000001e1d0fc8c10,
0x000001e1d0fc9f50, 0x000001e1d0fc90e0, 0x000001e1d0fc8740, 0x000001e1d0fc8270,
0x000001e1d0fc7da0, 0x000001e1d0fcd440, 0x000001e1d0a56a20, 0x000001e1d0fcd910
}

Java Threads: ( => current thread )
  0x000001e1af93fcf0 JavaThread "main" [_thread_blocked, id=9136, stack(0x0000005397b00000,0x0000005397c00000)]
  0x000001e1c97d8720 JavaThread "Reference Handler" daemon [_thread_blocked, id=5176, stack(0x0000005398200000,0x0000005398300000)]
  0x000001e1c97d94a0 JavaThread "Finalizer" daemon [_thread_blocked, id=4476, stack(0x0000005398300000,0x0000005398400000)]
  0x000001e1c994f4e0 JavaThread "Signal Dispatcher" daemon [_thread_blocked, id=13660, stack(0x0000005398400000,0x0000005398500000)]
  0x000001e1c9951db0 JavaThread "Attach Listener" daemon [_thread_blocked, id=8252, stack(0x0000005398500000,0x0000005398600000)]
  0x000001e1c9952670 JavaThread "Service Thread" daemon [_thread_blocked, id=16392, stack(0x0000005398600000,0x0000005398700000)]
  0x000001e1c995af40 JavaThread "Monitor Deflation Thread" daemon [_thread_blocked, id=17244, stack(0x0000005398700000,0x0000005398800000)]
  0x000001e1c995f0e0 JavaThread "C2 CompilerThread0" daemon [_thread_blocked, id=3448, stack(0x0000005398800000,0x0000005398900000)]
  0x000001e1c995fa90 JavaThread "C1 CompilerThread0" daemon [_thread_blocked, id=6900, stack(0x0000005398900000,0x0000005398a00000)]
  0x000001e1c99623a0 JavaThread "Sweeper thread" daemon [_thread_blocked, id=1924, stack(0x0000005398a00000,0x0000005398b00000)]
  0x000001e1c9a641e0 JavaThread "Common-Cleaner" daemon [_thread_blocked, id=5096, stack(0x0000005398b00000,0x0000005398c00000)]
  0x000001e1c9b8bda0 JavaThread "Notification Thread" daemon [_thread_blocked, id=9600, stack(0x0000005398c00000,0x0000005398d00000)]
=>0x000001e1c9c8f2d0 JavaThread "C2 CompilerThread1" daemon [_thread_in_native, id=2392, stack(0x0000005398e00000,0x0000005398f00000)]
  0x000001e1cfe15310 JavaThread "Daemon health stats" [_thread_blocked, id=13796, stack(0x0000005399400000,0x0000005399500000)]
  0x000001e1ce9677c0 JavaThread "Incoming local TCP Connector on port 10332" [_thread_in_native, id=2604, stack(0x0000005399300000,0x0000005399400000)]
  0x000001e1cf557010 JavaThread "Daemon periodic checks" [_thread_blocked, id=16860, stack(0x0000005399500000,0x0000005399600000)]
  0x000001e1cfdaa610 JavaThread "Daemon" [_thread_blocked, id=14728, stack(0x0000005399600000,0x0000005399700000)]
  0x000001e1cf0ae060 JavaThread "Handler for socket connection from /127.0.0.1:10332 to /127.0.0.1:10333" [_thread_in_native, id=12064, stack(0x0000005399700000,0x0000005399800000)]
  0x000001e1cf6b33b0 JavaThread "Cancel handler" [_thread_blocked, id=12924, stack(0x0000005399800000,0x0000005399900000)]
  0x000001e1cf6b68a0 JavaThread "Daemon worker" [_thread_in_Java, id=10836, stack(0x0000005399900000,0x0000005399a00000)]
  0x000001e1cf6b4220 JavaThread "Asynchronous log dispatcher for DefaultDaemonConnection: socket connection from /127.0.0.1:10332 to /127.0.0.1:10333" [_thread_blocked, id=11148, stack(0x0000005399a00000,0x0000005399b00000)]
  0x000001e1cf6b3d50 JavaThread "Stdin handler" [_thread_blocked, id=9472, stack(0x0000005399b00000,0x0000005399c00000)]
  0x000001e1cf6b5560 JavaThread "Daemon client event forwarder" [_thread_blocked, id=5696, stack(0x0000005399c00000,0x0000005399d00000)]
  0x000001e1cf6b3880 JavaThread "Cache worker for journal cache (C:\Users\Abel\.gradle\caches\journal-1)" [_thread_blocked, id=5172, stack(0x000000539a100000,0x000000539a200000)]
  0x000001e1cf6b5090 JavaThread "File lock request listener" [_thread_in_native, id=15144, stack(0x000000539a200000,0x000000539a300000)]
  0x000001e1cf6b5f00 JavaThread "Cache worker for file hash cache (C:\Users\Abel\.gradle\caches\8.2\fileHashes)" [_thread_blocked, id=2792, stack(0x000000539a300000,0x000000539a400000)]
  0x000001e1cf6b46f0 JavaThread "File watcher server" daemon [_thread_in_native, id=11804, stack(0x000000539a500000,0x000000539a600000)]
  0x000001e1cf6b4bc0 JavaThread "File watcher consumer" daemon [_thread_blocked, id=13488, stack(0x000000539a600000,0x000000539a700000)]
  0x000001e1cf6b63d0 JavaThread "jar transforms" [_thread_blocked, id=16812, stack(0x000000539a700000,0x000000539a800000)]
  0x000001e1cf6b6d70 JavaThread "jar transforms Thread 2" [_thread_blocked, id=15492, stack(0x000000539a800000,0x000000539a900000)]
  0x000001e1cf6b5a30 JavaThread "jar transforms Thread 3" [_thread_blocked, id=2516, stack(0x000000539a900000,0x000000539aa00000)]
  0x000001e1d0fccf70 JavaThread "jar transforms Thread 4" [_thread_blocked, id=2004, stack(0x000000539aa00000,0x000000539ab00000)]
  0x000001e1d0fcbc30 JavaThread "jar transforms Thread 5" [_thread_blocked, id=14472, stack(0x000000539ab00000,0x000000539ac00000)]
  0x000001e1d0fccaa0 JavaThread "jar transforms Thread 6" [_thread_blocked, id=16408, stack(0x000000539ac00000,0x000000539ad00000)]
  0x000001e1d0fc95b0 JavaThread "jar transforms Thread 7" [_thread_blocked, id=8600, stack(0x000000539ad00000,0x000000539ae00000)]
  0x000001e1d0fc8c10 JavaThread "jar transforms Thread 8" [_thread_blocked, id=3168, stack(0x000000539ae00000,0x000000539af00000)]
  0x000001e1d0fc9f50 JavaThread "Cache worker for checksums cache (F:\PMDM\Virtuula\.gradle\8.2\checksums)" [_thread_blocked, id=9308, stack(0x000000539a400000,0x000000539a500000)]
  0x000001e1d0fc90e0 JavaThread "Cache worker for cache directory md-rule (C:\Users\Abel\.gradle\caches\8.2\md-rule)" [_thread_blocked, id=9320, stack(0x000000539af00000,0x000000539b000000)]
  0x000001e1d0fc8740 JavaThread "Cache worker for file content cache (C:\Users\Abel\.gradle\caches\8.2\fileContent)" [_thread_blocked, id=2552, stack(0x000000539b000000,0x000000539b100000)]
  0x000001e1d0fc8270 JavaThread "Cache worker for file hash cache (F:\PMDM\Virtuula\.gradle\8.2\fileHashes)" [_thread_blocked, id=17096, stack(0x000000539b100000,0x000000539b200000)]
  0x000001e1d0fc7da0 JavaThread "Cache worker for cache directory md-supplier (C:\Users\Abel\.gradle\caches\8.2\md-supplier)" [_thread_blocked, id=9672, stack(0x000000539b200000,0x000000539b300000)]
  0x000001e1d0fcd440 JavaThread "Cache worker for execution history cache (C:\Users\Abel\.gradle\caches\8.2\executionHistory)" [_thread_blocked, id=6408, stack(0x000000539b300000,0x000000539b400000)]
  0x000001e1d0a56a20 JavaThread "C2 CompilerThread2" daemon [_thread_blocked, id=10996, stack(0x000000539b400000,0x000000539b500000)]
  0x000001e1d0fcd910 JavaThread "Cache worker for kotlin-dsl (C:\Users\Abel\.gradle\caches\8.2\kotlin-dsl)" [_thread_blocked, id=17260, stack(0x000000539b500000,0x000000539b600000)]

Other Threads:
  0x000001e1c97d3a20 VMThread "VM Thread" [stack: 0x0000005398100000,0x0000005398200000] [id=6580]
  0x000001e1af9bf100 WatcherThread [stack: 0x0000005398d00000,0x0000005398e00000] [id=5684]
  0x000001e1af9a3a20 GCTaskThread "GC Thread#0" [stack: 0x0000005397c00000,0x0000005397d00000] [id=13804]
  0x000001e1ce4bb890 GCTaskThread "GC Thread#1" [stack: 0x0000005398f00000,0x0000005399000000] [id=7004]
  0x000001e1cea4e140 GCTaskThread "GC Thread#2" [stack: 0x0000005399000000,0x0000005399100000] [id=9476]
  0x000001e1ce946440 GCTaskThread "GC Thread#3" [stack: 0x0000005399100000,0x0000005399200000] [id=3288]
  0x000001e1cedddfc0 GCTaskThread "GC Thread#4" [stack: 0x0000005399200000,0x0000005399300000] [id=4656]
  0x000001e1ceeccc00 GCTaskThread "GC Thread#5" [stack: 0x0000005399d00000,0x0000005399e00000] [id=16464]
  0x000001e1cf790c70 GCTaskThread "GC Thread#6" [stack: 0x0000005399e00000,0x0000005399f00000] [id=5344]
  0x000001e1cf4665d0 GCTaskThread "GC Thread#7" [stack: 0x0000005399f00000,0x000000539a000000] [id=420]
  0x000001e1af9b5010 ConcurrentGCThread "G1 Main Marker" [stack: 0x0000005397d00000,0x0000005397e00000] [id=5028]
  0x000001e1af9b5930 ConcurrentGCThread "G1 Conc#0" [stack: 0x0000005397e00000,0x0000005397f00000] [id=692]
  0x000001e1d0479760 ConcurrentGCThread "G1 Conc#1" [stack: 0x000000539a000000,0x000000539a100000] [id=6920]
  0x000001e1c96124c0 ConcurrentGCThread "G1 Refine#0" [stack: 0x0000005397f00000,0x0000005398000000] [id=4220]
  0x000001e1afa0bd90 ConcurrentGCThread "G1 Service" [stack: 0x0000005398000000,0x0000005398100000] [id=16980]

Threads with active compile tasks:
C2 CompilerThread1     8982 4398       4       java.lang.Class::getMethodsRecursive (99 bytes)

VM state: not at safepoint (normal execution)

VM Mutex/Monitor currently owned by a thread: None

Heap address: 0x0000000080000000, size: 2048 MB, Compressed Oops mode: 32-bit

CDS archive(s) not mapped
Compressed class space mapped at: 0x0000000100000000-0x0000000140000000, reserved size: 1073741824
Narrow klass base: 0x0000000000000000, Narrow klass shift: 3, Narrow klass range: 0x140000000

GC Precious Log:
 CPUs: 8 total, 8 available
 Memory: 8101M
 Large Page Support: Disabled
 NUMA Support: Disabled
 Compressed Oops: Enabled (32-bit)
 Heap Region Size: 1M
 Heap Min Capacity: 8M
 Heap Initial Capacity: 128M
 Heap Max Capacity: 2G
 Pre-touch: Disabled
 Parallel Workers: 8
 Concurrent Workers: 2
 Concurrent Refinement Workers: 8
 Periodic GC: Disabled

Heap:
 garbage-first heap   total 112640K, used 75100K [0x0000000080000000, 0x0000000100000000)
  region size 1024K, 14 young (14336K), 3 survivors (3072K)
 Metaspace       used 50473K, committed 51008K, reserved 1114112K
  class space    used 6669K, committed 6912K, reserved 1048576K

Heap Regions: E=young(eden), S=young(survivor), O=old, HS=humongous(starts), HC=humongous(continues), CS=collection set, F=free, OA=open archive, CA=closed archive, TAMS=top-at-mark-start (previous, next)
|   0|0x0000000080000000, 0x0000000080100000, 0x0000000080100000|100%|HS|  |TAMS 0x0000000080100000, 0x0000000080000000| Complete 
|   1|0x0000000080100000, 0x0000000080200000, 0x0000000080200000|100%|HC|  |TAMS 0x0000000080200000, 0x0000000080100000| Complete 
|   2|0x0000000080200000, 0x0000000080300000, 0x0000000080300000|100%|HC|  |TAMS 0x0000000080300000, 0x0000000080200000| Complete 
|   3|0x0000000080300000, 0x0000000080400000, 0x0000000080400000|100%|HC|  |TAMS 0x0000000080400000, 0x0000000080300000| Complete 
|   4|0x0000000080400000, 0x0000000080500000, 0x0000000080500000|100%| O|  |TAMS 0x0000000080500000, 0x0000000080400000| Untracked 
|   5|0x0000000080500000, 0x0000000080600000, 0x0000000080600000|100%| O|  |TAMS 0x0000000080600000, 0x0000000080500000| Untracked 
|   6|0x0000000080600000, 0x0000000080700000, 0x0000000080700000|100%| O|  |TAMS 0x0000000080700000, 0x0000000080600000| Untracked 
|   7|0x0000000080700000, 0x0000000080800000, 0x0000000080800000|100%| O|  |TAMS 0x0000000080800000, 0x0000000080700000| Untracked 
|   8|0x0000000080800000, 0x0000000080900000, 0x0000000080900000|100%| O|  |TAMS 0x0000000080900000, 0x0000000080800000| Untracked 
|   9|0x0000000080900000, 0x0000000080a00000, 0x0000000080a00000|100%| O|  |TAMS 0x0000000080a00000, 0x0000000080900000| Untracked 
|  10|0x0000000080a00000, 0x0000000080b00000, 0x0000000080b00000|100%| O|  |TAMS 0x0000000080b00000, 0x0000000080a00000| Untracked 
|  11|0x0000000080b00000, 0x0000000080c00000, 0x0000000080c00000|100%| O|  |TAMS 0x0000000080c00000, 0x0000000080b00000| Untracked 
|  12|0x0000000080c00000, 0x0000000080d00000, 0x0000000080d00000|100%| O|  |TAMS 0x0000000080d00000, 0x0000000080c00000| Untracked 
|  13|0x0000000080d00000, 0x0000000080e00000, 0x0000000080e00000|100%| O|  |TAMS 0x0000000080e00000, 0x0000000080d00000| Untracked 
|  14|0x0000000080e00000, 0x0000000080f00000, 0x0000000080f00000|100%| O|  |TAMS 0x0000000080f00000, 0x0000000080e00000| Untracked 
|  15|0x0000000080f00000, 0x0000000081000000, 0x0000000081000000|100%| O|  |TAMS 0x0000000081000000, 0x0000000080f00000| Untracked 
|  16|0x0000000081000000, 0x0000000081100000, 0x0000000081100000|100%| O|  |TAMS 0x0000000081100000, 0x0000000081000000| Untracked 
|  17|0x0000000081100000, 0x0000000081200000, 0x0000000081200000|100%| O|  |TAMS 0x0000000081200000, 0x0000000081100000| Untracked 
|  18|0x0000000081200000, 0x0000000081300000, 0x0000000081300000|100%| O|  |TAMS 0x0000000081300000, 0x0000000081200000| Untracked 
|  19|0x0000000081300000, 0x0000000081400000, 0x0000000081400000|100%| O|  |TAMS 0x0000000081400000, 0x0000000081300000| Untracked 
|  20|0x0000000081400000, 0x0000000081500000, 0x0000000081500000|100%| O|  |TAMS 0x0000000081400000, 0x0000000081400000| Untracked 
|  21|0x0000000081500000, 0x0000000081600000, 0x0000000081600000|100%|HS|  |TAMS 0x0000000081600000, 0x0000000081500000| Complete 
|  22|0x0000000081600000, 0x0000000081700000, 0x0000000081700000|100%|HC|  |TAMS 0x0000000081700000, 0x0000000081600000| Complete 
|  23|0x0000000081700000, 0x0000000081800000, 0x0000000081800000|100%|HS|  |TAMS 0x0000000081800000, 0x0000000081700000| Complete 
|  24|0x0000000081800000, 0x0000000081900000, 0x0000000081900000|100%|HC|  |TAMS 0x0000000081900000, 0x0000000081800000| Complete 
|  25|0x0000000081900000, 0x0000000081a00000, 0x0000000081a00000|100%|HC|  |TAMS 0x0000000081a00000, 0x0000000081900000| Complete 
|  26|0x0000000081a00000, 0x0000000081b00000, 0x0000000081b00000|100%|HS|  |TAMS 0x0000000081b00000, 0x0000000081a00000| Complete 
|  27|0x0000000081b00000, 0x0000000081c00000, 0x0000000081c00000|100%|HC|  |TAMS 0x0000000081c00000, 0x0000000081b00000| Complete 
|  28|0x0000000081c00000, 0x0000000081d00000, 0x0000000081d00000|100%| O|  |TAMS 0x0000000081d00000, 0x0000000081c00000| Untracked 
|  29|0x0000000081d00000, 0x0000000081e00000, 0x0000000081e00000|100%| O|  |TAMS 0x0000000081e00000, 0x0000000081d00000| Untracked 
|  30|0x0000000081e00000, 0x0000000081f00000, 0x0000000081f00000|100%|HS|  |TAMS 0x0000000081f00000, 0x0000000081e00000| Complete 
|  31|0x0000000081f00000, 0x0000000082000000, 0x0000000082000000|100%|HC|  |TAMS 0x0000000082000000, 0x0000000081f00000| Complete 
|  32|0x0000000082000000, 0x0000000082100000, 0x0000000082100000|100%|HC|  |TAMS 0x0000000082100000, 0x0000000082000000| Complete 
|  33|0x0000000082100000, 0x0000000082200000, 0x0000000082200000|100%|HC|  |TAMS 0x0000000082200000, 0x0000000082100000| Complete 
|  34|0x0000000082200000, 0x0000000082300000, 0x0000000082300000|100%|HC|  |TAMS 0x0000000082300000, 0x0000000082200000| Complete 
|  35|0x0000000082300000, 0x0000000082400000, 0x0000000082400000|100%|HC|  |TAMS 0x0000000082400000, 0x0000000082300000| Complete 
|  36|0x0000000082400000, 0x0000000082500000, 0x0000000082500000|100%|HC|  |TAMS 0x0000000082500000, 0x0000000082400000| Complete 
|  37|0x0000000082500000, 0x0000000082600000, 0x0000000082600000|100%|HC|  |TAMS 0x0000000082600000, 0x0000000082500000| Complete 
|  38|0x0000000082600000, 0x0000000082700000, 0x0000000082700000|100%|HC|  |TAMS 0x0000000082700000, 0x0000000082600000| Complete 
|  39|0x0000000082700000, 0x0000000082800000, 0x0000000082800000|100%|HC|  |TAMS 0x0000000082800000, 0x0000000082700000| Complete 
|  40|0x0000000082800000, 0x0000000082900000, 0x0000000082900000|100%|HC|  |TAMS 0x0000000082900000, 0x0000000082800000| Complete 
|  41|0x0000000082900000, 0x0000000082a00000, 0x0000000082a00000|100%|HC|  |TAMS 0x0000000082a00000, 0x0000000082900000| Complete 
|  42|0x0000000082a00000, 0x0000000082b00000, 0x0000000082b00000|100%|HS|  |TAMS 0x0000000082b00000, 0x0000000082a00000| Complete 
|  43|0x0000000082b00000, 0x0000000082c00000, 0x0000000082c00000|100%|HC|  |TAMS 0x0000000082c00000, 0x0000000082b00000| Complete 
|  44|0x0000000082c00000, 0x0000000082d00000, 0x0000000082d00000|100%| O|  |TAMS 0x0000000082d00000, 0x0000000082c00000| Untracked 
|  45|0x0000000082d00000, 0x0000000082e00000, 0x0000000082e00000|100%| O|  |TAMS 0x0000000082e00000, 0x0000000082d00000| Untracked 
|  46|0x0000000082e00000, 0x0000000082f00000, 0x0000000082f00000|100%| O|  |TAMS 0x0000000082f00000, 0x0000000082e00000| Untracked 
|  47|0x0000000082f00000, 0x0000000083000000, 0x0000000083000000|100%| O|  |TAMS 0x0000000083000000, 0x0000000082f00000| Untracked 
|  48|0x0000000083000000, 0x0000000083100000, 0x0000000083100000|100%| O|  |TAMS 0x0000000083100000, 0x0000000083000000| Untracked 
|  49|0x0000000083100000, 0x0000000083200000, 0x0000000083200000|100%| O|  |TAMS 0x0000000083200000, 0x0000000083100000| Untracked 
|  50|0x0000000083200000, 0x0000000083300000, 0x0000000083300000|100%| O|  |TAMS 0x0000000083300000, 0x0000000083200000| Untracked 
|  51|0x0000000083300000, 0x0000000083400000, 0x0000000083400000|100%| O|  |TAMS 0x0000000083400000, 0x0000000083300000| Untracked 
|  52|0x0000000083400000, 0x0000000083500000, 0x0000000083500000|100%| O|  |TAMS 0x0000000083500000, 0x0000000083400000| Untracked 
|  53|0x0000000083500000, 0x0000000083600000, 0x0000000083600000|100%|HS|  |TAMS 0x0000000083600000, 0x0000000083500000| Complete 
|  54|0x0000000083600000, 0x0000000083700000, 0x0000000083700000|100%|HC|  |TAMS 0x0000000083700000, 0x0000000083600000| Complete 
|  55|0x0000000083700000, 0x0000000083800000, 0x0000000083800000|100%|HC|  |TAMS 0x0000000083800000, 0x0000000083700000| Complete 
|  56|0x0000000083800000, 0x0000000083900000, 0x0000000083900000|100%| O|  |TAMS 0x0000000083800000, 0x0000000083800000| Untracked 
|  57|0x0000000083900000, 0x0000000083a00000, 0x0000000083a00000|100%| O|  |TAMS 0x0000000083a00000, 0x0000000083900000| Untracked 
|  58|0x0000000083a00000, 0x0000000083b00000, 0x0000000083b00000|100%| O|  |TAMS 0x0000000083b00000, 0x0000000083a00000| Untracked 
|  59|0x0000000083b00000, 0x0000000083c00000, 0x0000000083c00000|100%| O|  |TAMS 0x0000000083b1ae00, 0x0000000083b00000| Untracked 
|  60|0x0000000083c00000, 0x0000000083ccba00, 0x0000000083d00000| 79%| O|  |TAMS 0x0000000083c00000, 0x0000000083c00000| Untracked 
|  61|0x0000000083d00000, 0x0000000083d00000, 0x0000000083e00000|  0%| F|  |TAMS 0x0000000083d00000, 0x0000000083d00000| Untracked 
|  62|0x0000000083e00000, 0x0000000083e00000, 0x0000000083f00000|  0%| F|  |TAMS 0x0000000083e00000, 0x0000000083e00000| Untracked 
|  63|0x0000000083f00000, 0x0000000083f00000, 0x0000000084000000|  0%| F|  |TAMS 0x0000000083f00000, 0x0000000083f00000| Untracked 
|  64|0x0000000084000000, 0x0000000084000000, 0x0000000084100000|  0%| F|  |TAMS 0x0000000084000000, 0x0000000084000000| Untracked 
|  65|0x0000000084100000, 0x0000000084100000, 0x0000000084200000|  0%| F|  |TAMS 0x0000000084100000, 0x0000000084100000| Untracked 
|  66|0x0000000084200000, 0x0000000084200000, 0x0000000084300000|  0%| F|  |TAMS 0x0000000084200000, 0x0000000084200000| Untracked 
|  67|0x0000000084300000, 0x0000000084300000, 0x0000000084400000|  0%| F|  |TAMS 0x0000000084300000, 0x0000000084300000| Untracked 
|  68|0x0000000084400000, 0x0000000084400000, 0x0000000084500000|  0%| F|  |TAMS 0x0000000084400000, 0x0000000084400000| Untracked 
|  69|0x0000000084500000, 0x0000000084500000, 0x0000000084600000|  0%| F|  |TAMS 0x0000000084500000, 0x0000000084500000| Untracked 
|  70|0x0000000084600000, 0x0000000084600000, 0x0000000084700000|  0%| F|  |TAMS 0x0000000084600000, 0x0000000084600000| Untracked 
|  71|0x0000000084700000, 0x0000000084700000, 0x0000000084800000|  0%| F|  |TAMS 0x0000000084700000, 0x0000000084700000| Untracked 
|  72|0x0000000084800000, 0x0000000084800000, 0x0000000084900000|  0%| F|  |TAMS 0x0000000084800000, 0x0000000084800000| Untracked 
|  73|0x0000000084900000, 0x0000000084900000, 0x0000000084a00000|  0%| F|  |TAMS 0x0000000084900000, 0x0000000084900000| Untracked 
|  74|0x0000000084a00000, 0x0000000084a00000, 0x0000000084b00000|  0%| F|  |TAMS 0x0000000084a00000, 0x0000000084a00000| Untracked 
|  75|0x0000000084b00000, 0x0000000084b00000, 0x0000000084c00000|  0%| F|  |TAMS 0x0000000084b00000, 0x0000000084b00000| Untracked 
|  76|0x0000000084c00000, 0x0000000084c00000, 0x0000000084d00000|  0%| F|  |TAMS 0x0000000084c00000, 0x0000000084c00000| Untracked 
|  77|0x0000000084d00000, 0x0000000084d00000, 0x0000000084e00000|  0%| F|  |TAMS 0x0000000084d00000, 0x0000000084d00000| Untracked 
|  78|0x0000000084e00000, 0x0000000084e00000, 0x0000000084f00000|  0%| F|  |TAMS 0x0000000084e00000, 0x0000000084e00000| Untracked 
|  79|0x0000000084f00000, 0x0000000084f00000, 0x0000000085000000|  0%| F|  |TAMS 0x0000000084f00000, 0x0000000084f00000| Untracked 
|  80|0x0000000085000000, 0x0000000085000000, 0x0000000085100000|  0%| F|  |TAMS 0x0000000085000000, 0x0000000085000000| Untracked 
|  81|0x0000000085100000, 0x0000000085100000, 0x0000000085200000|  0%| F|  |TAMS 0x0000000085100000, 0x0000000085100000| Untracked 
|  82|0x0000000085200000, 0x0000000085200000, 0x0000000085300000|  0%| F|  |TAMS 0x0000000085200000, 0x0000000085200000| Untracked 
|  83|0x0000000085300000, 0x000000008538b8d8, 0x0000000085400000| 54%| S|CS|TAMS 0x0000000085300000, 0x0000000085300000| Complete 
|  84|0x0000000085400000, 0x0000000085500000, 0x0000000085500000|100%| S|CS|TAMS 0x0000000085400000, 0x0000000085400000| Complete 
|  85|0x0000000085500000, 0x0000000085600000, 0x0000000085600000|100%| S|CS|TAMS 0x0000000085500000, 0x0000000085500000| Complete 
|  86|0x0000000085600000, 0x0000000085600000, 0x0000000085700000|  0%| F|  |TAMS 0x0000000085600000, 0x0000000085600000| Untracked 
|  87|0x0000000085700000, 0x0000000085700000, 0x0000000085800000|  0%| F|  |TAMS 0x0000000085700000, 0x0000000085700000| Untracked 
|  88|0x0000000085800000, 0x0000000085800000, 0x0000000085900000|  0%| F|  |TAMS 0x0000000085800000, 0x0000000085800000| Untracked 
|  89|0x0000000085900000, 0x0000000085900000, 0x0000000085a00000|  0%| F|  |TAMS 0x0000000085900000, 0x0000000085900000| Untracked 
|  90|0x0000000085a00000, 0x0000000085a00000, 0x0000000085b00000|  0%| F|  |TAMS 0x0000000085a00000, 0x0000000085a00000| Untracked 
|  91|0x0000000085b00000, 0x0000000085b00000, 0x0000000085c00000|  0%| F|  |TAMS 0x0000000085b00000, 0x0000000085b00000| Untracked 
|  92|0x0000000085c00000, 0x0000000085c00000, 0x0000000085d00000|  0%| F|  |TAMS 0x0000000085c00000, 0x0000000085c00000| Untracked 
|  93|0x0000000085d00000, 0x0000000085d00000, 0x0000000085e00000|  0%| F|  |TAMS 0x0000000085d00000, 0x0000000085d00000| Untracked 
|  94|0x0000000085e00000, 0x0000000085e00000, 0x0000000085f00000|  0%| F|  |TAMS 0x0000000085e00000, 0x0000000085e00000| Untracked 
|  95|0x0000000085f00000, 0x0000000085f00000, 0x0000000086000000|  0%| F|  |TAMS 0x0000000085f00000, 0x0000000085f00000| Untracked 
|  96|0x0000000086000000, 0x0000000086000000, 0x0000000086100000|  0%| F|  |TAMS 0x0000000086000000, 0x0000000086000000| Untracked 
|  97|0x0000000086100000, 0x0000000086100000, 0x0000000086200000|  0%| F|  |TAMS 0x0000000086100000, 0x0000000086100000| Untracked 
|  98|0x0000000086200000, 0x0000000086200000, 0x0000000086300000|  0%| F|  |TAMS 0x0000000086200000, 0x0000000086200000| Untracked 
|  99|0x0000000086300000, 0x0000000086400000, 0x0000000086400000|100%| E|  |TAMS 0x0000000086300000, 0x0000000086300000| Complete 
| 100|0x0000000086400000, 0x0000000086500000, 0x0000000086500000|100%| E|CS|TAMS 0x0000000086400000, 0x0000000086400000| Complete 
| 101|0x0000000086500000, 0x0000000086600000, 0x0000000086600000|100%| E|CS|TAMS 0x0000000086500000, 0x0000000086500000| Complete 
| 102|0x0000000086600000, 0x0000000086700000, 0x0000000086700000|100%| E|CS|TAMS 0x0000000086600000, 0x0000000086600000| Complete 
| 103|0x0000000086700000, 0x0000000086800000, 0x0000000086800000|100%| E|CS|TAMS 0x0000000086700000, 0x0000000086700000| Complete 
| 104|0x0000000086800000, 0x0000000086900000, 0x0000000086900000|100%| E|CS|TAMS 0x0000000086800000, 0x0000000086800000| Complete 
| 105|0x0000000086900000, 0x0000000086a00000, 0x0000000086a00000|100%| E|CS|TAMS 0x0000000086900000, 0x0000000086900000| Complete 
| 106|0x0000000086a00000, 0x0000000086b00000, 0x0000000086b00000|100%| E|CS|TAMS 0x0000000086a00000, 0x0000000086a00000| Complete 
| 107|0x0000000086b00000, 0x0000000086c00000, 0x0000000086c00000|100%| E|CS|TAMS 0x0000000086b00000, 0x0000000086b00000| Complete 
| 108|0x0000000086c00000, 0x0000000086d00000, 0x0000000086d00000|100%| E|CS|TAMS 0x0000000086c00000, 0x0000000086c00000| Complete 
| 127|0x0000000087f00000, 0x0000000088000000, 0x0000000088000000|100%| E|CS|TAMS 0x0000000087f00000, 0x0000000087f00000| Complete 

Card table byte_map: [0x000001e1c2550000,0x000001e1c2950000] _byte_map_base: 0x000001e1c2150000

Marking Bits (Prev, Next): (CMBitMap*) 0x000001e1af9a3f80, (CMBitMap*) 0x000001e1af9a3f40
 Prev Bits: [0x000001e1c4d50000, 0x000001e1c6d50000)
 Next Bits: [0x000001e1c2d50000, 0x000001e1c4d50000)

Polling page: 0x000001e1ad8e0000

Metaspace:

Usage:
  Non-class:     42.79 MB used.
      Class:      6.52 MB used.
       Both:     49.31 MB used.

Virtual space:
  Non-class space:       64.00 MB reserved,      43.06 MB ( 67%) committed,  1 nodes.
      Class space:        1.00 GB reserved,       6.75 MB ( <1%) committed,  1 nodes.
             Both:        1.06 GB reserved,      49.81 MB (  5%) committed. 

Chunk freelists:
   Non-Class:  4.34 MB
       Class:  9.16 MB
        Both:  13.50 MB

MaxMetaspaceSize: unlimited
CompressedClassSpaceSize: 1.00 GB
Initial GC threshold: 21.00 MB
Current GC threshold: 79.69 MB
CDS: off
MetaspaceReclaimPolicy: balanced
 - commit_granule_bytes: 65536.
 - commit_granule_words: 8192.
 - virtual_space_node_default_size: 8388608.
 - enlarge_chunks_in_place: 1.
 - new_chunks_are_fully_committed: 0.
 - uncommit_free_chunks: 1.
 - use_allocation_guard: 0.
 - handle_deallocations: 1.


Internal statistics:

num_allocs_failed_limit: 6.
num_arena_births: 612.
num_arena_deaths: 0.
num_vsnodes_births: 2.
num_vsnodes_deaths: 0.
num_space_committed: 797.
num_space_uncommitted: 0.
num_chunks_returned_to_freelist: 6.
num_chunks_taken_from_freelist: 2234.
num_chunk_merges: 6.
num_chunk_splits: 1459.
num_chunks_enlarged: 963.
num_inconsistent_stats: 0.

CodeHeap 'non-profiled nmethods': size=120000Kb used=3034Kb max_used=3034Kb free=116966Kb
 bounds [0x000001e1ba8f0000, 0x000001e1babf0000, 0x000001e1c1e20000]
CodeHeap 'profiled nmethods': size=120000Kb used=9679Kb max_used=9679Kb free=110320Kb
 bounds [0x000001e1b2e20000, 0x000001e1b37a0000, 0x000001e1ba350000]
CodeHeap 'non-nmethods': size=5760Kb used=2307Kb max_used=2431Kb free=3452Kb
 bounds [0x000001e1ba350000, 0x000001e1ba5c0000, 0x000001e1ba8f0000]
 total_blobs=5479 nmethods=4661 adapters=730
 compilation: enabled
              stopped_count=0, restarted_count=0
 full_count=0

Compilation events (20 events):
Event: 8.892 Thread 0x000001e1c995fa90 4608       3       org.gradle.internal.snapshot.VfsRelativePath::length (13 bytes)
Event: 8.892 Thread 0x000001e1c995fa90 nmethod 4608 0x000001e1b3778190 code [0x000001e1b3778340, 0x000001e1b3778558]
Event: 8.894 Thread 0x000001e1c995fa90 4609       3       com.google.common.cache.CacheBuilder$1::recordHits (1 bytes)
Event: 8.895 Thread 0x000001e1c995fa90 nmethod 4609 0x000001e1b3778690 code [0x000001e1b3778820, 0x000001e1b3778938]
Event: 8.896 Thread 0x000001e1c995fa90 4610       3       org.gradle.internal.snapshot.SnapshotUtil$1::<init> (15 bytes)
Event: 8.898 Thread 0x000001e1c995fa90 nmethod 4610 0x000001e1b3778a10 code [0x000001e1b3778bc0, 0x000001e1b3778dd8]
Event: 8.899 Thread 0x000001e1c995fa90 4611       3       com.google.common.cache.LocalCache$AccessQueue::peek (5 bytes)
Event: 8.900 Thread 0x000001e1c995fa90 nmethod 4611 0x000001e1b3778e90 code [0x000001e1b3779040, 0x000001e1b37792c8]
Event: 8.900 Thread 0x000001e1c995fa90 4612       3       com.google.common.cache.LocalCache$AccessQueue::peek (24 bytes)
Event: 8.902 Thread 0x000001e1c995fa90 nmethod 4612 0x000001e1b3779410 code [0x000001e1b37795c0, 0x000001e1b37797e8]
Event: 8.902 Thread 0x000001e1c995fa90 4613       3       org.gradle.internal.snapshot.VfsRelativePath::lengthOfCommonPrefix (173 bytes)
Event: 8.906 Thread 0x000001e1c995fa90 nmethod 4613 0x000001e1b3779910 code [0x000001e1b3779d40, 0x000001e1b377be08]
Event: 8.907 Thread 0x000001e1c995fa90 4616       3       org.gradle.internal.snapshot.VfsRelativePath::pathFromChild (34 bytes)
Event: 8.907 Thread 0x000001e1c995fa90 nmethod 4616 0x000001e1b377ca10 code [0x000001e1b377cbe0, 0x000001e1b377d098]
Event: 8.907 Thread 0x000001e1c995fa90 4614       3       org.gradle.internal.snapshot.SnapshotUtil::getMetadataFromChildren (21 bytes)
Event: 8.908 Thread 0x000001e1c995fa90 nmethod 4614 0x000001e1b377d290 code [0x000001e1b377d460, 0x000001e1b377d8c8]
Event: 8.908 Thread 0x000001e1c995fa90 4615       3       java.lang.invoke.LambdaForm$DMH/0x00000001002ac000::newInvokeSpecial (30 bytes)
Event: 8.908 Thread 0x000001e1c995fa90 nmethod 4615 0x000001e1b377da90 code [0x000001e1b377dc80, 0x000001e1b377e3e8]
Event: 8.909 Thread 0x000001e1c995fa90 4617       3       java.util.concurrent.locks.AbstractQueuedSynchronizer::hasQueuedThreads (38 bytes)
Event: 8.909 Thread 0x000001e1c995fa90 nmethod 4617 0x000001e1b377e610 code [0x000001e1b377e7c0, 0x000001e1b377ea18]

GC Heap History (20 events):
Event: 4.884 GC heap before
{Heap before GC invocations=8 (full 0):
 garbage-first heap   total 68608K, used 44519K [0x0000000080000000, 0x0000000100000000)
  region size 1024K, 3 young (3072K), 2 survivors (2048K)
 Metaspace       used 29889K, committed 30272K, reserved 1114112K
  class space    used 4063K, committed 4224K, reserved 1048576K
}
Event: 4.886 GC heap after
{Heap after GC invocations=9 (full 0):
 garbage-first heap   total 103424K, used 44105K [0x0000000080000000, 0x0000000100000000)
  region size 1024K, 2 young (2048K), 2 survivors (2048K)
 Metaspace       used 29889K, committed 30272K, reserved 1114112K
  class space    used 4063K, committed 4224K, reserved 1048576K
}
Event: 5.787 GC heap before
{Heap before GC invocations=9 (full 0):
 garbage-first heap   total 103424K, used 79945K [0x0000000080000000, 0x0000000100000000)
  region size 1024K, 36 young (36864K), 2 survivors (2048K)
 Metaspace       used 34035K, committed 34496K, reserved 1114112K
  class space    used 4725K, committed 4928K, reserved 1048576K
}
Event: 5.790 GC heap after
{Heap after GC invocations=10 (full 0):
 garbage-first heap   total 103424K, used 49632K [0x0000000080000000, 0x0000000100000000)
  region size 1024K, 5 young (5120K), 5 survivors (5120K)
 Metaspace       used 34035K, committed 34496K, reserved 1114112K
  class space    used 4725K, committed 4928K, reserved 1048576K
}
Event: 5.995 GC heap before
{Heap before GC invocations=10 (full 0):
 garbage-first heap   total 103424K, used 59872K [0x0000000080000000, 0x0000000100000000)
  region size 1024K, 16 young (16384K), 5 survivors (5120K)
 Metaspace       used 35648K, committed 35968K, reserved 1114112K
  class space    used 4961K, committed 5120K, reserved 1048576K
}
Event: 5.997 GC heap after
{Heap after GC invocations=11 (full 0):
 garbage-first heap   total 103424K, used 50052K [0x0000000080000000, 0x0000000100000000)
  region size 1024K, 1 young (1024K), 1 survivors (1024K)
 Metaspace       used 35648K, committed 35968K, reserved 1114112K
  class space    used 4961K, committed 5120K, reserved 1048576K
}
Event: 6.842 GC heap before
{Heap before GC invocations=12 (full 0):
 garbage-first heap   total 103424K, used 80772K [0x0000000080000000, 0x0000000100000000)
  region size 1024K, 32 young (32768K), 1 survivors (1024K)
 Metaspace       used 42464K, committed 42880K, reserved 1114112K
  class space    used 5702K, committed 5888K, reserved 1048576K
}
Event: 6.847 GC heap after
{Heap after GC invocations=13 (full 0):
 garbage-first heap   total 103424K, used 53564K [0x0000000080000000, 0x0000000100000000)
  region size 1024K, 4 young (4096K), 4 survivors (4096K)
 Metaspace       used 42464K, committed 42880K, reserved 1114112K
  class space    used 5702K, committed 5888K, reserved 1048576K
}
Event: 6.862 GC heap before
{Heap before GC invocations=13 (full 0):
 garbage-first heap   total 103424K, used 54588K [0x0000000080000000, 0x0000000100000000)
  region size 1024K, 5 young (5120K), 4 survivors (4096K)
 Metaspace       used 42482K, committed 42880K, reserved 1114112K
  class space    used 5702K, committed 5888K, reserved 1048576K
}
Event: 6.867 GC heap after
{Heap after GC invocations=14 (full 0):
 garbage-first heap   total 103424K, used 52794K [0x0000000080000000, 0x0000000100000000)
  region size 1024K, 1 young (1024K), 1 survivors (1024K)
 Metaspace       used 42482K, committed 42880K, reserved 1114112K
  class space    used 5702K, committed 5888K, reserved 1048576K
}
Event: 7.052 GC heap before
{Heap before GC invocations=14 (full 0):
 garbage-first heap   total 103424K, used 72250K [0x0000000080000000, 0x0000000100000000)
  region size 1024K, 22 young (22528K), 1 survivors (1024K)
 Metaspace       used 42980K, committed 43392K, reserved 1114112K
  class space    used 5750K, committed 5952K, reserved 1048576K
}
Event: 7.054 GC heap after
{Heap after GC invocations=15 (full 0):
 garbage-first heap   total 103424K, used 55934K [0x0000000080000000, 0x0000000100000000)
  region size 1024K, 4 young (4096K), 4 survivors (4096K)
 Metaspace       used 42980K, committed 43392K, reserved 1114112K
  class space    used 5750K, committed 5952K, reserved 1048576K
}
Event: 7.635 GC heap before
{Heap before GC invocations=16 (full 0):
 garbage-first heap   total 106496K, used 85630K [0x0000000080000000, 0x0000000100000000)
  region size 1024K, 29 young (29696K), 4 survivors (4096K)
 Metaspace       used 46481K, committed 46912K, reserved 1114112K
  class space    used 6190K, committed 6400K, reserved 1048576K
}
Event: 7.640 GC heap after
{Heap after GC invocations=17 (full 0):
 garbage-first heap   total 106496K, used 57241K [0x0000000080000000, 0x0000000100000000)
  region size 1024K, 2 young (2048K), 2 survivors (2048K)
 Metaspace       used 46481K, committed 46912K, reserved 1114112K
  class space    used 6190K, committed 6400K, reserved 1048576K
}
Event: 7.992 GC heap before
{Heap before GC invocations=17 (full 0):
 garbage-first heap   total 106496K, used 71577K [0x0000000080000000, 0x0000000100000000)
  region size 1024K, 17 young (17408K), 2 survivors (2048K)
 Metaspace       used 47413K, committed 47936K, reserved 1114112K
  class space    used 6335K, committed 6592K, reserved 1048576K
}
Event: 7.997 GC heap after
{Heap after GC invocations=18 (full 0):
 garbage-first heap   total 106496K, used 59316K [0x0000000080000000, 0x0000000100000000)
  region size 1024K, 4 young (4096K), 4 survivors (4096K)
 Metaspace       used 47413K, committed 47936K, reserved 1114112K
  class space    used 6335K, committed 6592K, reserved 1048576K
}
Event: 8.102 GC heap before
{Heap before GC invocations=19 (full 0):
 garbage-first heap   total 109568K, used 65460K [0x0000000080000000, 0x0000000100000000)
  region size 1024K, 9 young (9216K), 4 survivors (4096K)
 Metaspace       used 47734K, committed 48192K, reserved 1114112K
  class space    used 6359K, committed 6592K, reserved 1048576K
}
Event: 8.105 GC heap after
{Heap after GC invocations=20 (full 0):
 garbage-first heap   total 109568K, used 63986K [0x0000000080000000, 0x0000000100000000)
  region size 1024K, 2 young (2048K), 2 survivors (2048K)
 Metaspace       used 47734K, committed 48192K, reserved 1114112K
  class space    used 6359K, committed 6592K, reserved 1048576K
}
Event: 8.720 GC heap before
{Heap before GC invocations=21 (full 0):
 garbage-first heap   total 112640K, used 88562K [0x0000000080000000, 0x0000000100000000)
  region size 1024K, 24 young (24576K), 2 survivors (2048K)
 Metaspace       used 50199K, committed 50688K, reserved 1114112K
  class space    used 6618K, committed 6848K, reserved 1048576K
}
Event: 8.724 GC heap after
{Heap after GC invocations=22 (full 0):
 garbage-first heap   total 112640K, used 64860K [0x0000000080000000, 0x0000000100000000)
  region size 1024K, 3 young (3072K), 3 survivors (3072K)
 Metaspace       used 50199K, committed 50688K, reserved 1114112K
  class space    used 6618K, committed 6848K, reserved 1048576K
}

Dll operation events (3 events):
Event: 0.009 Loaded shared library C:\Program Files\Android\Android Studio\jbr\bin\java.dll
Event: 0.176 Loaded shared library C:\Program Files\Android\Android Studio\jbr\bin\zip.dll
Event: 0.659 Loaded shared library C:\Program Files\Android\Android Studio\jbr\bin\verify.dll

Deoptimization events (20 events):
Event: 7.987 Thread 0x000001e1cf6b68a0 Uncommon trap: trap_request=0xffffffde fr.pc=0x000001e1bab9ba10 relative=0x0000000000000c90
Event: 7.987 Thread 0x000001e1cf6b68a0 Uncommon trap: reason=class_check action=maybe_recompile pc=0x000001e1bab9ba10 method=org.codehaus.groovy.reflection.ParameterTypes.getParametersTypes0()V @ 16 c2
Event: 7.987 Thread 0x000001e1cf6b68a0 DEOPT PACKING pc=0x000001e1bab9ba10 sp=0x00000053999f8c40
Event: 7.987 Thread 0x000001e1cf6b68a0 DEOPT UNPACKING pc=0x000001e1ba3a69a3 sp=0x00000053999f8bc8 mode 2
Event: 8.204 Thread 0x000001e1cf6b68a0 Uncommon trap: trap_request=0xffffff76 fr.pc=0x000001e1bab73e68 relative=0x00000000000001a8
Event: 8.204 Thread 0x000001e1cf6b68a0 Uncommon trap: reason=predicate action=maybe_recompile pc=0x000001e1bab73e68 method=java.util.Arrays.binarySearch0([Ljava/lang/Object;IILjava/lang/Object;Ljava/util/Comparator;)I @ 25 c2
Event: 8.204 Thread 0x000001e1cf6b68a0 DEOPT PACKING pc=0x000001e1bab73e68 sp=0x00000053999f7140
Event: 8.204 Thread 0x000001e1cf6b68a0 DEOPT UNPACKING pc=0x000001e1ba3a69a3 sp=0x00000053999f7038 mode 2
Event: 8.204 Thread 0x000001e1cf6b68a0 Uncommon trap: trap_request=0xffffff76 fr.pc=0x000001e1bab745e8 relative=0x00000000000001a8
Event: 8.204 Thread 0x000001e1cf6b68a0 Uncommon trap: reason=predicate action=maybe_recompile pc=0x000001e1bab745e8 method=java.util.Arrays.binarySearch0([Ljava/lang/Object;IILjava/lang/Object;Ljava/util/Comparator;)I @ 25 c2
Event: 8.204 Thread 0x000001e1cf6b68a0 DEOPT PACKING pc=0x000001e1bab745e8 sp=0x00000053999f70a0
Event: 8.204 Thread 0x000001e1cf6b68a0 DEOPT UNPACKING pc=0x000001e1ba3a69a3 sp=0x00000053999f7030 mode 2
Event: 8.613 Thread 0x000001e1cf6b68a0 Uncommon trap: trap_request=0xffffff45 fr.pc=0x000001e1baa13ae0 relative=0x0000000000007a00
Event: 8.613 Thread 0x000001e1cf6b68a0 Uncommon trap: reason=unstable_if action=reinterpret pc=0x000001e1baa13ae0 method=jdk.internal.org.objectweb.asm.Frame.execute(IILjdk/internal/org/objectweb/asm/Symbol;Ljdk/internal/org/objectweb/asm/SymbolTable;)V @ 1 c2
Event: 8.613 Thread 0x000001e1cf6b68a0 DEOPT PACKING pc=0x000001e1baa13ae0 sp=0x00000053999f9460
Event: 8.613 Thread 0x000001e1cf6b68a0 DEOPT UNPACKING pc=0x000001e1ba3a69a3 sp=0x00000053999f9418 mode 2
Event: 8.706 Thread 0x000001e1cf6b68a0 Uncommon trap: trap_request=0xffffffcc fr.pc=0x000001e1babcb18c relative=0x000000000000550c
Event: 8.706 Thread 0x000001e1cf6b68a0 Uncommon trap: reason=intrinsic_or_type_checked_inlining action=make_not_entrant pc=0x000001e1babcb18c method=java.util.ArrayList$SubList.toArray([Ljava/lang/Object;)[Ljava/lang/Object; @ 58 c2
Event: 8.706 Thread 0x000001e1cf6b68a0 DEOPT PACKING pc=0x000001e1babcb18c sp=0x00000053999f8d10
Event: 8.706 Thread 0x000001e1cf6b68a0 DEOPT UNPACKING pc=0x000001e1ba3a69a3 sp=0x00000053999f8ca8 mode 2

Classes unloaded (0 events):
No events

Classes redefined (0 events):
No events

Internal exceptions (20 events):
Event: 8.489 Thread 0x000001e1cf6b68a0 Exception <a 'java/lang/NoSuchMethodError'{0x0000000085d62b48}: 'java.lang.Object java.lang.invoke.DirectMethodHandle$Holder.newInvokeSpecial(java.lang.Object, java.lang.Object, int, int)'> (0x0000000085d62b48) 
thrown [s\src\hotspot\share\interpreter\linkResolver.cpp, line 771]
Event: 8.509 Thread 0x000001e1cf6b68a0 Exception <a 'sun/nio/fs/WindowsException'{0x0000000085dd4a18}> (0x0000000085dd4a18) 
thrown [s\src\hotspot\share\prims\jni.cpp, line 517]
Event: 8.510 Thread 0x000001e1cf6b68a0 Exception <a 'sun/nio/fs/WindowsException'{0x0000000085dd64d0}> (0x0000000085dd64d0) 
thrown [s\src\hotspot\share\prims\jni.cpp, line 517]
Event: 8.513 Thread 0x000001e1cf6b68a0 Exception <a 'sun/nio/fs/WindowsException'{0x0000000085dd7cf0}> (0x0000000085dd7cf0) 
thrown [s\src\hotspot\share\prims\jni.cpp, line 517]
Event: 8.515 Thread 0x000001e1cf6b68a0 Exception <a 'sun/nio/fs/WindowsException'{0x0000000085dd9530}> (0x0000000085dd9530) 
thrown [s\src\hotspot\share\prims\jni.cpp, line 517]
Event: 8.518 Thread 0x000001e1cf6b68a0 Exception <a 'java/lang/NoSuchMethodError'{0x0000000085deb458}: 'java.lang.Object java.lang.invoke.Invokers$Holder.invoker(java.lang.Object, java.lang.Object, java.lang.Object, java.lang.Object, java.lang.Object, java.lang.Object, java.lang.Object, java.lang.Object, java.lang.Object)'> (0x0000000085deb458) 
thrown [s\src\hotspot\share\interpreter\linkResolver.cpp, line 771]
Event: 8.556 Thread 0x000001e1cf6b68a0 Exception <a 'java/lang/NoSuchMethodError'{0x0000000085ca19d0}: 'java.lang.Object java.lang.invoke.Invokers$Holder.invoker(java.lang.Object, java.lang.Object, java.lang.Object, java.lang.Object)'> (0x0000000085ca19d0) 
thrown [s\src\hotspot\share\interpreter\linkResolver.cpp, line 771]
Event: 8.591 Thread 0x000001e1cf6b68a0 Exception <a 'java/lang/NoSuchMethodError'{0x0000000085b50a30}: 'java.lang.Object java.lang.invoke.DelegatingMethodHandle$Holder.reinvoke_L(java.lang.Object, java.lang.Object, java.lang.Object, java.lang.Object, java.lang.Object, java.lang.Object, java.lang.Object, java.lang.Object, java.lang.Object, java.lang.Object, java.lang.Object, java.lang.Object, java.lang.Object, java.lang.Object, java.lang.Object, java.lang.Object, java.lang.Object, java.lang.Object, java.lang.Object, java.lang.Object, java.lang.O
Event: 8.593 Thread 0x000001e1cf6b68a0 Exception <a 'java/lang/NoSuchMethodError'{0x0000000085b5bf48}: 'java.lang.Object java.lang.invoke.Invokers$Holder.invoker(java.lang.Object, java.lang.Object, java.lang.Object, java.lang.Object, java.lang.Object, java.lang.Object, java.lang.Object, java.lang.Object, java.lang.Object, java.lang.Object, java.lang.Object, java.lang.Object, java.lang.Object, java.lang.Object, java.lang.Object, java.lang.Object, java.lang.Object, java.lang.Object, java.lang.Object, java.lang.Object, java.lang.Object, java.lang.
Event: 8.593 Thread 0x000001e1cf6b68a0 Exception <a 'java/lang/NoSuchMethodError'{0x0000000085b62b50}: 'java.lang.Object java.lang.invoke.DelegatingMethodHandle$Holder.delegate(java.lang.Object, java.lang.Object, java.lang.Object, java.lang.Object, java.lang.Object, java.lang.Object, java.lang.Object, java.lang.Object, java.lang.Object, java.lang.Object, java.lang.Object, java.lang.Object, java.lang.Object, java.lang.Object, java.lang.Object, java.lang.Object, java.lang.Object, java.lang.Object, java.lang.Object, java.lang.Object, java.lang.Obj
Event: 8.614 Thread 0x000001e1cf6b68a0 Exception <a 'java/lang/NoSuchMethodError'{0x0000000085bec930}: 'java.lang.Object java.lang.invoke.DirectMethodHandle$Holder.invokeStatic(java.lang.Object, java.lang.Object, java.lang.Object, java.lang.Object, java.lang.Object, java.lang.Object, java.lang.Object, java.lang.Object, java.lang.Object, java.lang.Object, java.lang.Object, java.lang.Object, java.lang.Object, java.lang.Object, java.lang.Object, java.lang.Object, java.lang.Object)'> (0x0000000085bec930) 
thrown [s\src\hotspot\share\interpreter\lin
Event: 8.617 Thread 0x000001e1cf6b68a0 Exception <a 'java/lang/NoSuchMethodError'{0x0000000085a162b0}: 'java.lang.Object java.lang.invoke.DirectMethodHandle$Holder.invokeStatic(java.lang.Object, java.lang.Object, java.lang.Object, java.lang.Object, java.lang.Object, java.lang.Object, java.lang.Object, java.lang.Object, java.lang.Object, java.lang.Object, java.lang.Object, java.lang.Object, java.lang.Object, java.lang.Object, java.lang.Object, java.lang.Object, java.lang.Object, java.lang.Object)'> (0x0000000085a162b0) 
thrown [s\src\hotspot\sha
Event: 8.620 Thread 0x000001e1cf6b68a0 Exception <a 'java/lang/NoSuchMethodError'{0x0000000085a407c8}: 'java.lang.Object java.lang.invoke.DirectMethodHandle$Holder.invokeStatic(java.lang.Object, java.lang.Object, java.lang.Object, java.lang.Object, java.lang.Object, java.lang.Object, java.lang.Object, java.lang.Object, java.lang.Object, java.lang.Object, java.lang.Object, java.lang.Object, java.lang.Object, java.lang.Object, java.lang.Object, java.lang.Object, java.lang.Object, java.lang.Object, java.lang.Object)'> (0x0000000085a407c8) 
thrown 
Event: 8.622 Thread 0x000001e1cf6b68a0 Exception <a 'java/lang/NoSuchMethodError'{0x0000000085a6c030}: 'java.lang.Object java.lang.invoke.DirectMethodHandle$Holder.invokeStatic(java.lang.Object, java.lang.Object, java.lang.Object, java.lang.Object, java.lang.Object, java.lang.Object, java.lang.Object, java.lang.Object, java.lang.Object, java.lang.Object, java.lang.Object, java.lang.Object, java.lang.Object, java.lang.Object, java.lang.Object, java.lang.Object, java.lang.Object, java.lang.Object, java.lang.Object, java.lang.Object)'> (0x00000000
Event: 8.625 Thread 0x000001e1cf6b68a0 Exception <a 'java/lang/NoSuchMethodError'{0x0000000085a98340}: 'java.lang.Object java.lang.invoke.DirectMethodHandle$Holder.invokeStatic(java.lang.Object, java.lang.Object, java.lang.Object, java.lang.Object, java.lang.Object, java.lang.Object, java.lang.Object, java.lang.Object, java.lang.Object, java.lang.Object, java.lang.Object, java.lang.Object, java.lang.Object, java.lang.Object, java.lang.Object, java.lang.Object, java.lang.Object, java.lang.Object, java.lang.Object, java.lang.Object, java.lang.Obj
Event: 8.630 Thread 0x000001e1cf6b68a0 Exception <a 'java/lang/NoSuchMethodError'{0x0000000085ac50c8}: 'java.lang.Object java.lang.invoke.DirectMethodHandle$Holder.invokeStatic(java.lang.Object, java.lang.Object, java.lang.Object, java.lang.Object, java.lang.Object, java.lang.Object, java.lang.Object, java.lang.Object, java.lang.Object, java.lang.Object, java.lang.Object, java.lang.Object, java.lang.Object, java.lang.Object, java.lang.Object, java.lang.Object, java.lang.Object, java.lang.Object, java.lang.Object, java.lang.Object, java.lang.Obj
Event: 8.634 Thread 0x000001e1cf6b68a0 Exception <a 'java/lang/NoSuchMethodError'{0x0000000085af32d8}: 'java.lang.Object java.lang.invoke.DirectMethodHandle$Holder.invokeStatic(java.lang.Object, java.lang.Object, java.lang.Object, java.lang.Object, java.lang.Object, java.lang.Object, java.lang.Object, java.lang.Object, java.lang.Object, java.lang.Object, java.lang.Object, java.lang.Object, java.lang.Object, java.lang.Object, java.lang.Object, java.lang.Object, java.lang.Object, java.lang.Object, java.lang.Object, java.lang.Object, java.lang.Obj
Event: 8.637 Thread 0x000001e1cf6b68a0 Exception <a 'java/lang/NoSuchMethodError'{0x00000000859235d8}: 'java.lang.Object java.lang.invoke.DirectMethodHandle$Holder.invokeStatic(java.lang.Object, java.lang.Object, java.lang.Object, java.lang.Object, java.lang.Object, java.lang.Object, java.lang.Object, java.lang.Object, java.lang.Object, java.lang.Object, java.lang.Object, java.lang.Object, java.lang.Object, java.lang.Object, java.lang.Object, java.lang.Object, java.lang.Object, java.lang.Object, java.lang.Object, java.lang.Object, java.lang.Obj
Event: 8.640 Thread 0x000001e1cf6b68a0 Exception <a 'java/lang/NoSuchMethodError'{0x0000000085954c00}: 'java.lang.Object java.lang.invoke.DirectMethodHandle$Holder.invokeStatic(java.lang.Object, java.lang.Object, java.lang.Object, java.lang.Object, java.lang.Object, java.lang.Object, java.lang.Object, java.lang.Object, java.lang.Object, java.lang.Object, java.lang.Object, java.lang.Object, java.lang.Object, java.lang.Object, java.lang.Object, java.lang.Object, java.lang.Object, java.lang.Object, java.lang.Object, java.lang.Object, java.lang.Obj
Event: 8.874 Thread 0x000001e1cf6b68a0 Exception <a 'java/lang/IncompatibleClassChangeError'{0x0000000086570f08}: Found class java.lang.Object, but interface was expected> (0x0000000086570f08) 
thrown [s\src\hotspot\share\interpreter\linkResolver.cpp, line 838]

VM Operations (20 events):
Event: 7.634 Executing VM operation: G1CollectForAllocation
Event: 7.640 Executing VM operation: G1CollectForAllocation done
Event: 7.906 Executing VM operation: HandshakeAllThreads
Event: 7.906 Executing VM operation: HandshakeAllThreads done
Event: 7.992 Executing VM operation: G1TryInitiateConcMark
Event: 7.997 Executing VM operation: G1TryInitiateConcMark done
Event: 8.038 Executing VM operation: G1Concurrent
Event: 8.041 Executing VM operation: G1Concurrent done
Event: 8.057 Executing VM operation: G1Concurrent
Event: 8.057 Executing VM operation: G1Concurrent done
Event: 8.101 Executing VM operation: G1TryInitiateConcMark
Event: 8.105 Executing VM operation: G1TryInitiateConcMark done
Event: 8.147 Executing VM operation: G1Concurrent
Event: 8.150 Executing VM operation: G1Concurrent done
Event: 8.164 Executing VM operation: G1Concurrent
Event: 8.164 Executing VM operation: G1Concurrent done
Event: 8.720 Executing VM operation: G1CollectForAllocation
Event: 8.724 Executing VM operation: G1CollectForAllocation done
Event: 8.879 Executing VM operation: HandshakeAllThreads
Event: 8.880 Executing VM operation: HandshakeAllThreads done

Events (20 events):
Event: 8.611 loading class java/lang/invoke/BoundMethodHandle$Species_LLLLLLLLLLLLLL
Event: 8.611 loading class java/lang/invoke/BoundMethodHandle$Species_LLLLLLLLLLLLLL done
Event: 8.611 loading class java/lang/invoke/ClassSpecializer$Factory$1Var
Event: 8.611 loading class java/lang/invoke/ClassSpecializer$Factory$1Var done
Event: 8.616 loading class java/lang/invoke/BoundMethodHandle$Species_LLLLLLLLLLLLLLL
Event: 8.616 loading class java/lang/invoke/BoundMethodHandle$Species_LLLLLLLLLLLLLLL done
Event: 8.619 loading class java/lang/invoke/BoundMethodHandle$Species_LLLLLLLLLLLLLLLL
Event: 8.619 loading class java/lang/invoke/BoundMethodHandle$Species_LLLLLLLLLLLLLLLL done
Event: 8.621 loading class java/lang/invoke/BoundMethodHandle$Species_LLLLLLLLLLLLLLLLL
Event: 8.621 loading class java/lang/invoke/BoundMethodHandle$Species_LLLLLLLLLLLLLLLLL done
Event: 8.623 loading class java/lang/invoke/BoundMethodHandle$Species_LLLLLLLLLLLLLLLLLL
Event: 8.623 loading class java/lang/invoke/BoundMethodHandle$Species_LLLLLLLLLLLLLLLLLL done
Event: 8.628 loading class java/lang/invoke/BoundMethodHandle$Species_LLLLLLLLLLLLLLLLLLL
Event: 8.628 loading class java/lang/invoke/BoundMethodHandle$Species_LLLLLLLLLLLLLLLLLLL done
Event: 8.633 loading class java/lang/invoke/BoundMethodHandle$Species_LLLLLLLLLLLLLLLLLLLL
Event: 8.633 loading class java/lang/invoke/BoundMethodHandle$Species_LLLLLLLLLLLLLLLLLLLL done
Event: 8.636 loading class java/lang/invoke/BoundMethodHandle$Species_LLLLLLLLLLLLLLLLLLLLL
Event: 8.636 loading class java/lang/invoke/BoundMethodHandle$Species_LLLLLLLLLLLLLLLLLLLLL done
Event: 8.639 loading class java/lang/invoke/BoundMethodHandle$Species_LLLLLLLLLLLLLLLLLLLLLL
Event: 8.639 loading class java/lang/invoke/BoundMethodHandle$Species_LLLLLLLLLLLLLLLLLLLLLL done


Dynamic libraries:
0x00007ff71adc0000 - 0x00007ff71adca000 	C:\Program Files\Android\Android Studio\jbr\bin\java.exe
0x00007ffcb6f10000 - 0x00007ffcb7105000 	C:\WINDOWS\SYSTEM32\ntdll.dll
0x00007ffcb5b60000 - 0x00007ffcb5c1e000 	C:\WINDOWS\System32\KERNEL32.DLL
0x00007ffcb4bb0000 - 0x00007ffcb4e78000 	C:\WINDOWS\System32\KERNELBASE.dll
0x00007ffcb4ab0000 - 0x00007ffcb4bb0000 	C:\WINDOWS\System32\ucrtbase.dll
0x00007ffcad430000 - 0x00007ffcad447000 	C:\Program Files\Android\Android Studio\jbr\bin\jli.dll
0x00007ffcb6af0000 - 0x00007ffcb6c90000 	C:\WINDOWS\System32\USER32.dll
0x00007ffca1d20000 - 0x00007ffca1fba000 	C:\WINDOWS\WinSxS\amd64_microsoft.windows.common-controls_6595b64144ccf1df_6.0.19041.1110_none_60b5254171f9507e\COMCTL32.dll
0x00007ffcb4f10000 - 0x00007ffcb4f32000 	C:\WINDOWS\System32\win32u.dll
0x00007ffcb6a50000 - 0x00007ffcb6aee000 	C:\WINDOWS\System32\msvcrt.dll
0x00007ffcb5e00000 - 0x00007ffcb5e2a000 	C:\WINDOWS\System32\GDI32.dll
0x00007ffc9eda0000 - 0x00007ffc9edbb000 	C:\Program Files\Android\Android Studio\jbr\bin\VCRUNTIME140.dll
0x00007ffcb4630000 - 0x00007ffcb473b000 	C:\WINDOWS\System32\gdi32full.dll
0x00007ffcb49c0000 - 0x00007ffcb4a5d000 	C:\WINDOWS\System32\msvcp_win.dll
0x00007ffcb68c0000 - 0x00007ffcb68f0000 	C:\WINDOWS\System32\IMM32.DLL
0x00007ffc9ed90000 - 0x00007ffc9ed9c000 	C:\Program Files\Android\Android Studio\jbr\bin\vcruntime140_1.dll
0x00007ffc7a530000 - 0x00007ffc7a5bd000 	C:\Program Files\Android\Android Studio\jbr\bin\msvcp140.dll
0x00007ffc41720000 - 0x00007ffc423a0000 	C:\Program Files\Android\Android Studio\jbr\bin\server\jvm.dll
0x00007ffcb5c20000 - 0x00007ffcb5cce000 	C:\WINDOWS\System32\ADVAPI32.dll
0x00007ffcb69b0000 - 0x00007ffcb6a4c000 	C:\WINDOWS\System32\sechost.dll
0x00007ffcb5cd0000 - 0x00007ffcb5df5000 	C:\WINDOWS\System32\RPCRT4.dll
0x00007ffc9f1a0000 - 0x00007ffc9f1a9000 	C:\WINDOWS\SYSTEM32\WSOCK32.dll
0x00007ffcaba10000 - 0x00007ffcaba1a000 	C:\WINDOWS\SYSTEM32\VERSION.dll
0x00007ffcaa040000 - 0x00007ffcaa067000 	C:\WINDOWS\SYSTEM32\WINMM.dll
0x00007ffcb5f50000 - 0x00007ffcb5fbb000 	C:\WINDOWS\System32\WS2_32.dll
0x00007ffcb2550000 - 0x00007ffcb2562000 	C:\WINDOWS\SYSTEM32\kernel.appcore.dll
0x00007ffcafbf0000 - 0x00007ffcafbfa000 	C:\Program Files\Android\Android Studio\jbr\bin\jimage.dll
0x00007ffc9e590000 - 0x00007ffc9e774000 	C:\WINDOWS\SYSTEM32\DBGHELP.DLL
0x00007ffc9da40000 - 0x00007ffc9da6c000 	C:\WINDOWS\SYSTEM32\dbgcore.DLL
0x00007ffcb4e80000 - 0x00007ffcb4f02000 	C:\WINDOWS\System32\bcryptPrimitives.dll
0x00007ffcaf5d0000 - 0x00007ffcaf5de000 	C:\Program Files\Android\Android Studio\jbr\bin\instrument.dll
0x00007ffcad540000 - 0x00007ffcad565000 	C:\Program Files\Android\Android Studio\jbr\bin\java.dll
0x00007ffcadc00000 - 0x00007ffcadc18000 	C:\Program Files\Android\Android Studio\jbr\bin\zip.dll
0x00007ffcb5050000 - 0x00007ffcb5794000 	C:\WINDOWS\System32\SHELL32.dll
0x00007ffcb2750000 - 0x00007ffcb2ee4000 	C:\WINDOWS\SYSTEM32\windows.storage.dll
0x00007ffcb5800000 - 0x00007ffcb5b54000 	C:\WINDOWS\System32\combase.dll
0x00007ffcb40a0000 - 0x00007ffcb40cc000 	C:\WINDOWS\SYSTEM32\Wldp.dll
0x00007ffcb6900000 - 0x00007ffcb69ad000 	C:\WINDOWS\System32\SHCORE.dll
0x00007ffcb4ff0000 - 0x00007ffcb5045000 	C:\WINDOWS\System32\shlwapi.dll
0x00007ffcb4570000 - 0x00007ffcb458f000 	C:\WINDOWS\SYSTEM32\profapi.dll
0x00007ffcad520000 - 0x00007ffcad539000 	C:\Program Files\Android\Android Studio\jbr\bin\net.dll
0x00007ffca92c0000 - 0x00007ffca93ca000 	C:\WINDOWS\SYSTEM32\WINHTTP.dll
0x00007ffcb3d90000 - 0x00007ffcb3dfa000 	C:\WINDOWS\system32\mswsock.dll
0x00007ffcad450000 - 0x00007ffcad466000 	C:\Program Files\Android\Android Studio\jbr\bin\nio.dll
0x00007ffcafbe0000 - 0x00007ffcafbf0000 	C:\Program Files\Android\Android Studio\jbr\bin\verify.dll
0x00007ffc9edc0000 - 0x00007ffc9ede7000 	C:\Users\Abel\.gradle\native\68d5fa5c4cc2d200863cafc0d521ce42e7d3e7ee720ec0a83991735586a16f82\windows-amd64\native-platform.dll
0x00007ffc7a3e0000 - 0x00007ffc7a524000 	C:\Users\Abel\.gradle\native\e376f236ea51e6404a007f0833ffe2c6e607c4080706a723a18a27aeea778392\windows-amd64\native-platform-file-events.dll
0x00007ffcaf810000 - 0x00007ffcaf819000 	C:\Program Files\Android\Android Studio\jbr\bin\management.dll
0x00007ffcaf700000 - 0x00007ffcaf70b000 	C:\Program Files\Android\Android Studio\jbr\bin\management_ext.dll
0x00007ffcb6720000 - 0x00007ffcb6728000 	C:\WINDOWS\System32\PSAPI.DLL
0x00007ffcb3f90000 - 0x00007ffcb3fa8000 	C:\WINDOWS\SYSTEM32\CRYPTSP.dll
0x00007ffcb36b0000 - 0x00007ffcb36e4000 	C:\WINDOWS\system32\rsaenh.dll
0x00007ffcb4f40000 - 0x00007ffcb4f67000 	C:\WINDOWS\System32\bcrypt.dll
0x00007ffcb4530000 - 0x00007ffcb455e000 	C:\WINDOWS\SYSTEM32\USERENV.dll
0x00007ffcb3f80000 - 0x00007ffcb3f8c000 	C:\WINDOWS\SYSTEM32\CRYPTBASE.dll
0x00007ffcb3a20000 - 0x00007ffcb3a5b000 	C:\WINDOWS\SYSTEM32\IPHLPAPI.DLL
0x00007ffcb68f0000 - 0x00007ffcb68f8000 	C:\WINDOWS\System32\NSI.dll
0x00007ffcac7c0000 - 0x00007ffcac7d7000 	C:\WINDOWS\SYSTEM32\dhcpcsvc6.DLL
0x00007ffcac7a0000 - 0x00007ffcac7bd000 	C:\WINDOWS\SYSTEM32\dhcpcsvc.DLL
0x00007ffcb3a60000 - 0x00007ffcb3b2b000 	C:\WINDOWS\SYSTEM32\DNSAPI.dll
0x00007ffc9cab0000 - 0x00007ffc9cab7000 	C:\WINDOWS\system32\wshunix.dll

dbghelp: loaded successfully - version: 4.0.5 - missing functions: none
symbol engine: initialized successfully - sym options: 0x614 - pdb path: .;C:\Program Files\Android\Android Studio\jbr\bin;C:\WINDOWS\SYSTEM32;C:\WINDOWS\WinSxS\amd64_microsoft.windows.common-controls_6595b64144ccf1df_6.0.19041.1110_none_60b5254171f9507e;C:\Program Files\Android\Android Studio\jbr\bin\server;C:\Users\Abel\.gradle\native\68d5fa5c4cc2d200863cafc0d521ce42e7d3e7ee720ec0a83991735586a16f82\windows-amd64;C:\Users\Abel\.gradle\native\e376f236ea51e6404a007f0833ffe2c6e607c4080706a723a18a27aeea778392\windows-amd64

VM Arguments:
jvm_args: --add-opens=java.base/java.util=ALL-UNNAMED --add-opens=java.base/java.lang=ALL-UNNAMED --add-opens=java.base/java.lang.invoke=ALL-UNNAMED --add-opens=java.prefs/java.util.prefs=ALL-UNNAMED --add-opens=java.base/java.nio.charset=ALL-UNNAMED --add-opens=java.base/java.net=ALL-UNNAMED --add-opens=java.base/java.util.concurrent.atomic=ALL-UNNAMED -Xmx2048m -Dfile.encoding=UTF-8 -Duser.country=ES -Duser.language=es -Duser.variant -javaagent:C:\Users\Abel\.gradle\wrapper\dists\gradle-8.2-bin\bbg7u40eoinfdyxsxr3z4i7ta\gradle-8.2\lib\agents\gradle-instrumentation-agent-8.2.jar 
java_command: org.gradle.launcher.daemon.bootstrap.GradleDaemon 8.2
java_class_path (initial): C:\Users\Abel\.gradle\wrapper\dists\gradle-8.2-bin\bbg7u40eoinfdyxsxr3z4i7ta\gradle-8.2\lib\gradle-launcher-8.2.jar
Launcher Type: SUN_STANDARD

[Global flags]
     intx CICompilerCount                          = 4                                         {product} {ergonomic}
     uint ConcGCThreads                            = 2                                         {product} {ergonomic}
     uint G1ConcRefinementThreads                  = 8                                         {product} {ergonomic}
   size_t G1HeapRegionSize                         = 1048576                                   {product} {ergonomic}
    uintx GCDrainStackTargetSize                   = 64                                        {product} {ergonomic}
   size_t InitialHeapSize                          = 134217728                                 {product} {ergonomic}
   size_t MarkStackSize                            = 4194304                                   {product} {ergonomic}
   size_t MaxHeapSize                              = 2147483648                                {product} {command line}
   size_t MaxNewSize                               = 1287651328                                {product} {ergonomic}
   size_t MinHeapDeltaBytes                        = 1048576                                   {product} {ergonomic}
   size_t MinHeapSize                              = 8388608                                   {product} {ergonomic}
    uintx NonNMethodCodeHeapSize                   = 5839372                                {pd product} {ergonomic}
    uintx NonProfiledCodeHeapSize                  = 122909434                              {pd product} {ergonomic}
    uintx ProfiledCodeHeapSize                     = 122909434                              {pd product} {ergonomic}
    uintx ReservedCodeCacheSize                    = 251658240                              {pd product} {ergonomic}
     bool SegmentedCodeCache                       = true                                      {product} {ergonomic}
   size_t SoftMaxHeapSize                          = 2147483648                             {manageable} {ergonomic}
     bool UseCompressedClassPointers               = true                           {product lp64_product} {ergonomic}
     bool UseCompressedOops                        = true                           {product lp64_product} {ergonomic}
     bool UseG1GC                                  = true                                      {product} {ergonomic}
     bool UseLargePagesIndividualAllocation        = false                                  {pd product} {ergonomic}

Logging:
Log output configuration:
 #0: stdout all=warning uptime,level,tags
 #1: stderr all=off uptime,level,tags

Environment Variables:
PATH=C:\Program Files\Common Files\Oracle\Java\javapath;C:\Program Files (x86)\Intel\iCLS Client\;C:\Program Files\Intel\iCLS Client\;C:\Windows\System32;C:\Windows;C:\Windows\System32\wbem;C:\Windows\System32\WindowsPowerShell\v1.0\;C:\Program Files (x86)\Intel\Intel(R) Management Engine Components\DAL;C:\Program Files\Intel\Intel(R) Management Engine Components\DAL;C:\Program Files (x86)\Intel\Intel(R) Management Engine Components\IPT;C:\Program Files\Intel\Intel(R) Management Engine Components\IPT;C:\Program Files (x86)\NVIDIA Corporation\PhysX\Common;C:\Program Files\Intel\WiFi\bin\;C:\Program Files\Common Files\Intel\WirelessCommon\;C:\Windows\System32;C:\Windows;C:\Windows\System32\wbem;C:\Windows\System32\WindowsPowerShell\v1.0\;C:\Windows\System32\OpenSSH\;C:\Program Files\Git\cmd;C:\Program Files\AutoFirma\AutoFirma;C:\Program Files\nodejs\;C:\Users\Abel\AppData\Roaming\npm;C:\Program Files\MySQL\MySQL Shell 8.0\bin\;C:\Program Files\MySQL\MySQL Server 8.0\bin\;C:\Users\Abel\AppData\Local\Microsoft\WindowsApps;C:\Packer;C:\Users\Abel\AppData\Local\Programs\Microsoft VS Code\bin;C:\Users\Abel\AppData\Roaming\npm
USERNAME=Abel
OS=Windows_NT
PROCESSOR_IDENTIFIER=Intel64 Family 6 Model 142 Stepping 10, GenuineIntel
TMP=C:\Users\Abel\AppData\Local\Temp
TEMP=C:\Users\Abel\AppData\Local\Temp


JNI global refs:
JNI global refs: 25, weak refs: 0

JNI global refs memory usage: 843, weak refs: 841

OOME stack traces (most recent first):
Classloader memory used:
Loader org.gradle.internal.classloader.VisitableURLClassLoader                         : 2978K
Loader bootstrap                                                                       : 2395K
Loader org.gradle.initialization.MixInLegacyTypesClassLoader                           : 686K
Loader org.gradle.internal.classloader.VisitableURLClassLoader$InstrumentingVisitableURLClassLoader: 75784B
Loader jdk.internal.loader.ClassLoaders$PlatformClassLoader                            : 66663B
Loader org.gradle.internal.classloader.VisitableURLClassLoader                         : 50797B
Loader jdk.internal.loader.ClassLoaders$AppClassLoader                                 : 28345B
Loader jdk.internal.reflect.DelegatingClassLoader                                      : 24577B
Loader org.gradle.groovy.scripts.internal.DefaultScriptCompilationHandler$ScriptClassLoader: 11322B
Loader org.codehaus.groovy.runtime.callsite.CallSiteClassLoader                        : 6360B

Classes loaded by more than one classloader:
Class org.gradle.api.GradleException                                                  : loaded 3 times (x 80B)
Class org.gradle.util.GradleVersion                                                   : loaded 2 times (x 81B)
Class org.jetbrains.plugins.gradle.model.MavenRepositoryModel                         : loaded 2 times (x 68B)
Class org.gradle.internal.classpath.ClassPath                                         : loaded 2 times (x 68B)
Class org.gradle.api.internal.classpath.DefaultModuleRegistry                         : loaded 2 times (x 84B)
Class com.intellij.openapi.externalSystem.model.ExternalSystemException               : loaded 2 times (x 84B)
Class org.gradle.api.Action                                                           : loaded 2 times (x 68B)
Class org.jetbrains.plugins.gradle.model.ExternalProject                              : loaded 2 times (x 68B)
Class org.gradle.api.internal.DefaultClassPathProvider                                : loaded 2 times (x 74B)
Class org.gradle.internal.installation.GradleInstallation$1                           : loaded 2 times (x 73B)
Class org.gradle.internal.exceptions.DefaultMultiCauseException                       : loaded 2 times (x 85B)
Class org.gradle.internal.time.MonotonicClock                                         : loaded 2 times (x 75B)
Class org.gradle.internal.classloader.FilteringClassLoader                            : loaded 2 times (x 102B)
Class org.gradle.tooling.model.Model                                                  : loaded 2 times (x 68B)
Class org.gradle.internal.classpath.DefaultClassPath$ImmutableUniqueList$Builder      : loaded 2 times (x 73B)
Class org.gradle.internal.classloader.ClassLoaderVisitor                              : loaded 2 times (x 74B)
Class org.gradle.internal.time.DefaultCountdownTimer                                  : loaded 2 times (x 86B)
Class org.gradle.internal.service.DefaultServiceLocator                               : loaded 2 times (x 81B)
Class org.gradle.internal.service.UnknownServiceException                             : loaded 2 times (x 81B)
Class org.gradle.internal.classloader.DefaultClassLoaderFactory                       : loaded 2 times (x 80B)
Class org.gradle.internal.classloader.VisitableURLClassLoader$Spec                    : loaded 2 times (x 72B)
Class org.gradle.tooling.model.ProjectModel                                           : loaded 2 times (x 68B)
Class org.gradle.internal.installation.GradleInstallation                             : loaded 2 times (x 73B)
Class org.gradle.api.internal.classpath.ModuleRegistry                                : loaded 2 times (x 68B)
Class org.jetbrains.plugins.gradle.model.RepositoriesModel                            : loaded 2 times (x 68B)
Class kotlin.jvm.internal.markers.KMappedMarker                                       : loaded 2 times (x 68B)
Class org.gradle.api.internal.ClassPathProvider                                       : loaded 2 times (x 68B)
Class org.gradle.internal.classloader.ClasspathUtil$1                                 : loaded 2 times (x 74B)
Class sync_studio_tooling_cnmsef83lpytg7n62c6w0800g$_run_closure1                     : loaded 2 times (x 134B)
Class org.gradle.internal.classloader.ClassLoaderFactory                              : loaded 2 times (x 68B)
Class org.gradle.api.internal.classpath.ManifestUtil                                  : loaded 2 times (x 69B)
Class org.gradle.api.specs.Spec                                                       : loaded 2 times (x 68B)
Class org.gradle.internal.IoActions                                                   : loaded 2 times (x 69B)
Class org.gradle.api.internal.classpath.EffectiveClassPath                            : loaded 2 times (x 88B)
Class org.gradle.internal.installation.CurrentGradleInstallation                      : loaded 2 times (x 71B)
Class org.gradle.internal.agents.InstrumentingClassLoader                             : loaded 2 times (x 68B)
Class org.gradle.internal.installation.CurrentGradleInstallationLocator               : loaded 2 times (x 69B)
Class org.gradle.api.internal.classpath.Module                                        : loaded 2 times (x 68B)
Class org.gradle.internal.service.CachingServiceLocator                               : loaded 2 times (x 80B)
Class org.gradle.internal.time.Timer                                                  : loaded 2 times (x 68B)
Class org.gradle.internal.classpath.DefaultClassPath                                  : loaded 2 times (x 88B)
Class kotlin.jvm.functions.Function1                                                  : loaded 2 times (x 68B)
Class org.gradle.internal.time.Time                                                   : loaded 2 times (x 69B)
Class org.gradle.internal.time.TimeSource$1                                           : loaded 2 times (x 75B)
Class org.gradle.internal.classloader.SystemClassLoaderSpec                           : loaded 2 times (x 69B)
Class kotlin.Function                                                                 : loaded 2 times (x 68B)
Class org.gradle.api.UncheckedIOException                                             : loaded 2 times (x 80B)
Class org.gradle.internal.time.CountdownTimer                                         : loaded 2 times (x 68B)
Class org.gradle.internal.time.Clock                                                  : loaded 2 times (x 68B)
Class org.gradle.internal.classloader.ClasspathUtil                                   : loaded 2 times (x 69B)
Class org.gradle.api.internal.DefaultClassPathRegistry                                : loaded 2 times (x 74B)
Class org.gradle.api.internal.classpath.DefaultModuleRegistry$DefaultModule           : loaded 2 times (x 84B)
Class sync_studio_tooling_cnmsef83lpytg7n62c6w0800g                                   : loaded 2 times (x 177B)
Class ijinit_56dj9tgjptxk8eb29ctwrixru                                                : loaded 2 times (x 177B)
Class org.gradle.internal.time.TimeSource                                             : loaded 2 times (x 68B)
Class org.gradle.api.internal.classpath.UnknownModuleException                        : loaded 2 times (x 80B)
Class org.gradle.internal.service.ServiceLookupException                              : loaded 2 times (x 80B)
Class org.gradle.cache.GlobalCache                                                    : loaded 2 times (x 68B)
Class [Lorg.gradle.api.internal.ClassPathProvider;                                    : loaded 2 times (x 67B)
Class org.gradle.internal.operations.MultipleBuildOperationFailures                   : loaded 2 times (x 85B)
Class org.gradle.util.internal.GUtil                                                  : loaded 2 times (x 69B)
Class org.gradle.internal.classloader.ClassLoaderSpec                                 : loaded 2 times (x 69B)
Class org.gradle.internal.classloader.VisitableURLClassLoader                         : loaded 2 times (x 114B)
Class org.gradle.internal.Cast                                                        : loaded 2 times (x 69B)
Class org.gradle.api.internal.ClassPathRegistry                                       : loaded 2 times (x 68B)
Class org.gradle.internal.classloader.VisitableURLClassLoader$InstrumentingVisitableURLClassLoader: loaded 2 times (x 120B)
Class org.gradle.internal.classloader.ClassLoaderHierarchy                            : loaded 2 times (x 68B)
Class org.gradle.internal.exceptions.MultiCauseException                              : loaded 2 times (x 68B)
Class org.gradle.internal.InternalTransformer                                         : loaded 2 times (x 68B)
Class org.gradle.internal.service.ServiceLocator                                      : loaded 2 times (x 68B)
Class org.gradle.internal.classpath.DefaultClassPath$ImmutableUniqueList              : loaded 2 times (x 159B)
Class org.gradle.internal.time.DefaultTimer                                           : loaded 2 times (x 78B)
Class org.gradle.internal.classpath.TransformedClassPath                              : loaded 2 times (x 94B)


---------------  S Y S T E M  ---------------

OS:
 Windows 10 , 64 bit Build 19041 (10.0.19041.1645)
OS uptime: 7 days 17:31 hours

CPU: total 8 (initial active 8) (4 cores per cpu, 2 threads per core) family 6 model 142 stepping 10 microcode 0xb4, cx8, cmov, fxsr, ht, mmx, 3dnowpref, sse, sse2, sse3, ssse3, sse4.1, sse4.2, popcnt, lzcnt, tsc, tscinvbit, avx, avx2, aes, erms, clmul, bmi1, bmi2, adx, fma, vzeroupper, clflush, clflushopt

Memory: 4k page, system-wide physical 8101M (1356M free)
TotalPageFile size 9581M (AvailPageFile size 4M)
current process WorkingSet (physical memory assigned to process): 286M, peak: 297M
current process commit charge ("private bytes"): 320M, peak: 334M

vm_info: OpenJDK 64-Bit Server VM (17.0.7+0-b2043.56-10550314) for windows-amd64 JRE (17.0.7+0-b2043.56-10550314), built on Jul 24 2023 18:27:45 by "androidbuild" with MS VC++ 16.10 / 16.11 (VS2019)

END.
