#
# There is insufficient memory for the Java Runtime Environment to continue.
# Native memory allocation (malloc) failed to allocate 2149296 bytes for Chunk::new
# Possible reasons:
#   The system is out of physical RAM or swap space
#   The process is running with CompressedOops enabled, and the Java Heap may be blocking the growth of the native heap
# Possible solutions:
#   Reduce memory load on the system
#   Increase physical memory or swap space
#   Check if swap backing store is full
#   Decrease Java heap size (-Xmx/-Xms)
#   Decrease number of Java threads
#   Decrease Java thread stack sizes (-Xss)
#   Set larger code cache with -XX:ReservedCodeCacheSize=
#   JVM is running with Unscaled Compressed Oops mode in which the Java heap is
#     placed in the first 4GB address space. The Java Heap base address is the
#     maximum limit for the native heap growth. Please use -XX:HeapBaseMinAddress
#     to set the Java Heap base and to place the Java Heap above 4GB virtual address.
# This output file may be truncated or incomplete.
#
#  Out of Memory Error (arena.cpp:189), pid=6300, tid=10688
#
# JRE version: OpenJDK Runtime Environment (17.0.7) (build 17.0.7+0-b2043.56-10550314)
# Java VM: OpenJDK 64-Bit Server VM (17.0.7+0-b2043.56-10550314, mixed mode, tiered, compressed oops, compressed class ptrs, g1 gc, windows-amd64)
# No core dump will be written. Minidumps are not enabled by default on client versions of Windows
#

---------------  S U M M A R Y ------------

Command Line: --add-opens=java.base/java.util=ALL-UNNAMED --add-opens=java.base/java.lang=ALL-UNNAMED --add-opens=java.base/java.lang.invoke=ALL-UNNAMED --add-opens=java.prefs/java.util.prefs=ALL-UNNAMED --add-opens=java.base/java.nio.charset=ALL-UNNAMED --add-opens=java.base/java.net=ALL-UNNAMED --add-opens=java.base/java.util.concurrent.atomic=ALL-UNNAMED -Xmx2048m -Dfile.encoding=UTF-8 -Duser.country=ES -Duser.language=es -Duser.variant -javaagent:C:\Users\Abel\.gradle\wrapper\dists\gradle-8.2-bin\bbg7u40eoinfdyxsxr3z4i7ta\gradle-8.2\lib\agents\gradle-instrumentation-agent-8.2.jar org.gradle.launcher.daemon.bootstrap.GradleDaemon 8.2

Host: Intel(R) Core(TM) i5-8250U CPU @ 1.60GHz, 8 cores, 7G,  Windows 10 , 64 bit Build 19041 (10.0.19041.1645)
Time: Tue Apr 23 04:56:34 2024 Hora de verano romance elapsed time: 10.042050 seconds (0d 0h 0m 10s)

---------------  T H R E A D  ---------------

Current thread (0x00000156b7d9e400):  JavaThread "C2 CompilerThread1" daemon [_thread_in_native, id=10688, stack(0x00000053ce800000,0x00000053ce900000)]


Current CompileTask:
C2:  10042 4389       4       org.gradle.internal.service.DefaultServiceRegistry$OwnServices::getService (309 bytes)

Stack: [0x00000053ce800000,0x00000053ce900000]
Native frames: (J=compiled Java code, j=interpreted, Vv=VM code, C=native code)
V  [jvm.dll+0x683bfa]
V  [jvm.dll+0x8430a4]
V  [jvm.dll+0x8449be]
V  [jvm.dll+0x845023]
V  [jvm.dll+0x24ad2f]
V  [jvm.dll+0xac25c]
V  [jvm.dll+0xac82c]
V  [jvm.dll+0x36a132]
V  [jvm.dll+0x334821]
V  [jvm.dll+0x333cca]
V  [jvm.dll+0x21d251]
V  [jvm.dll+0x21c671]
V  [jvm.dll+0x1a605d]
V  [jvm.dll+0x22c148]
V  [jvm.dll+0x22a209]
V  [jvm.dll+0x7f858c]
V  [jvm.dll+0x7f2aea]
V  [jvm.dll+0x682a35]
C  [ucrtbase.dll+0x21bb2]
C  [KERNEL32.DLL+0x17034]
C  [ntdll.dll+0x52651]


---------------  P R O C E S S  ---------------

Threads class SMR info:
_java_thread_list=0x00000156b6dceac0, length=45, elements={
0x0000015696a4f400, 0x00000156b08e5620, 0x00000156b08e6620, 0x00000156b0b5d020,
0x00000156b0b5f500, 0x00000156b0b5fdc0, 0x00000156b0b68a90, 0x00000156b0b6d660,
0x00000156b0b6e830, 0x00000156b0b71140, 0x00000156b0c5e9b0, 0x00000156b0db0f20,
0x00000156b710d480, 0x00000156b5fbb270, 0x00000156b7720330, 0x00000156b6507030,
0x00000156b7644070, 0x00000156b63b4310, 0x00000156b63b2630, 0x00000156b63b12f0,
0x00000156b63b2160, 0x00000156b63b3e40, 0x00000156b63b17c0, 0x00000156b63b1c90,
0x00000156b63b47e0, 0x00000156b63b2b00, 0x00000156b63b2fd0, 0x00000156b63b0e20,
0x00000156b63b34a0, 0x00000156b63b3970, 0x00000156b77216c0, 0x00000156b7725080,
0x00000156b7722060, 0x00000156b7d9e400, 0x00000156b7725550, 0x00000156b7725a20,
0x00000156b7721b90, 0x00000156b7723870, 0x00000156b7724210, 0x00000156b7720850,
0x00000156b77263c0, 0x00000156b7720d20, 0x00000156b7727bd0, 0x00000156b77211f0,
0x00000156b7725ef0
}

Java Threads: ( => current thread )
  0x0000015696a4f400 JavaThread "main" [_thread_blocked, id=4516, stack(0x00000053cb800000,0x00000053cb900000)]
  0x00000156b08e5620 JavaThread "Reference Handler" daemon [_thread_blocked, id=14980, stack(0x00000053cbf00000,0x00000053cc000000)]
  0x00000156b08e6620 JavaThread "Finalizer" daemon [_thread_blocked, id=19052, stack(0x00000053cc000000,0x00000053cc100000)]
  0x00000156b0b5d020 JavaThread "Signal Dispatcher" daemon [_thread_blocked, id=1424, stack(0x00000053cc100000,0x00000053cc200000)]
  0x00000156b0b5f500 JavaThread "Attach Listener" daemon [_thread_blocked, id=15680, stack(0x00000053cc200000,0x00000053cc300000)]
  0x00000156b0b5fdc0 JavaThread "Service Thread" daemon [_thread_blocked, id=17700, stack(0x00000053cc300000,0x00000053cc400000)]
  0x00000156b0b68a90 JavaThread "Monitor Deflation Thread" daemon [_thread_blocked, id=18820, stack(0x00000053cc400000,0x00000053cc500000)]
  0x00000156b0b6d660 JavaThread "C2 CompilerThread0" daemon [_thread_in_native, id=19072, stack(0x00000053cc500000,0x00000053cc600000)]
  0x00000156b0b6e830 JavaThread "C1 CompilerThread0" daemon [_thread_blocked, id=8180, stack(0x00000053cc600000,0x00000053cc700000)]
  0x00000156b0b71140 JavaThread "Sweeper thread" daemon [_thread_blocked, id=18700, stack(0x00000053cc700000,0x00000053cc800000)]
  0x00000156b0c5e9b0 JavaThread "Common-Cleaner" daemon [_thread_blocked, id=12108, stack(0x00000053cc800000,0x00000053cc900000)]
  0x00000156b0db0f20 JavaThread "Notification Thread" daemon [_thread_blocked, id=6328, stack(0x00000053cc900000,0x00000053cca00000)]
  0x00000156b710d480 JavaThread "Daemon health stats" [_thread_blocked, id=1224, stack(0x00000053cd000000,0x00000053cd100000)]
  0x00000156b5fbb270 JavaThread "Incoming local TCP Connector on port 2117" [_thread_in_native, id=19076, stack(0x00000053ccf00000,0x00000053cd000000)]
  0x00000156b7720330 JavaThread "Daemon periodic checks" [_thread_blocked, id=5448, stack(0x00000053cd100000,0x00000053cd200000)]
  0x00000156b6507030 JavaThread "Daemon" [_thread_blocked, id=17296, stack(0x00000053cd300000,0x00000053cd400000)]
  0x00000156b7644070 JavaThread "Handler for socket connection from /127.0.0.1:2117 to /127.0.0.1:2118" [_thread_in_native, id=13948, stack(0x00000053cd400000,0x00000053cd500000)]
  0x00000156b63b4310 JavaThread "Cancel handler" [_thread_blocked, id=11708, stack(0x00000053cd500000,0x00000053cd600000)]
  0x00000156b63b2630 JavaThread "Daemon worker" [_thread_in_Java, id=14600, stack(0x00000053cd600000,0x00000053cd700000)]
  0x00000156b63b12f0 JavaThread "Asynchronous log dispatcher for DefaultDaemonConnection: socket connection from /127.0.0.1:2117 to /127.0.0.1:2118" [_thread_blocked, id=17664, stack(0x00000053cd700000,0x00000053cd800000)]
  0x00000156b63b2160 JavaThread "Stdin handler" [_thread_blocked, id=16852, stack(0x00000053cd800000,0x00000053cd900000)]
  0x00000156b63b3e40 JavaThread "Daemon client event forwarder" [_thread_blocked, id=18340, stack(0x00000053cd900000,0x00000053cda00000)]
  0x00000156b63b17c0 JavaThread "Cache worker for journal cache (C:\Users\Abel\.gradle\caches\journal-1)" [_thread_blocked, id=13608, stack(0x00000053cdd00000,0x00000053cde00000)]
  0x00000156b63b1c90 JavaThread "File lock request listener" [_thread_in_native, id=15108, stack(0x00000053cde00000,0x00000053cdf00000)]
  0x00000156b63b47e0 JavaThread "Cache worker for file hash cache (C:\Users\Abel\.gradle\caches\8.2\fileHashes)" [_thread_blocked, id=12640, stack(0x00000053ce000000,0x00000053ce100000)]
  0x00000156b63b2b00 JavaThread "File watcher server" daemon [_thread_in_native, id=4300, stack(0x00000053ce100000,0x00000053ce200000)]
  0x00000156b63b2fd0 JavaThread "File watcher consumer" daemon [_thread_blocked, id=4696, stack(0x00000053ce200000,0x00000053ce300000)]
  0x00000156b63b0e20 JavaThread "Cache worker for checksums cache (G:\PROYECTOJUNIO\Virtuula\.gradle\8.2\checksums)" [_thread_blocked, id=11492, stack(0x00000053ce300000,0x00000053ce400000)]
  0x00000156b63b34a0 JavaThread "Cache worker for cache directory md-rule (C:\Users\Abel\.gradle\caches\8.2\md-rule)" [_thread_blocked, id=5576, stack(0x00000053cdf00000,0x00000053ce000000)]
  0x00000156b63b3970 JavaThread "Cache worker for file content cache (C:\Users\Abel\.gradle\caches\8.2\fileContent)" [_thread_blocked, id=6140, stack(0x00000053ce400000,0x00000053ce500000)]
  0x00000156b77216c0 JavaThread "Cache worker for file hash cache (G:\PROYECTOJUNIO\Virtuula\.gradle\8.2\fileHashes)" [_thread_blocked, id=3524, stack(0x00000053ce500000,0x00000053ce600000)]
  0x00000156b7725080 JavaThread "Cache worker for cache directory md-supplier (C:\Users\Abel\.gradle\caches\8.2\md-supplier)" [_thread_blocked, id=18192, stack(0x00000053ce600000,0x00000053ce700000)]
  0x00000156b7722060 JavaThread "Cache worker for execution history cache (C:\Users\Abel\.gradle\caches\8.2\executionHistory)" [_thread_blocked, id=8736, stack(0x00000053ce700000,0x00000053ce800000)]
=>0x00000156b7d9e400 JavaThread "C2 CompilerThread1" daemon [_thread_in_native, id=10688, stack(0x00000053ce800000,0x00000053ce900000)]
  0x00000156b7725550 JavaThread "jar transforms" [_thread_blocked, id=9804, stack(0x00000053cea00000,0x00000053ceb00000)]
  0x00000156b7725a20 JavaThread "jar transforms Thread 2" [_thread_blocked, id=5324, stack(0x00000053ceb00000,0x00000053cec00000)]
  0x00000156b7721b90 JavaThread "Cache worker for kotlin-dsl (C:\Users\Abel\.gradle\caches\8.2\kotlin-dsl)" [_thread_blocked, id=17840, stack(0x00000053cec00000,0x00000053ced00000)]
  0x00000156b7723870 JavaThread "jar transforms Thread 3" [_thread_blocked, id=15512, stack(0x00000053ced00000,0x00000053cee00000)]
  0x00000156b7724210 JavaThread "jar transforms Thread 4" [_thread_blocked, id=11392, stack(0x00000053cee00000,0x00000053cef00000)]
  0x00000156b7720850 JavaThread "jar transforms Thread 5" [_thread_blocked, id=6828, stack(0x00000053cef00000,0x00000053cf000000)]
  0x00000156b77263c0 JavaThread "jar transforms Thread 6" [_thread_blocked, id=1588, stack(0x00000053cf000000,0x00000053cf100000)]
  0x00000156b7720d20 JavaThread "Cache worker for dependencies-accessors (G:\PROYECTOJUNIO\Virtuula\.gradle\8.2\dependencies-accessors)" [_thread_blocked, id=1512, stack(0x00000053cf100000,0x00000053cf200000)]
  0x00000156b7727bd0 JavaThread "Cache worker for Build Output Cleanup Cache (G:\PROYECTOJUNIO\Virtuula\.gradle\buildOutputCleanup)" [_thread_blocked, id=3328, stack(0x00000053cf200000,0x00000053cf300000)]
  0x00000156b77211f0 JavaThread "jar transforms Thread 7" [_thread_blocked, id=18128, stack(0x00000053cf300000,0x00000053cf400000)]
  0x00000156b7725ef0 JavaThread "jar transforms Thread 8" [_thread_blocked, id=10092, stack(0x00000053cf400000,0x00000053cf500000)]

Other Threads:
  0x00000156b08be940 VMThread "VM Thread" [stack: 0x00000053cbe00000,0x00000053cbf00000] [id=5204]
  0x0000015696a501c0 WatcherThread [stack: 0x00000053cca00000,0x00000053ccb00000] [id=11084]
  0x0000015696aae140 GCTaskThread "GC Thread#0" [stack: 0x00000053cb900000,0x00000053cba00000] [id=18436]
  0x00000156b59d64a0 GCTaskThread "GC Thread#1" [stack: 0x00000053ccc00000,0x00000053ccd00000] [id=5260]
  0x00000156b551cad0 GCTaskThread "GC Thread#2" [stack: 0x00000053ccd00000,0x00000053cce00000] [id=12884]
  0x00000156b5a2b000 GCTaskThread "GC Thread#3" [stack: 0x00000053cce00000,0x00000053ccf00000] [id=16264]
  0x00000156b5e7e870 GCTaskThread "GC Thread#4" [stack: 0x00000053ccb00000,0x00000053ccc00000] [id=17156]
  0x00000156b67b0a90 GCTaskThread "GC Thread#5" [stack: 0x00000053cd200000,0x00000053cd300000] [id=11816]
  0x00000156b6ae0640 GCTaskThread "GC Thread#6" [stack: 0x00000053cda00000,0x00000053cdb00000] [id=18848]
  0x00000156b6a65970 GCTaskThread "GC Thread#7" [stack: 0x00000053cdb00000,0x00000053cdc00000] [id=8116]
  0x0000015696abef90 ConcurrentGCThread "G1 Main Marker" [stack: 0x00000053cba00000,0x00000053cbb00000] [id=18368]
  0x0000015696ac0050 ConcurrentGCThread "G1 Conc#0" [stack: 0x00000053cbb00000,0x00000053cbc00000] [id=18856]
  0x00000156b6efce40 ConcurrentGCThread "G1 Conc#1" [stack: 0x00000053cdc00000,0x00000053cdd00000] [id=16204]
  0x00000156b07224c0 ConcurrentGCThread "G1 Refine#0" [stack: 0x00000053cbc00000,0x00000053cbd00000] [id=15604]
  0x00000156b6c297d0 ConcurrentGCThread "G1 Refine#1" [stack: 0x00000053ce900000,0x00000053cea00000] [id=19204]
  0x0000015696b15cc0 ConcurrentGCThread "G1 Service" [stack: 0x00000053cbd00000,0x00000053cbe00000] [id=3540]

Threads with active compile tasks:
C2 CompilerThread0    10112 4374   !   4       java.lang.ClassLoader::loadClass (121 bytes)
C2 CompilerThread1    10112 4389       4       org.gradle.internal.service.DefaultServiceRegistry$OwnServices::getService (309 bytes)

VM state: not at safepoint (normal execution)

VM Mutex/Monitor currently owned by a thread: None

Heap address: 0x0000000080000000, size: 2048 MB, Compressed Oops mode: 32-bit

CDS archive(s) not mapped
Compressed class space mapped at: 0x0000000100000000-0x0000000140000000, reserved size: 1073741824
Narrow klass base: 0x0000000000000000, Narrow klass shift: 3, Narrow klass range: 0x140000000

GC Precious Log:
 CPUs: 8 total, 8 available
 Memory: 8101M
 Large Page Support: Disabled
 NUMA Support: Disabled
 Compressed Oops: Enabled (32-bit)
 Heap Region Size: 1M
 Heap Min Capacity: 8M
 Heap Initial Capacity: 128M
 Heap Max Capacity: 2G
 Pre-touch: Disabled
 Parallel Workers: 8
 Concurrent Workers: 2
 Concurrent Refinement Workers: 8
 Periodic GC: Disabled

Heap:
 garbage-first heap   total 82944K, used 36676K [0x0000000080000000, 0x0000000100000000)
  region size 1024K, 7 young (7168K), 4 survivors (4096K)
 Metaspace       used 52974K, committed 53440K, reserved 1114112K
  class space    used 7153K, committed 7360K, reserved 1048576K

Heap Regions: E=young(eden), S=young(survivor), O=old, HS=humongous(starts), HC=humongous(continues), CS=collection set, F=free, OA=open archive, CA=closed archive, TAMS=top-at-mark-start (previous, next)
|   0|0x0000000080000000, 0x0000000080100000, 0x0000000080100000|100%|HS|  |TAMS 0x0000000080100000, 0x0000000080000000| Complete 
|   1|0x0000000080100000, 0x0000000080200000, 0x0000000080200000|100%|HC|  |TAMS 0x0000000080200000, 0x0000000080100000| Complete 
|   2|0x0000000080200000, 0x0000000080300000, 0x0000000080300000|100%|HC|  |TAMS 0x0000000080300000, 0x0000000080200000| Complete 
|   3|0x0000000080300000, 0x0000000080400000, 0x0000000080400000|100%|HC|  |TAMS 0x0000000080400000, 0x0000000080300000| Complete 
|   4|0x0000000080400000, 0x0000000080500000, 0x0000000080500000|100%| O|  |TAMS 0x0000000080500000, 0x0000000080400000| Untracked 
|   5|0x0000000080500000, 0x0000000080600000, 0x0000000080600000|100%| O|  |TAMS 0x0000000080600000, 0x0000000080500000| Untracked 
|   6|0x0000000080600000, 0x0000000080700000, 0x0000000080700000|100%| O|  |TAMS 0x0000000080700000, 0x0000000080600000| Untracked 
|   7|0x0000000080700000, 0x0000000080800000, 0x0000000080800000|100%| O|  |TAMS 0x0000000080800000, 0x0000000080700000| Untracked 
|   8|0x0000000080800000, 0x0000000080900000, 0x0000000080900000|100%| O|  |TAMS 0x0000000080900000, 0x0000000080800000| Untracked 
|   9|0x0000000080900000, 0x0000000080a00000, 0x0000000080a00000|100%| O|  |TAMS 0x0000000080a00000, 0x0000000080900000| Untracked 
|  10|0x0000000080a00000, 0x0000000080b00000, 0x0000000080b00000|100%| O|  |TAMS 0x0000000080b00000, 0x0000000080a00000| Untracked 
|  11|0x0000000080b00000, 0x0000000080b8d400, 0x0000000080c00000| 55%| O|  |TAMS 0x0000000080b8d400, 0x0000000080b00000| Untracked 
|  12|0x0000000080c00000, 0x0000000080d00000, 0x0000000080d00000|100%| O|  |TAMS 0x0000000080d00000, 0x0000000080c00000| Untracked 
|  13|0x0000000080d00000, 0x0000000080e00000, 0x0000000080e00000|100%| O|  |TAMS 0x0000000080e00000, 0x0000000080d00000| Untracked 
|  14|0x0000000080e00000, 0x0000000080f00000, 0x0000000080f00000|100%| O|  |TAMS 0x0000000080f00000, 0x0000000080e00000| Untracked 
|  15|0x0000000080f00000, 0x0000000081000000, 0x0000000081000000|100%| O|  |TAMS 0x0000000081000000, 0x0000000080f00000| Untracked 
|  16|0x0000000081000000, 0x0000000081100000, 0x0000000081100000|100%| O|  |TAMS 0x0000000081100000, 0x0000000081000000| Untracked 
|  17|0x0000000081100000, 0x0000000081200000, 0x0000000081200000|100%| O|  |TAMS 0x0000000081200000, 0x0000000081100000| Untracked 
|  18|0x0000000081200000, 0x0000000081300000, 0x0000000081300000|100%| O|  |TAMS 0x0000000081300000, 0x0000000081200000| Untracked 
|  19|0x0000000081300000, 0x0000000081400000, 0x0000000081400000|100%| O|  |TAMS 0x0000000081400000, 0x0000000081300000| Untracked 
|  20|0x0000000081400000, 0x0000000081500000, 0x0000000081500000|100%| O|  |TAMS 0x000000008146a000, 0x0000000081400000| Untracked 
|  21|0x0000000081500000, 0x0000000081600000, 0x0000000081600000|100%| O|  |TAMS 0x0000000081500000, 0x0000000081500000| Untracked 
|  22|0x0000000081600000, 0x0000000081700000, 0x0000000081700000|100%| O|  |TAMS 0x0000000081600000, 0x0000000081600000| Untracked 
|  23|0x0000000081700000, 0x0000000081800000, 0x0000000081800000|100%| O|  |TAMS 0x0000000081700000, 0x0000000081700000| Untracked 
|  24|0x0000000081800000, 0x00000000818dfe00, 0x0000000081900000| 87%| O|  |TAMS 0x0000000081800000, 0x0000000081800000| Untracked 
|  25|0x0000000081900000, 0x0000000081900000, 0x0000000081a00000|  0%| F|  |TAMS 0x0000000081900000, 0x0000000081900000| Untracked 
|  26|0x0000000081a00000, 0x0000000081b00000, 0x0000000081b00000|100%| O|  |TAMS 0x0000000081a00000, 0x0000000081a00000| Untracked 
|  27|0x0000000081b00000, 0x0000000081c00000, 0x0000000081c00000|100%| O|  |TAMS 0x0000000081b00000, 0x0000000081b00000| Untracked 
|  28|0x0000000081c00000, 0x0000000081c00000, 0x0000000081d00000|  0%| F|  |TAMS 0x0000000081c00000, 0x0000000081c00000| Untracked 
|  29|0x0000000081d00000, 0x0000000081e00000, 0x0000000081e00000|100%| O|  |TAMS 0x0000000081d00000, 0x0000000081d00000| Untracked 
|  30|0x0000000081e00000, 0x0000000081f00000, 0x0000000081f00000|100%| O|  |TAMS 0x0000000081e00000, 0x0000000081e00000| Untracked 
|  31|0x0000000081f00000, 0x0000000082000000, 0x0000000082000000|100%| O|  |TAMS 0x0000000081f00000, 0x0000000081f00000| Untracked 
|  32|0x0000000082000000, 0x0000000082100000, 0x0000000082100000|100%| O|  |TAMS 0x0000000082000000, 0x0000000082000000| Untracked 
|  33|0x0000000082100000, 0x0000000082100000, 0x0000000082200000|  0%| F|  |TAMS 0x0000000082100000, 0x0000000082100000| Untracked 
|  34|0x0000000082200000, 0x0000000082200000, 0x0000000082300000|  0%| F|  |TAMS 0x0000000082200000, 0x0000000082200000| Untracked 
|  35|0x0000000082300000, 0x0000000082300000, 0x0000000082400000|  0%| F|  |TAMS 0x0000000082300000, 0x0000000082300000| Untracked 
|  36|0x0000000082400000, 0x0000000082400000, 0x0000000082500000|  0%| F|  |TAMS 0x0000000082400000, 0x0000000082400000| Untracked 
|  37|0x0000000082500000, 0x0000000082500000, 0x0000000082600000|  0%| F|  |TAMS 0x0000000082500000, 0x0000000082500000| Untracked 
|  38|0x0000000082600000, 0x0000000082600000, 0x0000000082700000|  0%| F|  |TAMS 0x0000000082600000, 0x0000000082600000| Untracked 
|  39|0x0000000082700000, 0x0000000082700000, 0x0000000082800000|  0%| F|  |TAMS 0x0000000082700000, 0x0000000082700000| Untracked 
|  40|0x0000000082800000, 0x0000000082800000, 0x0000000082900000|  0%| F|  |TAMS 0x0000000082800000, 0x0000000082800000| Untracked 
|  41|0x0000000082900000, 0x0000000082900000, 0x0000000082a00000|  0%| F|  |TAMS 0x0000000082900000, 0x0000000082900000| Untracked 
|  42|0x0000000082a00000, 0x0000000082a00000, 0x0000000082b00000|  0%| F|  |TAMS 0x0000000082a00000, 0x0000000082a00000| Untracked 
|  43|0x0000000082b00000, 0x0000000082b640d0, 0x0000000082c00000| 39%| S|CS|TAMS 0x0000000082b00000, 0x0000000082b00000| Complete 
|  44|0x0000000082c00000, 0x0000000082d00000, 0x0000000082d00000|100%| S|CS|TAMS 0x0000000082c00000, 0x0000000082c00000| Complete 
|  45|0x0000000082d00000, 0x0000000082d00000, 0x0000000082e00000|  0%| F|  |TAMS 0x0000000082d00000, 0x0000000082d00000| Untracked 
|  46|0x0000000082e00000, 0x0000000082e00000, 0x0000000082f00000|  0%| F|  |TAMS 0x0000000082e00000, 0x0000000082e00000| Untracked 
|  47|0x0000000082f00000, 0x0000000082f00000, 0x0000000083000000|  0%| F|  |TAMS 0x0000000082f00000, 0x0000000082f00000| Untracked 
|  48|0x0000000083000000, 0x0000000083000000, 0x0000000083100000|  0%| F|  |TAMS 0x0000000083000000, 0x0000000083000000| Untracked 
|  49|0x0000000083100000, 0x0000000083200000, 0x0000000083200000|100%| S|CS|TAMS 0x0000000083100000, 0x0000000083100000| Complete 
|  50|0x0000000083200000, 0x0000000083300000, 0x0000000083300000|100%| S|CS|TAMS 0x0000000083200000, 0x0000000083200000| Complete 
|  51|0x0000000083300000, 0x0000000083300000, 0x0000000083400000|  0%| F|  |TAMS 0x0000000083300000, 0x0000000083300000| Untracked 
|  52|0x0000000083400000, 0x0000000083400000, 0x0000000083500000|  0%| F|  |TAMS 0x0000000083400000, 0x0000000083400000| Untracked 
|  53|0x0000000083500000, 0x0000000083500000, 0x0000000083600000|  0%| F|  |TAMS 0x0000000083500000, 0x0000000083500000| Untracked 
|  54|0x0000000083600000, 0x0000000083600000, 0x0000000083700000|  0%| F|  |TAMS 0x0000000083600000, 0x0000000083600000| Untracked 
|  55|0x0000000083700000, 0x0000000083700000, 0x0000000083800000|  0%| F|  |TAMS 0x0000000083700000, 0x0000000083700000| Untracked 
|  56|0x0000000083800000, 0x0000000083800000, 0x0000000083900000|  0%| F|  |TAMS 0x0000000083800000, 0x0000000083800000| Untracked 
|  57|0x0000000083900000, 0x0000000083900000, 0x0000000083a00000|  0%| F|  |TAMS 0x0000000083900000, 0x0000000083900000| Untracked 
|  58|0x0000000083a00000, 0x0000000083a00000, 0x0000000083b00000|  0%| F|  |TAMS 0x0000000083a00000, 0x0000000083a00000| Untracked 
|  59|0x0000000083b00000, 0x0000000083b00000, 0x0000000083c00000|  0%| F|  |TAMS 0x0000000083b00000, 0x0000000083b00000| Untracked 
|  60|0x0000000083c00000, 0x0000000083c00000, 0x0000000083d00000|  0%| F|  |TAMS 0x0000000083c00000, 0x0000000083c00000| Untracked 
|  61|0x0000000083d00000, 0x0000000083d00000, 0x0000000083e00000|  0%| F|  |TAMS 0x0000000083d00000, 0x0000000083d00000| Untracked 
|  62|0x0000000083e00000, 0x0000000083e00000, 0x0000000083f00000|  0%| F|  |TAMS 0x0000000083e00000, 0x0000000083e00000| Untracked 
|  63|0x0000000083f00000, 0x0000000083f00000, 0x0000000084000000|  0%| F|  |TAMS 0x0000000083f00000, 0x0000000083f00000| Untracked 
|  64|0x0000000084000000, 0x0000000084000000, 0x0000000084100000|  0%| F|  |TAMS 0x0000000084000000, 0x0000000084000000| Untracked 
|  65|0x0000000084100000, 0x0000000084100000, 0x0000000084200000|  0%| F|  |TAMS 0x0000000084100000, 0x0000000084100000| Untracked 
|  66|0x0000000084200000, 0x0000000084200000, 0x0000000084300000|  0%| F|  |TAMS 0x0000000084200000, 0x0000000084200000| Untracked 
|  67|0x0000000084300000, 0x0000000084300000, 0x0000000084400000|  0%| F|  |TAMS 0x0000000084300000, 0x0000000084300000| Untracked 
|  68|0x0000000084400000, 0x0000000084400000, 0x0000000084500000|  0%| F|  |TAMS 0x0000000084400000, 0x0000000084400000| Untracked 
|  69|0x0000000084500000, 0x0000000084500000, 0x0000000084600000|  0%| F|  |TAMS 0x0000000084500000, 0x0000000084500000| Untracked 
|  70|0x0000000084600000, 0x0000000084600000, 0x0000000084700000|  0%| F|  |TAMS 0x0000000084600000, 0x0000000084600000| Untracked 
|  71|0x0000000084700000, 0x0000000084700000, 0x0000000084800000|  0%| F|  |TAMS 0x0000000084700000, 0x0000000084700000| Untracked 
|  73|0x0000000084900000, 0x0000000084900000, 0x0000000084a00000|  0%| F|  |TAMS 0x0000000084900000, 0x0000000084900000| Untracked 
|  74|0x0000000084a00000, 0x0000000084a00000, 0x0000000084b00000|  0%| F|  |TAMS 0x0000000084a00000, 0x0000000084a00000| Untracked 
|  75|0x0000000084b00000, 0x0000000084b00000, 0x0000000084c00000|  0%| F|  |TAMS 0x0000000084b00000, 0x0000000084b00000| Untracked 
|  76|0x0000000084c00000, 0x0000000084c00000, 0x0000000084d00000|  0%| F|  |TAMS 0x0000000084c00000, 0x0000000084c00000| Untracked 
|  77|0x0000000084d00000, 0x0000000084d00000, 0x0000000084e00000|  0%| F|  |TAMS 0x0000000084d00000, 0x0000000084d00000| Untracked 
|  78|0x0000000084e00000, 0x0000000084e00000, 0x0000000084f00000|  0%| F|  |TAMS 0x0000000084e00000, 0x0000000084e00000| Untracked 
|  79|0x0000000084f00000, 0x0000000084f80800, 0x0000000085000000| 50%| E|  |TAMS 0x0000000084f00000, 0x0000000084f00000| Complete 
|  80|0x0000000085000000, 0x0000000085100000, 0x0000000085100000|100%| E|CS|TAMS 0x0000000085000000, 0x0000000085000000| Complete 
| 127|0x0000000087f00000, 0x0000000088000000, 0x0000000088000000|100%| E|CS|TAMS 0x0000000087f00000, 0x0000000087f00000| Complete 

Card table byte_map: [0x00000156a9660000,0x00000156a9a60000] _byte_map_base: 0x00000156a9260000

Marking Bits (Prev, Next): (CMBitMap*) 0x0000015696aae660, (CMBitMap*) 0x0000015696aae6a0
 Prev Bits: [0x00000156a9e60000, 0x00000156abe60000)
 Next Bits: [0x00000156abe60000, 0x00000156ade60000)

Polling page: 0x00000156949c0000

Metaspace:

Usage:
  Non-class:     44.75 MB used.
      Class:      6.99 MB used.
       Both:     51.74 MB used.

Virtual space:
  Non-class space:       64.00 MB reserved,      45.00 MB ( 70%) committed,  1 nodes.
      Class space:        1.00 GB reserved,       7.19 MB ( <1%) committed,  1 nodes.
             Both:        1.06 GB reserved,      52.19 MB (  5%) committed. 

Chunk freelists:
   Non-Class:  2.97 MB
       Class:  8.78 MB
        Both:  11.75 MB

MaxMetaspaceSize: unlimited
CompressedClassSpaceSize: 1.00 GB
Initial GC threshold: 21.00 MB
Current GC threshold: 58.75 MB
CDS: off
MetaspaceReclaimPolicy: balanced
 - commit_granule_bytes: 65536.
 - commit_granule_words: 8192.
 - virtual_space_node_default_size: 8388608.
 - enlarge_chunks_in_place: 1.
 - new_chunks_are_fully_committed: 0.
 - uncommit_free_chunks: 1.
 - use_allocation_guard: 0.
 - handle_deallocations: 1.


Internal statistics:

num_allocs_failed_limit: 6.
num_arena_births: 572.
num_arena_deaths: 0.
num_vsnodes_births: 2.
num_vsnodes_deaths: 0.
num_space_committed: 835.
num_space_uncommitted: 0.
num_chunks_returned_to_freelist: 6.
num_chunks_taken_from_freelist: 2256.
num_chunk_merges: 6.
num_chunk_splits: 1514.
num_chunks_enlarged: 1042.
num_inconsistent_stats: 0.

CodeHeap 'non-profiled nmethods': size=120000Kb used=2614Kb max_used=2614Kb free=117385Kb
 bounds [0x00000156a1a00000, 0x00000156a1c90000, 0x00000156a8f30000]
CodeHeap 'profiled nmethods': size=120000Kb used=9087Kb max_used=9087Kb free=110912Kb
 bounds [0x0000015699f30000, 0x000001569a810000, 0x00000156a1460000]
CodeHeap 'non-nmethods': size=5760Kb used=2315Kb max_used=2366Kb free=3445Kb
 bounds [0x00000156a1460000, 0x00000156a16d0000, 0x00000156a1a00000]
 total_blobs=5217 nmethods=4387 adapters=741
 compilation: enabled
              stopped_count=0, restarted_count=0
 full_count=0

Compilation events (20 events):
Event: 9.854 Thread 0x00000156b0b6e830 4395       1       java.util.Spliterators$EmptySpliterator::characteristics (4 bytes)
Event: 9.854 Thread 0x00000156b0b6e830 nmethod 4395 0x00000156a1c8cd90 code [0x00000156a1c8cf20, 0x00000156a1c8cff8]
Event: 9.854 Thread 0x00000156b0b6e830 4396       1       sun.management.MemoryPoolImpl::getName (5 bytes)
Event: 9.854 Thread 0x00000156b0b6e830 nmethod 4396 0x00000156a1c8d090 code [0x00000156a1c8d220, 0x00000156a1c8d2f8]
Event: 9.855 Thread 0x00000156b0b6e830 4397       3       java.lang.AbstractStringBuilder::append (60 bytes)
Event: 9.856 Thread 0x00000156b0b6e830 nmethod 4397 0x000001569a809310 code [0x000001569a8094e0, 0x000001569a809818]
Event: 9.858 Thread 0x00000156b0b6e830 4398       3       com.google.common.cache.LocalCache::usesWriteQueue (5 bytes)
Event: 9.858 Thread 0x00000156b0b6e830 nmethod 4398 0x000001569a809990 code [0x000001569a809b20, 0x000001569a809d18]
Event: 9.887 Thread 0x00000156b0b6e830 4400       3       java.net.URI$Parser::scan (76 bytes)
Event: 9.888 Thread 0x00000156b0b6e830 nmethod 4400 0x000001569a809e10 code [0x000001569a80a040, 0x000001569a80a918]
Event: 9.940 Thread 0x00000156b0b6e830 4401       3       java.lang.invoke.DelegatingMethodHandle::rebind (8 bytes)
Event: 9.940 Thread 0x00000156b0b6e830 nmethod 4401 0x000001569a80ad10 code [0x000001569a80aec0, 0x000001569a80b138]
Event: 9.947 Thread 0x00000156b0b6e830 4402       3       org.gradle.launcher.daemon.server.exec.DaemonConnectionBackedEventConsumer$ForwardEvents::moreMessagesToSend (35 bytes)
Event: 9.947 Thread 0x00000156b0b6e830 nmethod 4402 0x000001569a80b210 code [0x000001569a80b3c0, 0x000001569a80b688]
Event: 9.947 Thread 0x00000156b0b6e830 4403   !   3       org.gradle.launcher.daemon.server.exec.DaemonConnectionBackedEventConsumer$ForwardEvents::getNextEvent (27 bytes)
Event: 9.948 Thread 0x00000156b0b6e830 nmethod 4403 0x000001569a80b790 code [0x000001569a80b940, 0x000001569a80bbc8]
Event: 10.002 Thread 0x00000156b0b6e830 4405       3       jdk.internal.misc.Unsafe::weakCompareAndSetLong (11 bytes)
Event: 10.002 Thread 0x00000156b0b6e830 nmethod 4405 0x000001569a80bd10 code [0x000001569a80bea0, 0x000001569a80bfd8]
Event: 10.008 Thread 0x00000156b0b6e830 4406       3       java.util.regex.Pattern::range (294 bytes)
Event: 10.011 Thread 0x00000156b0b6e830 nmethod 4406 0x000001569a80c090 code [0x000001569a80c4c0, 0x000001569a80dd18]

GC Heap History (20 events):
Event: 2.386 GC heap before
{Heap before GC invocations=1 (full 0):
 garbage-first heap   total 131072K, used 39104K [0x0000000080000000, 0x0000000100000000)
  region size 1024K, 30 young (30720K), 3 survivors (3072K)
 Metaspace       used 11440K, committed 11648K, reserved 1114112K
  class space    used 1196K, committed 1280K, reserved 1048576K
}
Event: 2.391 GC heap after
{Heap after GC invocations=2 (full 0):
 garbage-first heap   total 131072K, used 12840K [0x0000000080000000, 0x0000000100000000)
  region size 1024K, 2 young (2048K), 2 survivors (2048K)
 Metaspace       used 11440K, committed 11648K, reserved 1114112K
  class space    used 1196K, committed 1280K, reserved 1048576K
}
Event: 4.189 GC heap before
{Heap before GC invocations=2 (full 0):
 garbage-first heap   total 131072K, used 57896K [0x0000000080000000, 0x0000000100000000)
  region size 1024K, 47 young (48128K), 2 survivors (2048K)
 Metaspace       used 21315K, committed 21504K, reserved 1114112K
  class space    used 2577K, committed 2688K, reserved 1048576K
}
Event: 4.196 GC heap after
{Heap after GC invocations=3 (full 0):
 garbage-first heap   total 131072K, used 18862K [0x0000000080000000, 0x0000000100000000)
  region size 1024K, 8 young (8192K), 8 survivors (8192K)
 Metaspace       used 21315K, committed 21504K, reserved 1114112K
  class space    used 2577K, committed 2688K, reserved 1048576K
}
Event: 4.966 GC heap before
{Heap before GC invocations=4 (full 0):
 garbage-first heap   total 68608K, used 51630K [0x0000000080000000, 0x0000000100000000)
  region size 1024K, 40 young (40960K), 8 survivors (8192K)
 Metaspace       used 25964K, committed 26240K, reserved 1114112K
  class space    used 3396K, committed 3520K, reserved 1048576K
}
Event: 4.975 GC heap after
{Heap after GC invocations=5 (full 0):
 garbage-first heap   total 68608K, used 20614K [0x0000000080000000, 0x0000000100000000)
  region size 1024K, 2 young (2048K), 2 survivors (2048K)
 Metaspace       used 25964K, committed 26240K, reserved 1114112K
  class space    used 3396K, committed 3520K, reserved 1048576K
}
Event: 5.560 GC heap before
{Heap before GC invocations=5 (full 0):
 garbage-first heap   total 68608K, used 48262K [0x0000000080000000, 0x0000000100000000)
  region size 1024K, 29 young (29696K), 2 survivors (2048K)
 Metaspace       used 29791K, committed 30080K, reserved 1114112K
  class space    used 4013K, committed 4160K, reserved 1048576K
}
Event: 5.565 GC heap after
{Heap after GC invocations=6 (full 0):
 garbage-first heap   total 68608K, used 22095K [0x0000000080000000, 0x0000000100000000)
  region size 1024K, 4 young (4096K), 4 survivors (4096K)
 Metaspace       used 29791K, committed 30080K, reserved 1114112K
  class space    used 4013K, committed 4160K, reserved 1048576K
}
Event: 6.511 GC heap before
{Heap before GC invocations=6 (full 0):
 garbage-first heap   total 68608K, used 49743K [0x0000000080000000, 0x0000000100000000)
  region size 1024K, 31 young (31744K), 4 survivors (4096K)
 Metaspace       used 33416K, committed 33728K, reserved 1114112K
  class space    used 4596K, committed 4736K, reserved 1048576K
}
Event: 6.515 GC heap after
{Heap after GC invocations=7 (full 0):
 garbage-first heap   total 68608K, used 23112K [0x0000000080000000, 0x0000000100000000)
  region size 1024K, 3 young (3072K), 3 survivors (3072K)
 Metaspace       used 33416K, committed 33728K, reserved 1114112K
  class space    used 4596K, committed 4736K, reserved 1048576K
}
Event: 6.936 GC heap before
{Heap before GC invocations=7 (full 0):
 garbage-first heap   total 68608K, used 35400K [0x0000000080000000, 0x0000000100000000)
  region size 1024K, 16 young (16384K), 3 survivors (3072K)
 Metaspace       used 35620K, committed 35968K, reserved 1114112K
  class space    used 4942K, committed 5120K, reserved 1048576K
}
Event: 6.940 GC heap after
{Heap after GC invocations=8 (full 0):
 garbage-first heap   total 68608K, used 24405K [0x0000000080000000, 0x0000000100000000)
  region size 1024K, 3 young (3072K), 3 survivors (3072K)
 Metaspace       used 35620K, committed 35968K, reserved 1114112K
  class space    used 4942K, committed 5120K, reserved 1048576K
}
Event: 7.580 GC heap before
{Heap before GC invocations=9 (full 0):
 garbage-first heap   total 68608K, used 51029K [0x0000000080000000, 0x0000000100000000)
  region size 1024K, 30 young (30720K), 3 survivors (3072K)
 Metaspace       used 41147K, committed 41472K, reserved 1114112K
  class space    used 5478K, committed 5632K, reserved 1048576K
}
Event: 7.586 GC heap after
{Heap after GC invocations=10 (full 0):
 garbage-first heap   total 68608K, used 27763K [0x0000000080000000, 0x0000000100000000)
  region size 1024K, 4 young (4096K), 4 survivors (4096K)
 Metaspace       used 41147K, committed 41472K, reserved 1114112K
  class space    used 5478K, committed 5632K, reserved 1048576K
}
Event: 7.996 GC heap before
{Heap before GC invocations=10 (full 0):
 garbage-first heap   total 68608K, used 56435K [0x0000000080000000, 0x0000000100000000)
  region size 1024K, 28 young (28672K), 4 survivors (4096K)
 Metaspace       used 43276K, committed 43584K, reserved 1114112K
  class space    used 5678K, committed 5824K, reserved 1048576K
}
Event: 8.002 GC heap after
{Heap after GC invocations=11 (full 0):
 garbage-first heap   total 68608K, used 29936K [0x0000000080000000, 0x0000000100000000)
  region size 1024K, 3 young (3072K), 3 survivors (3072K)
 Metaspace       used 43276K, committed 43584K, reserved 1114112K
  class space    used 5678K, committed 5824K, reserved 1048576K
}
Event: 8.478 GC heap before
{Heap before GC invocations=11 (full 0):
 garbage-first heap   total 68608K, used 53488K [0x0000000080000000, 0x0000000100000000)
  region size 1024K, 25 young (25600K), 3 survivors (3072K)
 Metaspace       used 45240K, committed 45632K, reserved 1114112K
  class space    used 5873K, committed 6080K, reserved 1048576K
}
Event: 8.483 GC heap after
{Heap after GC invocations=12 (full 0):
 garbage-first heap   total 82944K, used 31424K [0x0000000080000000, 0x0000000100000000)
  region size 1024K, 2 young (2048K), 2 survivors (2048K)
 Metaspace       used 45240K, committed 45632K, reserved 1114112K
  class space    used 5873K, committed 6080K, reserved 1048576K
}
Event: 9.341 GC heap before
{Heap before GC invocations=12 (full 0):
 garbage-first heap   total 82944K, used 64192K [0x0000000080000000, 0x0000000100000000)
  region size 1024K, 34 young (34816K), 2 survivors (2048K)
 Metaspace       used 48980K, committed 49408K, reserved 1114112K
  class space    used 6533K, committed 6720K, reserved 1048576K
}
Event: 9.345 GC heap after
{Heap after GC invocations=13 (full 0):
 garbage-first heap   total 82944K, used 33282K [0x0000000080000000, 0x0000000100000000)
  region size 1024K, 4 young (4096K), 4 survivors (4096K)
 Metaspace       used 48980K, committed 49408K, reserved 1114112K
  class space    used 6533K, committed 6720K, reserved 1048576K
}

Dll operation events (3 events):
Event: 0.041 Loaded shared library C:\Program Files\Android\Android Studio\jbr\bin\java.dll
Event: 1.009 Loaded shared library C:\Program Files\Android\Android Studio\jbr\bin\zip.dll
Event: 1.420 Loaded shared library C:\Program Files\Android\Android Studio\jbr\bin\verify.dll

Deoptimization events (20 events):
Event: 9.632 Thread 0x00000156b63b2630 Uncommon trap: trap_request=0xffffff45 fr.pc=0x00000156a1a2624c relative=0x000000000000004c
Event: 9.632 Thread 0x00000156b63b2630 Uncommon trap: reason=unstable_if action=reinterpret pc=0x00000156a1a2624c method=java.net.URI.match(CJJ)Z @ 19 c2
Event: 9.632 Thread 0x00000156b63b2630 DEOPT PACKING pc=0x00000156a1a2624c sp=0x00000053cd6f9720
Event: 9.632 Thread 0x00000156b63b2630 DEOPT UNPACKING pc=0x00000156a14b69a3 sp=0x00000053cd6f96d0 mode 2
Event: 9.797 Thread 0x00000156b63b2630 Uncommon trap: trap_request=0xffffffc6 fr.pc=0x00000156a1b4cef4 relative=0x0000000000000234
Event: 9.797 Thread 0x00000156b63b2630 Uncommon trap: reason=bimorphic_or_optimized_type_check action=maybe_recompile pc=0x00000156a1b4cef4 method=com.google.common.base.CharMatcher.indexIn(Ljava/lang/CharSequence;I)I @ 31 c2
Event: 9.797 Thread 0x00000156b63b2630 DEOPT PACKING pc=0x00000156a1b4cef4 sp=0x00000053cd6f99a0
Event: 9.797 Thread 0x00000156b63b2630 DEOPT UNPACKING pc=0x00000156a14b69a3 sp=0x00000053cd6f9948 mode 2
Event: 9.797 Thread 0x00000156b63b2630 Uncommon trap: trap_request=0xffffffc6 fr.pc=0x00000156a1b4cef4 relative=0x0000000000000234
Event: 9.797 Thread 0x00000156b63b2630 Uncommon trap: reason=bimorphic_or_optimized_type_check action=maybe_recompile pc=0x00000156a1b4cef4 method=com.google.common.base.CharMatcher.indexIn(Ljava/lang/CharSequence;I)I @ 31 c2
Event: 9.797 Thread 0x00000156b63b2630 DEOPT PACKING pc=0x00000156a1b4cef4 sp=0x00000053cd6f99a0
Event: 9.797 Thread 0x00000156b63b2630 DEOPT UNPACKING pc=0x00000156a14b69a3 sp=0x00000053cd6f9948 mode 2
Event: 9.798 Thread 0x00000156b63b2630 Uncommon trap: trap_request=0xffffffc6 fr.pc=0x00000156a1b4cef4 relative=0x0000000000000234
Event: 9.798 Thread 0x00000156b63b2630 Uncommon trap: reason=bimorphic_or_optimized_type_check action=maybe_recompile pc=0x00000156a1b4cef4 method=com.google.common.base.CharMatcher.indexIn(Ljava/lang/CharSequence;I)I @ 31 c2
Event: 9.798 Thread 0x00000156b63b2630 DEOPT PACKING pc=0x00000156a1b4cef4 sp=0x00000053cd6f99a0
Event: 9.798 Thread 0x00000156b63b2630 DEOPT UNPACKING pc=0x00000156a14b69a3 sp=0x00000053cd6f9948 mode 2
Event: 9.798 Thread 0x00000156b63b2630 Uncommon trap: trap_request=0xffffffc6 fr.pc=0x00000156a1b4cef4 relative=0x0000000000000234
Event: 9.798 Thread 0x00000156b63b2630 Uncommon trap: reason=bimorphic_or_optimized_type_check action=maybe_recompile pc=0x00000156a1b4cef4 method=com.google.common.base.CharMatcher.indexIn(Ljava/lang/CharSequence;I)I @ 31 c2
Event: 9.798 Thread 0x00000156b63b2630 DEOPT PACKING pc=0x00000156a1b4cef4 sp=0x00000053cd6f99a0
Event: 9.798 Thread 0x00000156b63b2630 DEOPT UNPACKING pc=0x00000156a14b69a3 sp=0x00000053cd6f9948 mode 2

Classes unloaded (0 events):
No events

Classes redefined (0 events):
No events

Internal exceptions (20 events):
Event: 8.098 Thread 0x00000156b63b2630 Exception <a 'java/lang/NoSuchMethodError'{0x0000000084d41920}: 'java.lang.Object java.lang.invoke.DirectMethodHandle$Holder.invokeStatic(java.lang.Object, java.lang.Object, java.lang.Object, java.lang.Object, java.lang.Object, java.lang.Object, java.lang.Object, java.lang.Object, java.lang.Object, java.lang.Object, java.lang.Object, java.lang.Object, java.lang.Object, java.lang.Object, java.lang.Object, java.lang.Object, java.lang.Object, java.lang.Object, java.lang.Object, java.lang.Object, java.lang.Obj
Event: 8.100 Thread 0x00000156b63b2630 Exception <a 'java/lang/NoSuchMethodError'{0x0000000084d72ef8}: 'java.lang.Object java.lang.invoke.DirectMethodHandle$Holder.invokeStatic(java.lang.Object, java.lang.Object, java.lang.Object, java.lang.Object, java.lang.Object, java.lang.Object, java.lang.Object, java.lang.Object, java.lang.Object, java.lang.Object, java.lang.Object, java.lang.Object, java.lang.Object, java.lang.Object, java.lang.Object, java.lang.Object, java.lang.Object, java.lang.Object, java.lang.Object, java.lang.Object, java.lang.Obj
Event: 8.378 Thread 0x00000156b63b2630 Exception <a 'java/lang/IncompatibleClassChangeError'{0x0000000082f0c630}: Found class java.lang.Object, but interface was expected> (0x0000000082f0c630) 
thrown [s\src\hotspot\share\interpreter\linkResolver.cpp, line 838]
Event: 8.512 Thread 0x00000156b63b2630 Exception <a 'java/lang/IncompatibleClassChangeError'{0x0000000087f86928}: Found class java.lang.Object, but interface was expected> (0x0000000087f86928) 
thrown [s\src\hotspot\share\interpreter\linkResolver.cpp, line 838]
Event: 8.529 Thread 0x00000156b63b2630 Exception <a 'java/lang/NoSuchMethodError'{0x000000008503b4b0}: 'void java.lang.invoke.DirectMethodHandle$Holder.invokeStatic(java.lang.Object, java.lang.Object, java.lang.Object, java.lang.Object, java.lang.Object, java.lang.Object)'> (0x000000008503b4b0) 
thrown [s\src\hotspot\share\interpreter\linkResolver.cpp, line 771]
Event: 8.549 Thread 0x00000156b63b2630 Exception <a 'java/lang/NoSuchMethodError'{0x0000000084f50570}: 'int java.lang.invoke.DirectMethodHandle$Holder.invokeStaticInit(java.lang.Object, java.lang.Object, java.lang.Object, java.lang.Object, java.lang.Object)'> (0x0000000084f50570) 
thrown [s\src\hotspot\share\interpreter\linkResolver.cpp, line 771]
Event: 8.709 Thread 0x00000156b63b2630 Implicit null exception at 0x00000156a1bd9d6c to 0x00000156a1bd9e10
Event: 8.827 Thread 0x00000156b63b2630 Exception <a 'java/lang/NoSuchMethodError'{0x0000000084036f98}: 'void java.lang.invoke.DirectMethodHandle$Holder.invokeInterface(java.lang.Object, java.lang.Object)'> (0x0000000084036f98) 
thrown [s\src\hotspot\share\interpreter\linkResolver.cpp, line 771]
Event: 8.828 Thread 0x00000156b63b2630 Exception <a 'java/lang/IncompatibleClassChangeError'{0x0000000084042208}: Found class java.lang.Object, but interface was expected> (0x0000000084042208) 
thrown [s\src\hotspot\share\interpreter\linkResolver.cpp, line 838]
Event: 8.861 Thread 0x00000156b63b2630 Exception <a 'java/lang/NoSuchMethodError'{0x0000000083e064e0}: 'java.lang.Object java.lang.invoke.DirectMethodHandle$Holder.newInvokeSpecial(java.lang.Object, int, java.lang.Object)'> (0x0000000083e064e0) 
thrown [s\src\hotspot\share\interpreter\linkResolver.cpp, line 771]
Event: 9.318 Thread 0x00000156b63b3e40 Exception <a 'java/lang/NoSuchMethodError'{0x0000000083123348}: static Lorg/gradle/internal/build/event/types/DefaultOperationStartedProgressEvent;.<clinit>()V> (0x0000000083123348) 
thrown [s\src\hotspot\share\prims\jni.cpp, line 1108]
Event: 9.319 Thread 0x00000156b63b3e40 Exception <a 'java/lang/NoSuchMethodError'{0x0000000083125618}: static Lorg/gradle/internal/build/event/types/AbstractProgressEvent;.<clinit>()V> (0x0000000083125618) 
thrown [s\src\hotspot\share\prims\jni.cpp, line 1108]
Event: 9.321 Thread 0x00000156b63b3e40 Exception <a 'java/lang/NoSuchMethodError'{0x0000000083137670}: static Lorg/gradle/internal/build/event/types/DefaultProjectConfigurationDescriptor;.<clinit>()V> (0x0000000083137670) 
thrown [s\src\hotspot\share\prims\jni.cpp, line 1108]
Event: 9.321 Thread 0x00000156b63b3e40 Exception <a 'java/lang/NoSuchMethodError'{0x0000000083139be0}: static Lorg/gradle/internal/build/event/types/DefaultOperationDescriptor;.<clinit>()V> (0x0000000083139be0) 
thrown [s\src\hotspot\share\prims\jni.cpp, line 1108]
Event: 9.324 Thread 0x00000156b63b3e40 Exception <a 'java/lang/NoSuchMethodError'{0x00000000831517c0}: static Lorg/gradle/internal/operations/OperationIdentifier;.<clinit>()V> (0x00000000831517c0) 
thrown [s\src\hotspot\share\prims\jni.cpp, line 1108]
Event: 9.470 Thread 0x00000156b63b2630 Exception <a 'java/lang/NoSuchMethodError'{0x0000000084c68ef8}: 'long java.lang.invoke.DirectMethodHandle$Holder.invokeStatic(java.lang.Object, long)'> (0x0000000084c68ef8) 
thrown [s\src\hotspot\share\interpreter\linkResolver.cpp, line 771]
Event: 9.719 Thread 0x00000156b63b2630 Exception <a 'java/lang/NoSuchMethodError'{0x00000000842032d8}: 'java.lang.Object java.lang.invoke.DelegatingMethodHandle$Holder.reinvoke_L(java.lang.Object, java.lang.Object, java.lang.Object, java.lang.Object, java.lang.Object, java.lang.Object, java.lang.Object, java.lang.Object, java.lang.Object, java.lang.Object, java.lang.Object, java.lang.Object, java.lang.Object, java.lang.Object, java.lang.Object, java.lang.Object, java.lang.Object, java.lang.Object, java.lang.Object, java.lang.Object, java.lang.O
Event: 9.720 Thread 0x00000156b63b2630 Exception <a 'java/lang/NoSuchMethodError'{0x000000008420eab0}: 'java.lang.Object java.lang.invoke.DirectMethodHandle$Holder.invokeSpecial(java.lang.Object, java.lang.Object, java.lang.Object, java.lang.Object, java.lang.Object, java.lang.Object, java.lang.Object, java.lang.Object, java.lang.Object, java.lang.Object, java.lang.Object, java.lang.Object, java.lang.Object, java.lang.Object, java.lang.Object, java.lang.Object, java.lang.Object, java.lang.Object, java.lang.Object, java.lang.Object, java.lang.Ob
Event: 9.721 Thread 0x00000156b63b2630 Exception <a 'java/lang/NoSuchMethodError'{0x00000000842146f8}: 'java.lang.Object java.lang.invoke.Invokers$Holder.invoker(java.lang.Object, java.lang.Object, java.lang.Object, java.lang.Object, java.lang.Object, java.lang.Object, java.lang.Object, java.lang.Object, java.lang.Object, java.lang.Object, java.lang.Object, java.lang.Object, java.lang.Object, java.lang.Object, java.lang.Object, java.lang.Object, java.lang.Object, java.lang.Object, java.lang.Object, java.lang.Object, java.lang.Object)'> (0x00000
Event: 9.721 Thread 0x00000156b63b2630 Exception <a 'java/lang/NoSuchMethodError'{0x000000008421ad58}: 'java.lang.Object java.lang.invoke.DelegatingMethodHandle$Holder.delegate(java.lang.Object, java.lang.Object, java.lang.Object, java.lang.Object, java.lang.Object, java.lang.Object, java.lang.Object, java.lang.Object, java.lang.Object, java.lang.Object, java.lang.Object, java.lang.Object, java.lang.Object, java.lang.Object, java.lang.Object, java.lang.Object, java.lang.Object, java.lang.Object, java.lang.Object, java.lang.Object, java.lang.Obj

VM Operations (20 events):
Event: 7.437 Executing VM operation: HandshakeAllThreads
Event: 7.437 Executing VM operation: HandshakeAllThreads done
Event: 7.527 Executing VM operation: HandshakeAllThreads
Event: 7.527 Executing VM operation: HandshakeAllThreads done
Event: 7.579 Executing VM operation: G1CollectForAllocation
Event: 7.586 Executing VM operation: G1CollectForAllocation done
Event: 7.996 Executing VM operation: G1CollectForAllocation
Event: 8.002 Executing VM operation: G1CollectForAllocation done
Event: 8.381 Executing VM operation: HandshakeAllThreads
Event: 8.381 Executing VM operation: HandshakeAllThreads done
Event: 8.478 Executing VM operation: G1CollectForAllocation
Event: 8.485 Executing VM operation: G1CollectForAllocation done
Event: 8.670 Executing VM operation: HandshakeAllThreads
Event: 8.670 Executing VM operation: HandshakeAllThreads done
Event: 9.231 Executing VM operation: HandshakeAllThreads
Event: 9.231 Executing VM operation: HandshakeAllThreads done
Event: 9.294 Executing VM operation: HandshakeAllThreads
Event: 9.294 Executing VM operation: HandshakeAllThreads done
Event: 9.341 Executing VM operation: G1CollectForAllocation
Event: 9.345 Executing VM operation: G1CollectForAllocation done

Events (20 events):
Event: 9.646 loading class javax/net/ssl/SSLException done
Event: 9.646 loading class javax/net/ssl/SSLPeerUnverifiedException
Event: 9.646 loading class javax/net/ssl/SSLPeerUnverifiedException done
Event: 9.646 loading class java/security/cert/CertificateParsingException
Event: 9.647 loading class java/security/cert/CertificateException
Event: 9.647 loading class java/security/cert/CertificateException done
Event: 9.647 loading class java/security/cert/CertificateParsingException done
Event: 9.647 loading class javax/naming/NamingException
Event: 9.647 loading class javax/naming/NamingException done
Event: 9.647 loading class javax/naming/InvalidNameException
Event: 9.647 loading class javax/naming/InvalidNameException done
Event: 9.692 loading class java/util/Collections$SingletonMap
Event: 9.693 loading class java/util/Collections$SingletonMap done
Event: 9.694 Thread 0x00000156b7727bd0 Thread added: 0x00000156b7727bd0
Event: 9.782 Thread 0x00000156b77211f0 Thread added: 0x00000156b77211f0
Event: 9.782 Thread 0x00000156b7725ef0 Thread added: 0x00000156b7725ef0
Event: 9.846 loading class java/io/DeleteOnExitHook
Event: 9.846 loading class java/io/DeleteOnExitHook done
Event: 9.846 loading class java/io/DeleteOnExitHook$1
Event: 9.846 loading class java/io/DeleteOnExitHook$1 done


Dynamic libraries:
0x00007ff7c5b60000 - 0x00007ff7c5b6a000 	C:\Program Files\Android\Android Studio\jbr\bin\java.exe
0x00007ffb01290000 - 0x00007ffb01485000 	C:\WINDOWS\SYSTEM32\ntdll.dll
0x00007ffb00620000 - 0x00007ffb006de000 	C:\WINDOWS\System32\KERNEL32.DLL
0x00007ffafef90000 - 0x00007ffaff258000 	C:\WINDOWS\System32\KERNELBASE.dll
0x00007ffafeac0000 - 0x00007ffafebc0000 	C:\WINDOWS\System32\ucrtbase.dll
0x00007ffabd3c0000 - 0x00007ffabd3d7000 	C:\Program Files\Android\Android Studio\jbr\bin\jli.dll
0x00007ffafa560000 - 0x00007ffafa57b000 	C:\Program Files\Android\Android Studio\jbr\bin\VCRUNTIME140.dll
0x00007ffb00400000 - 0x00007ffb005a0000 	C:\WINDOWS\System32\USER32.dll
0x00007ffafef60000 - 0x00007ffafef82000 	C:\WINDOWS\System32\win32u.dll
0x00007ffaf67d0000 - 0x00007ffaf6a6a000 	C:\WINDOWS\WinSxS\amd64_microsoft.windows.common-controls_6595b64144ccf1df_6.0.19041.1110_none_60b5254171f9507e\COMCTL32.dll
0x00007ffb00000000 - 0x00007ffb0002a000 	C:\WINDOWS\System32\GDI32.dll
0x00007ffaffbd0000 - 0x00007ffaffc6e000 	C:\WINDOWS\System32\msvcrt.dll
0x00007ffafe9b0000 - 0x00007ffafeabb000 	C:\WINDOWS\System32\gdi32full.dll
0x00007ffafee20000 - 0x00007ffafeebd000 	C:\WINDOWS\System32\msvcp_win.dll
0x00007ffb00770000 - 0x00007ffb007a0000 	C:\WINDOWS\System32\IMM32.DLL
0x00007ffaf6360000 - 0x00007ffaf636c000 	C:\Program Files\Android\Android Studio\jbr\bin\vcruntime140_1.dll
0x00007ffaf62d0000 - 0x00007ffaf635d000 	C:\Program Files\Android\Android Studio\jbr\bin\msvcp140.dll
0x00007ffa890a0000 - 0x00007ffa89d20000 	C:\Program Files\Android\Android Studio\jbr\bin\server\jvm.dll
0x00007ffaff300000 - 0x00007ffaff3ae000 	C:\WINDOWS\System32\ADVAPI32.dll
0x00007ffaffc70000 - 0x00007ffaffd0c000 	C:\WINDOWS\System32\sechost.dll
0x00007ffb00270000 - 0x00007ffb00395000 	C:\WINDOWS\System32\RPCRT4.dll
0x00007ffaf6c20000 - 0x00007ffaf6c2a000 	C:\WINDOWS\SYSTEM32\VERSION.dll
0x00007ffaf4b70000 - 0x00007ffaf4b97000 	C:\WINDOWS\SYSTEM32\WINMM.dll
0x00007ffae6d00000 - 0x00007ffae6d09000 	C:\WINDOWS\SYSTEM32\WSOCK32.dll
0x00007ffaff490000 - 0x00007ffaff4fb000 	C:\WINDOWS\System32\ws2_32.DLL
0x00007ffafc8d0000 - 0x00007ffafc8e2000 	C:\WINDOWS\SYSTEM32\kernel.appcore.dll
0x00007ffaf8490000 - 0x00007ffaf849a000 	C:\Program Files\Android\Android Studio\jbr\bin\jimage.dll
0x00007ffae7870000 - 0x00007ffae7a54000 	C:\WINDOWS\SYSTEM32\DBGHELP.DLL
0x00007ffae6c40000 - 0x00007ffae6c6c000 	C:\WINDOWS\SYSTEM32\dbgcore.DLL
0x00007ffaff260000 - 0x00007ffaff2e2000 	C:\WINDOWS\System32\bcryptPrimitives.dll
0x00007ffada0b0000 - 0x00007ffada0be000 	C:\Program Files\Android\Android Studio\jbr\bin\instrument.dll
0x00007ffacfb90000 - 0x00007ffacfbb5000 	C:\Program Files\Android\Android Studio\jbr\bin\java.dll
0x00007ffacfb70000 - 0x00007ffacfb88000 	C:\Program Files\Android\Android Studio\jbr\bin\zip.dll
0x00007ffb00b00000 - 0x00007ffb01244000 	C:\WINDOWS\System32\SHELL32.dll
0x00007ffafcad0000 - 0x00007ffafd264000 	C:\WINDOWS\SYSTEM32\windows.storage.dll
0x00007ffb007a0000 - 0x00007ffb00af4000 	C:\WINDOWS\System32\combase.dll
0x00007ffafe420000 - 0x00007ffafe44c000 	C:\WINDOWS\SYSTEM32\Wldp.dll
0x00007ffb00030000 - 0x00007ffb000dd000 	C:\WINDOWS\System32\SHCORE.dll
0x00007ffb003a0000 - 0x00007ffb003f5000 	C:\WINDOWS\System32\shlwapi.dll
0x00007ffafe8f0000 - 0x00007ffafe90f000 	C:\WINDOWS\SYSTEM32\profapi.dll
0x00007ffac86d0000 - 0x00007ffac86e9000 	C:\Program Files\Android\Android Studio\jbr\bin\net.dll
0x00007ffaf40f0000 - 0x00007ffaf41fa000 	C:\WINDOWS\SYSTEM32\WINHTTP.dll
0x00007ffafe180000 - 0x00007ffafe1ea000 	C:\WINDOWS\system32\mswsock.dll
0x00007ffac78f0000 - 0x00007ffac7906000 	C:\Program Files\Android\Android Studio\jbr\bin\nio.dll
0x00007ffadbca0000 - 0x00007ffadbcb0000 	C:\Program Files\Android\Android Studio\jbr\bin\verify.dll
0x00007ffaf6370000 - 0x00007ffaf6397000 	C:\Users\Abel\.gradle\native\68d5fa5c4cc2d200863cafc0d521ce42e7d3e7ee720ec0a83991735586a16f82\windows-amd64\native-platform.dll
0x00007ffacc850000 - 0x00007ffacc994000 	C:\Users\Abel\.gradle\native\e376f236ea51e6404a007f0833ffe2c6e607c4080706a723a18a27aeea778392\windows-amd64\native-platform-file-events.dll
0x00007ffadae60000 - 0x00007ffadae69000 	C:\Program Files\Android\Android Studio\jbr\bin\management.dll
0x00007ffada480000 - 0x00007ffada48b000 	C:\Program Files\Android\Android Studio\jbr\bin\management_ext.dll
0x00007ffaff2f0000 - 0x00007ffaff2f8000 	C:\WINDOWS\System32\PSAPI.DLL
0x00007ffafe370000 - 0x00007ffafe388000 	C:\WINDOWS\SYSTEM32\CRYPTSP.dll
0x00007ffafda30000 - 0x00007ffafda64000 	C:\WINDOWS\system32\rsaenh.dll
0x00007ffafeec0000 - 0x00007ffafeee7000 	C:\WINDOWS\System32\bcrypt.dll
0x00007ffafe8b0000 - 0x00007ffafe8de000 	C:\WINDOWS\SYSTEM32\USERENV.dll
0x00007ffafe390000 - 0x00007ffafe39c000 	C:\WINDOWS\SYSTEM32\CRYPTBASE.dll
0x00007ffafde00000 - 0x00007ffafde3b000 	C:\WINDOWS\SYSTEM32\IPHLPAPI.DLL
0x00007ffaffbc0000 - 0x00007ffaffbc8000 	C:\WINDOWS\System32\NSI.dll
0x00007ffaf7a40000 - 0x00007ffaf7a57000 	C:\WINDOWS\SYSTEM32\dhcpcsvc6.DLL
0x00007ffaf7a10000 - 0x00007ffaf7a2d000 	C:\WINDOWS\SYSTEM32\dhcpcsvc.DLL
0x00007ffafde40000 - 0x00007ffafdf0b000 	C:\WINDOWS\SYSTEM32\DNSAPI.dll
0x00007ffaec0b0000 - 0x00007ffaec0b7000 	C:\WINDOWS\system32\wshunix.dll

dbghelp: loaded successfully - version: 4.0.5 - missing functions: none
symbol engine: initialized successfully - sym options: 0x614 - pdb path: .;C:\Program Files\Android\Android Studio\jbr\bin;C:\WINDOWS\SYSTEM32;C:\WINDOWS\WinSxS\amd64_microsoft.windows.common-controls_6595b64144ccf1df_6.0.19041.1110_none_60b5254171f9507e;C:\Program Files\Android\Android Studio\jbr\bin\server;C:\Users\Abel\.gradle\native\68d5fa5c4cc2d200863cafc0d521ce42e7d3e7ee720ec0a83991735586a16f82\windows-amd64;C:\Users\Abel\.gradle\native\e376f236ea51e6404a007f0833ffe2c6e607c4080706a723a18a27aeea778392\windows-amd64

VM Arguments:
jvm_args: --add-opens=java.base/java.util=ALL-UNNAMED --add-opens=java.base/java.lang=ALL-UNNAMED --add-opens=java.base/java.lang.invoke=ALL-UNNAMED --add-opens=java.prefs/java.util.prefs=ALL-UNNAMED --add-opens=java.base/java.nio.charset=ALL-UNNAMED --add-opens=java.base/java.net=ALL-UNNAMED --add-opens=java.base/java.util.concurrent.atomic=ALL-UNNAMED -Xmx2048m -Dfile.encoding=UTF-8 -Duser.country=ES -Duser.language=es -Duser.variant -javaagent:C:\Users\Abel\.gradle\wrapper\dists\gradle-8.2-bin\bbg7u40eoinfdyxsxr3z4i7ta\gradle-8.2\lib\agents\gradle-instrumentation-agent-8.2.jar 
java_command: org.gradle.launcher.daemon.bootstrap.GradleDaemon 8.2
java_class_path (initial): C:\Users\Abel\.gradle\wrapper\dists\gradle-8.2-bin\bbg7u40eoinfdyxsxr3z4i7ta\gradle-8.2\lib\gradle-launcher-8.2.jar
Launcher Type: SUN_STANDARD

[Global flags]
     intx CICompilerCount                          = 4                                         {product} {ergonomic}
     uint ConcGCThreads                            = 2                                         {product} {ergonomic}
     uint G1ConcRefinementThreads                  = 8                                         {product} {ergonomic}
   size_t G1HeapRegionSize                         = 1048576                                   {product} {ergonomic}
    uintx GCDrainStackTargetSize                   = 64                                        {product} {ergonomic}
   size_t InitialHeapSize                          = 134217728                                 {product} {ergonomic}
   size_t MarkStackSize                            = 4194304                                   {product} {ergonomic}
   size_t MaxHeapSize                              = 2147483648                                {product} {command line}
   size_t MaxNewSize                               = 1287651328                                {product} {ergonomic}
   size_t MinHeapDeltaBytes                        = 1048576                                   {product} {ergonomic}
   size_t MinHeapSize                              = 8388608                                   {product} {ergonomic}
    uintx NonNMethodCodeHeapSize                   = 5839372                                {pd product} {ergonomic}
    uintx NonProfiledCodeHeapSize                  = 122909434                              {pd product} {ergonomic}
    uintx ProfiledCodeHeapSize                     = 122909434                              {pd product} {ergonomic}
    uintx ReservedCodeCacheSize                    = 251658240                              {pd product} {ergonomic}
     bool SegmentedCodeCache                       = true                                      {product} {ergonomic}
   size_t SoftMaxHeapSize                          = 2147483648                             {manageable} {ergonomic}
     bool UseCompressedClassPointers               = true                           {product lp64_product} {ergonomic}
     bool UseCompressedOops                        = true                           {product lp64_product} {ergonomic}
     bool UseG1GC                                  = true                                      {product} {ergonomic}
     bool UseLargePagesIndividualAllocation        = false                                  {pd product} {ergonomic}

Logging:
Log output configuration:
 #0: stdout all=warning uptime,level,tags
 #1: stderr all=off uptime,level,tags

Environment Variables:
PATH=C:\Program Files\Common Files\Oracle\Java\javapath;C:\Program Files (x86)\Intel\iCLS Client\;C:\Program Files\Intel\iCLS Client\;C:\Windows\System32;C:\Windows;C:\Windows\System32\wbem;C:\Windows\System32\WindowsPowerShell\v1.0\;C:\Program Files (x86)\Intel\Intel(R) Management Engine Components\DAL;C:\Program Files\Intel\Intel(R) Management Engine Components\DAL;C:\Program Files (x86)\Intel\Intel(R) Management Engine Components\IPT;C:\Program Files\Intel\Intel(R) Management Engine Components\IPT;C:\Program Files (x86)\NVIDIA Corporation\PhysX\Common;C:\Program Files\Intel\WiFi\bin\;C:\Program Files\Common Files\Intel\WirelessCommon\;C:\Windows\System32;C:\Windows;C:\Windows\System32\wbem;C:\Windows\System32\WindowsPowerShell\v1.0\;C:\Windows\System32\OpenSSH\;C:\Program Files\Git\cmd;C:\Program Files\nodejs\;C:\Users\Abel\AppData\Roaming\npm;C:\Program Files\MySQL\MySQL Shell 8.0\bin\;C:\Program Files\MySQL\MySQL Server 8.0\bin\;C:\Users\Abel\AppData\Local\Microsoft\WindowsApps;C:\Packer;C:\Users\Abel\AppData\Local\Programs\Microsoft VS Code\bin;C:\Users\Abel\AppData\Roaming\npm
USERNAME=Abel
OS=Windows_NT
PROCESSOR_IDENTIFIER=Intel64 Family 6 Model 142 Stepping 10, GenuineIntel
TMP=C:\Users\Abel\AppData\Local\Temp
TEMP=C:\Users\Abel\AppData\Local\Temp


JNI global refs:
JNI global refs: 27, weak refs: 0

JNI global refs memory usage: 843, weak refs: 841

OOME stack traces (most recent first):
Classloader memory used:
Loader org.gradle.internal.classloader.VisitableURLClassLoader                         : 3251K
Loader bootstrap                                                                       : 2391K
Loader org.gradle.initialization.MixInLegacyTypesClassLoader                           : 882K
Loader jdk.internal.loader.ClassLoaders$PlatformClassLoader                            : 66858B
Loader jdk.internal.loader.ClassLoaders$AppClassLoader                                 : 28345B
Loader jdk.internal.reflect.DelegatingClassLoader                                      : 8570B
Loader org.gradle.internal.classloader.VisitableURLClassLoader$InstrumentingVisitableURLClassLoader: 4848B
Loader org.gradle.groovy.scripts.internal.DefaultScriptCompilationHandler$ScriptClassLoader: 1712B
Loader org.codehaus.groovy.runtime.callsite.CallSiteClassLoader                        : 356B

Classes loaded by more than one classloader:
Class Program                                                                         : loaded 3 times (x 70B)
Class org.gradle.internal.classpath.ClassPath                                         : loaded 2 times (x 68B)
Class org.gradle.api.internal.classpath.DefaultModuleRegistry                         : loaded 2 times (x 84B)
Class Settings_gradle$1$1                                                             : loaded 2 times (x 72B)
Class org.gradle.api.Action                                                           : loaded 2 times (x 68B)
Class org.gradle.api.internal.DefaultClassPathProvider                                : loaded 2 times (x 74B)
Class org.gradle.internal.installation.GradleInstallation$1                           : loaded 2 times (x 73B)
Class org.gradle.internal.classloader.FilteringClassLoader                            : loaded 2 times (x 102B)
Class org.gradle.internal.classpath.DefaultClassPath$ImmutableUniqueList$Builder      : loaded 2 times (x 73B)
Class org.gradle.internal.classloader.ClassLoaderVisitor                              : loaded 2 times (x 74B)
Class org.gradle.internal.service.DefaultServiceLocator                               : loaded 2 times (x 81B)
Class org.gradle.internal.service.UnknownServiceException                             : loaded 2 times (x 81B)
Class org.gradle.internal.classloader.DefaultClassLoaderFactory                       : loaded 2 times (x 80B)
Class org.gradle.internal.classloader.VisitableURLClassLoader$Spec                    : loaded 2 times (x 72B)
Class org.gradle.api.GradleException                                                  : loaded 2 times (x 80B)
Class org.gradle.api.internal.classpath.ModuleRegistry                                : loaded 2 times (x 68B)
Class org.gradle.api.internal.ClassPathProvider                                       : loaded 2 times (x 68B)
Class org.gradle.internal.classloader.ClasspathUtil$1                                 : loaded 2 times (x 74B)
Class org.gradle.internal.classloader.ClassLoaderFactory                              : loaded 2 times (x 68B)
Class org.gradle.api.internal.classpath.ManifestUtil                                  : loaded 2 times (x 69B)
Class org.gradle.api.specs.Spec                                                       : loaded 2 times (x 68B)
Class org.gradle.internal.IoActions                                                   : loaded 2 times (x 69B)
Class org.gradle.api.internal.classpath.EffectiveClassPath                            : loaded 2 times (x 88B)
Class org.gradle.internal.installation.CurrentGradleInstallation                      : loaded 2 times (x 71B)
Class org.gradle.internal.agents.InstrumentingClassLoader                             : loaded 2 times (x 68B)
Class org.gradle.internal.installation.CurrentGradleInstallationLocator               : loaded 2 times (x 69B)
Class org.gradle.api.internal.classpath.Module                                        : loaded 2 times (x 68B)
Class org.gradle.internal.service.CachingServiceLocator                               : loaded 2 times (x 80B)
Class org.gradle.internal.classpath.DefaultClassPath                                  : loaded 2 times (x 88B)
Class org.gradle.internal.classloader.SystemClassLoaderSpec                           : loaded 2 times (x 69B)
Class org.gradle.api.UncheckedIOException                                             : loaded 2 times (x 80B)
Class org.gradle.internal.installation.GradleInstallation                             : loaded 2 times (x 73B)
Class org.gradle.internal.classloader.ClasspathUtil                                   : loaded 2 times (x 69B)
Class org.gradle.api.internal.DefaultClassPathRegistry                                : loaded 2 times (x 74B)
Class org.gradle.api.internal.classpath.DefaultModuleRegistry$DefaultModule           : loaded 2 times (x 84B)
Class org.gradle.api.internal.classpath.UnknownModuleException                        : loaded 2 times (x 80B)
Class org.gradle.internal.service.ServiceLookupException                              : loaded 2 times (x 80B)
Class org.gradle.cache.GlobalCache                                                    : loaded 2 times (x 68B)
Class [Lorg.gradle.api.internal.ClassPathProvider;                                    : loaded 2 times (x 67B)
Class org.gradle.util.internal.GUtil                                                  : loaded 2 times (x 69B)
Class org.gradle.internal.classloader.ClassLoaderSpec                                 : loaded 2 times (x 69B)
Class org.gradle.internal.classloader.VisitableURLClassLoader                         : loaded 2 times (x 114B)
Class org.gradle.internal.Cast                                                        : loaded 2 times (x 69B)
Class org.gradle.api.internal.ClassPathRegistry                                       : loaded 2 times (x 68B)
Class org.gradle.internal.classloader.VisitableURLClassLoader$InstrumentingVisitableURLClassLoader: loaded 2 times (x 120B)
Class org.gradle.internal.classloader.ClassLoaderHierarchy                            : loaded 2 times (x 68B)
Class org.gradle.internal.InternalTransformer                                         : loaded 2 times (x 68B)
Class org.gradle.internal.service.ServiceLocator                                      : loaded 2 times (x 68B)
Class Settings_gradle$1                                                               : loaded 2 times (x 72B)
Class org.gradle.internal.classpath.DefaultClassPath$ImmutableUniqueList              : loaded 2 times (x 159B)
Class org.gradle.internal.classpath.TransformedClassPath                              : loaded 2 times (x 94B)
Class Settings_gradle                                                                 : loaded 2 times (x 126B)


---------------  S Y S T E M  ---------------

OS:
 Windows 10 , 64 bit Build 19041 (10.0.19041.1645)
OS uptime: 4 days 13:59 hours

CPU: total 8 (initial active 8) (4 cores per cpu, 2 threads per core) family 6 model 142 stepping 10 microcode 0xb4, cx8, cmov, fxsr, ht, mmx, 3dnowpref, sse, sse2, sse3, ssse3, sse4.1, sse4.2, popcnt, lzcnt, tsc, tscinvbit, avx, avx2, aes, erms, clmul, bmi1, bmi2, adx, fma, vzeroupper, clflush, clflushopt

Memory: 4k page, system-wide physical 8101M (377M free)
TotalPageFile size 13278M (AvailPageFile size 7M)
current process WorkingSet (physical memory assigned to process): 254M, peak: 254M
current process commit charge ("private bytes"): 290M, peak: 292M

vm_info: OpenJDK 64-Bit Server VM (17.0.7+0-b2043.56-10550314) for windows-amd64 JRE (17.0.7+0-b2043.56-10550314), built on Jul 24 2023 18:27:45 by "androidbuild" with MS VC++ 16.10 / 16.11 (VS2019)

END.
