#
# There is insufficient memory for the Java Runtime Environment to continue.
# Native memory allocation (mmap) failed to map 27262976 bytes for G1 virtual space
# Possible reasons:
#   The system is out of physical RAM or swap space
#   The process is running with CompressedOops enabled, and the Java Heap may be blocking the growth of the native heap
# Possible solutions:
#   Reduce memory load on the system
#   Increase physical memory or swap space
#   Check if swap backing store is full
#   Decrease Java heap size (-Xmx/-Xms)
#   Decrease number of Java threads
#   Decrease Java thread stack sizes (-Xss)
#   Set larger code cache with -XX:ReservedCodeCacheSize=
#   JVM is running with Unscaled Compressed Oops mode in which the Java heap is
#     placed in the first 4GB address space. The Java Heap base address is the
#     maximum limit for the native heap growth. Please use -XX:HeapBaseMinAddress
#     to set the Java Heap base and to place the Java Heap above 4GB virtual address.
# This output file may be truncated or incomplete.
#
#  Out of Memory Error (os_windows.cpp:3771), pid=10508, tid=15196
#
# JRE version: OpenJDK Runtime Environment (17.0.7) (build 17.0.7+0-b2043.56-10550314)
# Java VM: OpenJDK 64-Bit Server VM (17.0.7+0-b2043.56-10550314, mixed mode, tiered, compressed oops, compressed class ptrs, g1 gc, windows-amd64)
# No core dump will be written. Minidumps are not enabled by default on client versions of Windows
#

---------------  S U M M A R Y ------------

Command Line: --add-opens=java.base/java.util=ALL-UNNAMED --add-opens=java.base/java.lang=ALL-UNNAMED --add-opens=java.base/java.lang.invoke=ALL-UNNAMED --add-opens=java.prefs/java.util.prefs=ALL-UNNAMED --add-opens=java.base/java.nio.charset=ALL-UNNAMED --add-opens=java.base/java.net=ALL-UNNAMED --add-opens=java.base/java.util.concurrent.atomic=ALL-UNNAMED -Xmx2048m -Dfile.encoding=UTF-8 -Duser.country=ES -Duser.language=es -Duser.variant -javaagent:C:\Users\Abel\.gradle\wrapper\dists\gradle-8.2-bin\bbg7u40eoinfdyxsxr3z4i7ta\gradle-8.2\lib\agents\gradle-instrumentation-agent-8.2.jar org.gradle.launcher.daemon.bootstrap.GradleDaemon 8.2

Host: Intel(R) Core(TM) i5-8250U CPU @ 1.60GHz, 8 cores, 7G,  Windows 10 , 64 bit Build 19041 (10.0.19041.1645)
Time: Wed Apr  3 03:21:33 2024 Hora de verano romance elapsed time: 10.123035 seconds (0d 0h 0m 10s)

---------------  T H R E A D  ---------------

Current thread (0x000001f37fc9f710):  VMThread "VM Thread" [stack: 0x000000cdb3900000,0x000000cdb3a00000] [id=15196]

Stack: [0x000000cdb3900000,0x000000cdb3a00000]
Native frames: (J=compiled Java code, j=interpreted, Vv=VM code, C=native code)
V  [jvm.dll+0x683bfa]
V  [jvm.dll+0x8430a4]
V  [jvm.dll+0x8449be]
V  [jvm.dll+0x845023]
V  [jvm.dll+0x24ad2f]
V  [jvm.dll+0x680ac9]
V  [jvm.dll+0x67519a]
V  [jvm.dll+0x30b3cb]
V  [jvm.dll+0x312876]
V  [jvm.dll+0x36221e]
V  [jvm.dll+0x36244f]
V  [jvm.dll+0x2e14a8]
V  [jvm.dll+0x2df684]
V  [jvm.dll+0x2dec8c]
V  [jvm.dll+0x323b51]
V  [jvm.dll+0x8496eb]
V  [jvm.dll+0x84a424]
V  [jvm.dll+0x84a93d]
V  [jvm.dll+0x84ad14]
V  [jvm.dll+0x84ade0]
V  [jvm.dll+0x7f2aea]
V  [jvm.dll+0x682a35]
C  [ucrtbase.dll+0x21bb2]
C  [KERNEL32.DLL+0x17034]
C  [ntdll.dll+0x52651]

VM_Operation (0x000000cdb51f4ea0): G1TryInitiateConcMark, mode: safepoint, requested by thread 0x000001f318010890


---------------  P R O C E S S  ---------------

Threads class SMR info:
_java_thread_list=0x000001f317d765b0, length=42, elements={
0x000001f376e3d530, 0x000001f37fcdb260, 0x000001f37fcdbfe0, 0x000001f31501d020,
0x000001f31501f8f0, 0x000001f3150201b0, 0x000001f315020a70, 0x000001f3150248e0,
0x000001f31502d4b0, 0x000001f3150301c0, 0x000001f31515d0a0, 0x000001f315240410,
0x000001f3170a1590, 0x000001f315790250, 0x000001f31751ca00, 0x000001f3176bd660,
0x000001f317d0bce0, 0x000001f316d12a70, 0x000001f318010890, 0x000001f317345310,
0x000001f3166cb300, 0x000001f3166cb7d0, 0x000001f3166cde50, 0x000001f3166ce7f0,
0x000001f3166cbca0, 0x000001f3166ccfe0, 0x000001f3166cecc0, 0x000001f3166cc170,
0x000001f3166cd4b0, 0x000001f3166cd980, 0x000001f3166cc640, 0x000001f3166ccb10,
0x000001f3180c3630, 0x000001f3180c9670, 0x000001f3180c44a0, 0x000001f3180c9b40,
0x000001f3180c5310, 0x000001f3180c6180, 0x000001f3180c8cd0, 0x000001f3180c8800,
0x000001f3180ca010, 0x000001f3180c2c90
}

Java Threads: ( => current thread )
  0x000001f376e3d530 JavaThread "main" [_thread_blocked, id=2020, stack(0x000000cdb3300000,0x000000cdb3400000)]
  0x000001f37fcdb260 JavaThread "Reference Handler" daemon [_thread_blocked, id=8280, stack(0x000000cdb3a00000,0x000000cdb3b00000)]
  0x000001f37fcdbfe0 JavaThread "Finalizer" daemon [_thread_blocked, id=12740, stack(0x000000cdb3b00000,0x000000cdb3c00000)]
  0x000001f31501d020 JavaThread "Signal Dispatcher" daemon [_thread_blocked, id=11368, stack(0x000000cdb3c00000,0x000000cdb3d00000)]
  0x000001f31501f8f0 JavaThread "Attach Listener" daemon [_thread_blocked, id=16880, stack(0x000000cdb3d00000,0x000000cdb3e00000)]
  0x000001f3150201b0 JavaThread "Service Thread" daemon [_thread_blocked, id=7104, stack(0x000000cdb3e00000,0x000000cdb3f00000)]
  0x000001f315020a70 JavaThread "Monitor Deflation Thread" daemon [_thread_blocked, id=6636, stack(0x000000cdb3f00000,0x000000cdb4000000)]
  0x000001f3150248e0 JavaThread "C2 CompilerThread0" daemon [_thread_blocked, id=14228, stack(0x000000cdb4000000,0x000000cdb4100000)]
  0x000001f31502d4b0 JavaThread "C1 CompilerThread0" daemon [_thread_blocked, id=16920, stack(0x000000cdb4100000,0x000000cdb4200000)]
  0x000001f3150301c0 JavaThread "Sweeper thread" daemon [_thread_blocked, id=13040, stack(0x000000cdb4200000,0x000000cdb4300000)]
  0x000001f31515d0a0 JavaThread "Common-Cleaner" daemon [_thread_blocked, id=12808, stack(0x000000cdb4300000,0x000000cdb4400000)]
  0x000001f315240410 JavaThread "Notification Thread" daemon [_thread_blocked, id=15992, stack(0x000000cdb4400000,0x000000cdb4500000)]
  0x000001f3170a1590 JavaThread "Daemon health stats" [_thread_blocked, id=13980, stack(0x000000cdb4c00000,0x000000cdb4d00000)]
  0x000001f315790250 JavaThread "Incoming local TCP Connector on port 10341" [_thread_in_native, id=6912, stack(0x000000cdb4700000,0x000000cdb4800000)]
  0x000001f31751ca00 JavaThread "Daemon periodic checks" [_thread_blocked, id=4400, stack(0x000000cdb4d00000,0x000000cdb4e00000)]
  0x000001f3176bd660 JavaThread "Daemon" [_thread_blocked, id=15932, stack(0x000000cdb4e00000,0x000000cdb4f00000)]
  0x000001f317d0bce0 JavaThread "Handler for socket connection from /127.0.0.1:10341 to /127.0.0.1:10342" [_thread_in_native, id=11364, stack(0x000000cdb4f00000,0x000000cdb5000000)]
  0x000001f316d12a70 JavaThread "Cancel handler" [_thread_blocked, id=13048, stack(0x000000cdb5000000,0x000000cdb5100000)]
  0x000001f318010890 JavaThread "Daemon worker" [_thread_blocked, id=15820, stack(0x000000cdb5100000,0x000000cdb5200000)]
  0x000001f317345310 JavaThread "Asynchronous log dispatcher for DefaultDaemonConnection: socket connection from /127.0.0.1:10341 to /127.0.0.1:10342" [_thread_blocked, id=15768, stack(0x000000cdb5200000,0x000000cdb5300000)]
  0x000001f3166cb300 JavaThread "Stdin handler" [_thread_blocked, id=15756, stack(0x000000cdb5300000,0x000000cdb5400000)]
  0x000001f3166cb7d0 JavaThread "Daemon client event forwarder" [_thread_blocked, id=11068, stack(0x000000cdb5400000,0x000000cdb5500000)]
  0x000001f3166cde50 JavaThread "Cache worker for journal cache (C:\Users\Abel\.gradle\caches\journal-1)" [_thread_blocked, id=10292, stack(0x000000cdb5900000,0x000000cdb5a00000)]
  0x000001f3166ce7f0 JavaThread "File lock request listener" [_thread_in_native, id=11840, stack(0x000000cdb5a00000,0x000000cdb5b00000)]
  0x000001f3166cbca0 JavaThread "Cache worker for file hash cache (C:\Users\Abel\.gradle\caches\8.2\fileHashes)" [_thread_blocked, id=6448, stack(0x000000cdb5b00000,0x000000cdb5c00000)]
  0x000001f3166ccfe0 JavaThread "File watcher server" daemon [_thread_in_native, id=14160, stack(0x000000cdb5d00000,0x000000cdb5e00000)]
  0x000001f3166cecc0 JavaThread "File watcher consumer" daemon [_thread_blocked, id=11456, stack(0x000000cdb5e00000,0x000000cdb5f00000)]
  0x000001f3166cc170 JavaThread "jar transforms" [_thread_blocked, id=12744, stack(0x000000cdb5f00000,0x000000cdb6000000)]
  0x000001f3166cd4b0 JavaThread "jar transforms Thread 2" [_thread_blocked, id=14944, stack(0x000000cdb6000000,0x000000cdb6100000)]
  0x000001f3166cd980 JavaThread "jar transforms Thread 3" [_thread_blocked, id=1424, stack(0x000000cdb6100000,0x000000cdb6200000)]
  0x000001f3166cc640 JavaThread "jar transforms Thread 4" [_thread_blocked, id=15416, stack(0x000000cdb6200000,0x000000cdb6300000)]
  0x000001f3166ccb10 JavaThread "jar transforms Thread 5" [_thread_blocked, id=5724, stack(0x000000cdb6300000,0x000000cdb6400000)]
  0x000001f3180c3630 JavaThread "jar transforms Thread 6" [_thread_blocked, id=132, stack(0x000000cdb6400000,0x000000cdb6500000)]
  0x000001f3180c9670 JavaThread "jar transforms Thread 7" [_thread_blocked, id=15224, stack(0x000000cdb6500000,0x000000cdb6600000)]
  0x000001f3180c44a0 JavaThread "jar transforms Thread 8" [_thread_blocked, id=13748, stack(0x000000cdb6600000,0x000000cdb6700000)]
  0x000001f3180c9b40 JavaThread "Cache worker for checksums cache (F:\PMDM\Virtuula\.gradle\8.2\checksums)" [_thread_blocked, id=12928, stack(0x000000cdb6700000,0x000000cdb6800000)]
  0x000001f3180c5310 JavaThread "Cache worker for cache directory md-rule (C:\Users\Abel\.gradle\caches\8.2\md-rule)" [_thread_blocked, id=6952, stack(0x000000cdb6800000,0x000000cdb6900000)]
  0x000001f3180c6180 JavaThread "Cache worker for file content cache (C:\Users\Abel\.gradle\caches\8.2\fileContent)" [_thread_blocked, id=9352, stack(0x000000cdb6900000,0x000000cdb6a00000)]
  0x000001f3180c8cd0 JavaThread "Cache worker for file hash cache (F:\PMDM\Virtuula\.gradle\8.2\fileHashes)" [_thread_blocked, id=8612, stack(0x000000cdb6a00000,0x000000cdb6b00000)]
  0x000001f3180c8800 JavaThread "Cache worker for cache directory md-supplier (C:\Users\Abel\.gradle\caches\8.2\md-supplier)" [_thread_blocked, id=892, stack(0x000000cdb6b00000,0x000000cdb6c00000)]
  0x000001f3180ca010 JavaThread "Cache worker for execution history cache (C:\Users\Abel\.gradle\caches\8.2\executionHistory)" [_thread_blocked, id=10936, stack(0x000000cdb6c00000,0x000000cdb6d00000)]
  0x000001f3180c2c90 JavaThread "Cache worker for kotlin-dsl (C:\Users\Abel\.gradle\caches\8.2\kotlin-dsl)" [_thread_blocked, id=10720, stack(0x000000cdb6d00000,0x000000cdb6e00000)]

Other Threads:
=>0x000001f37fc9f710 VMThread "VM Thread" [stack: 0x000000cdb3900000,0x000000cdb3a00000] [id=15196]
  0x000001f376e3e2f0 WatcherThread [stack: 0x000000cdb4500000,0x000000cdb4600000] [id=12024]
  0x000001f376e99490 GCTaskThread "GC Thread#0" [stack: 0x000000cdb3400000,0x000000cdb3500000] [id=14844]
  0x000001f316705cf0 GCTaskThread "GC Thread#1" [stack: 0x000000cdb4800000,0x000000cdb4900000] [id=14244]
  0x000001f315e1a3b0 GCTaskThread "GC Thread#2" [stack: 0x000000cdb4900000,0x000000cdb4a00000] [id=5036]
  0x000001f316702c00 GCTaskThread "GC Thread#3" [stack: 0x000000cdb4a00000,0x000000cdb4b00000] [id=14276]
  0x000001f3166a24e0 GCTaskThread "GC Thread#4" [stack: 0x000000cdb4b00000,0x000000cdb4c00000] [id=1960]
  0x000001f317d328a0 GCTaskThread "GC Thread#5" [stack: 0x000000cdb5500000,0x000000cdb5600000] [id=10404]
  0x000001f316c937d0 GCTaskThread "GC Thread#6" [stack: 0x000000cdb5600000,0x000000cdb5700000] [id=14792]
  0x000001f318011130 GCTaskThread "GC Thread#7" [stack: 0x000000cdb5700000,0x000000cdb5800000] [id=7924]
  0x000001f376eaa2e0 ConcurrentGCThread "G1 Main Marker" [stack: 0x000000cdb3500000,0x000000cdb3600000] [id=4972]
  0x000001f376eab3a0 ConcurrentGCThread "G1 Conc#0" [stack: 0x000000cdb3600000,0x000000cdb3700000] [id=9316]
  0x000001f317b98d00 ConcurrentGCThread "G1 Conc#1" [stack: 0x000000cdb5800000,0x000000cdb5900000] [id=13124]
  0x000001f376f0d500 ConcurrentGCThread "G1 Refine#0" [stack: 0x000000cdb3700000,0x000000cdb3800000] [id=6008]
  0x000001f37fb060d0 ConcurrentGCThread "G1 Service" [stack: 0x000000cdb3800000,0x000000cdb3900000] [id=9296]

Threads with active compile tasks:

VM state: at safepoint (normal execution)

VM Mutex/Monitor currently owned by a thread:  ([mutex/lock_event])
[0x000001f376e37ef0] Threads_lock - owner thread: 0x000001f37fc9f710
[0x000001f376e397b0] Heap_lock - owner thread: 0x000001f318010890

Heap address: 0x0000000080000000, size: 2048 MB, Compressed Oops mode: 32-bit

CDS archive(s) not mapped
Compressed class space mapped at: 0x0000000100000000-0x0000000140000000, reserved size: 1073741824
Narrow klass base: 0x0000000000000000, Narrow klass shift: 3, Narrow klass range: 0x140000000

GC Precious Log:
 CPUs: 8 total, 8 available
 Memory: 8101M
 Large Page Support: Disabled
 NUMA Support: Disabled
 Compressed Oops: Enabled (32-bit)
 Heap Region Size: 1M
 Heap Min Capacity: 8M
 Heap Initial Capacity: 128M
 Heap Max Capacity: 2G
 Pre-touch: Disabled
 Parallel Workers: 8
 Concurrent Workers: 2
 Concurrent Refinement Workers: 8
 Periodic GC: Disabled

Heap:
 garbage-first heap   total 132096K, used 73223K [0x0000000080000000, 0x0000000100000000)
  region size 1024K, 3 young (3072K), 3 survivors (3072K)
 Metaspace       used 69052K, committed 69696K, reserved 1114112K
  class space    used 9562K, committed 9856K, reserved 1048576K

Heap Regions: E=young(eden), S=young(survivor), O=old, HS=humongous(starts), HC=humongous(continues), CS=collection set, F=free, OA=open archive, CA=closed archive, TAMS=top-at-mark-start (previous, next)
|   0|0x0000000080000000, 0x0000000080100000, 0x0000000080100000|100%|HS|  |TAMS 0x0000000080100000, 0x0000000080100000| Complete 
|   1|0x0000000080100000, 0x0000000080200000, 0x0000000080200000|100%|HC|  |TAMS 0x0000000080200000, 0x0000000080200000| Complete 
|   2|0x0000000080200000, 0x0000000080300000, 0x0000000080300000|100%|HC|  |TAMS 0x0000000080300000, 0x0000000080300000| Complete 
|   3|0x0000000080300000, 0x0000000080400000, 0x0000000080400000|100%|HC|  |TAMS 0x0000000080400000, 0x0000000080400000| Complete 
|   4|0x0000000080400000, 0x0000000080500000, 0x0000000080500000|100%| O|  |TAMS 0x0000000080500000, 0x0000000080500000| Untracked 
|   5|0x0000000080500000, 0x0000000080600000, 0x0000000080600000|100%| O|  |TAMS 0x0000000080600000, 0x0000000080600000| Untracked 
|   6|0x0000000080600000, 0x0000000080700000, 0x0000000080700000|100%| O|  |TAMS 0x0000000080700000, 0x0000000080700000| Untracked 
|   7|0x0000000080700000, 0x0000000080800000, 0x0000000080800000|100%| O|  |TAMS 0x0000000080800000, 0x0000000080800000| Untracked 
|   8|0x0000000080800000, 0x0000000080900000, 0x0000000080900000|100%| O|  |TAMS 0x0000000080900000, 0x0000000080900000| Untracked 
|   9|0x0000000080900000, 0x0000000080a00000, 0x0000000080a00000|100%| O|  |TAMS 0x0000000080a00000, 0x0000000080a00000| Untracked 
|  10|0x0000000080a00000, 0x0000000080b00000, 0x0000000080b00000|100%| O|  |TAMS 0x0000000080b00000, 0x0000000080b00000| Untracked 
|  11|0x0000000080b00000, 0x0000000080b57a00, 0x0000000080c00000| 34%| O|  |TAMS 0x0000000080b57a00, 0x0000000080b57a00| Untracked 
|  12|0x0000000080c00000, 0x0000000080d00000, 0x0000000080d00000|100%| O|  |TAMS 0x0000000080d00000, 0x0000000080d00000| Untracked 
|  13|0x0000000080d00000, 0x0000000080e00000, 0x0000000080e00000|100%| O|  |TAMS 0x0000000080e00000, 0x0000000080e00000| Untracked 
|  14|0x0000000080e00000, 0x0000000080f00000, 0x0000000080f00000|100%| O|  |TAMS 0x0000000080f00000, 0x0000000080f00000| Untracked 
|  15|0x0000000080f00000, 0x0000000081000000, 0x0000000081000000|100%| O|  |TAMS 0x0000000081000000, 0x0000000081000000| Untracked 
|  16|0x0000000081000000, 0x0000000081100000, 0x0000000081100000|100%| O|  |TAMS 0x0000000081100000, 0x0000000081100000| Untracked 
|  17|0x0000000081100000, 0x0000000081200000, 0x0000000081200000|100%| O|  |TAMS 0x0000000081200000, 0x0000000081200000| Untracked 
|  18|0x0000000081200000, 0x0000000081300000, 0x0000000081300000|100%| O|  |TAMS 0x0000000081300000, 0x0000000081300000| Untracked 
|  19|0x0000000081300000, 0x0000000081400000, 0x0000000081400000|100%|HS|  |TAMS 0x0000000081400000, 0x0000000081400000| Complete 
|  20|0x0000000081400000, 0x0000000081500000, 0x0000000081500000|100%|HC|  |TAMS 0x0000000081500000, 0x0000000081500000| Complete 
|  21|0x0000000081500000, 0x0000000081600000, 0x0000000081600000|100%|HS|  |TAMS 0x0000000081600000, 0x0000000081600000| Complete 
|  22|0x0000000081600000, 0x0000000081700000, 0x0000000081700000|100%|HC|  |TAMS 0x0000000081700000, 0x0000000081700000| Complete 
|  23|0x0000000081700000, 0x0000000081800000, 0x0000000081800000|100%|HC|  |TAMS 0x0000000081800000, 0x0000000081800000| Complete 
|  24|0x0000000081800000, 0x0000000081900000, 0x0000000081900000|100%|HS|  |TAMS 0x0000000081900000, 0x0000000081900000| Complete 
|  25|0x0000000081900000, 0x0000000081a00000, 0x0000000081a00000|100%|HC|  |TAMS 0x0000000081a00000, 0x0000000081a00000| Complete 
|  26|0x0000000081a00000, 0x0000000081b00000, 0x0000000081b00000|100%| O|  |TAMS 0x0000000081b00000, 0x0000000081b00000| Untracked 
|  27|0x0000000081b00000, 0x0000000081c00000, 0x0000000081c00000|100%| O|  |TAMS 0x0000000081c00000, 0x0000000081c00000| Untracked 
|  28|0x0000000081c00000, 0x0000000081d00000, 0x0000000081d00000|100%| O|  |TAMS 0x0000000081d00000, 0x0000000081d00000| Untracked 
|  29|0x0000000081d00000, 0x0000000081e00000, 0x0000000081e00000|100%| O|  |TAMS 0x0000000081e00000, 0x0000000081e00000| Untracked 
|  30|0x0000000081e00000, 0x0000000081f00000, 0x0000000081f00000|100%|HS|  |TAMS 0x0000000081f00000, 0x0000000081f00000| Complete 
|  31|0x0000000081f00000, 0x0000000082000000, 0x0000000082000000|100%|HC|  |TAMS 0x0000000082000000, 0x0000000082000000| Complete 
|  32|0x0000000082000000, 0x0000000082100000, 0x0000000082100000|100%|HC|  |TAMS 0x0000000082100000, 0x0000000082100000| Complete 
|  33|0x0000000082100000, 0x0000000082200000, 0x0000000082200000|100%|HC|  |TAMS 0x0000000082200000, 0x0000000082200000| Complete 
|  34|0x0000000082200000, 0x0000000082300000, 0x0000000082300000|100%|HC|  |TAMS 0x0000000082300000, 0x0000000082300000| Complete 
|  35|0x0000000082300000, 0x0000000082400000, 0x0000000082400000|100%|HC|  |TAMS 0x0000000082400000, 0x0000000082400000| Complete 
|  36|0x0000000082400000, 0x0000000082500000, 0x0000000082500000|100%|HC|  |TAMS 0x0000000082500000, 0x0000000082500000| Complete 
|  37|0x0000000082500000, 0x0000000082600000, 0x0000000082600000|100%|HC|  |TAMS 0x0000000082600000, 0x0000000082600000| Complete 
|  38|0x0000000082600000, 0x0000000082700000, 0x0000000082700000|100%|HC|  |TAMS 0x0000000082700000, 0x0000000082700000| Complete 
|  39|0x0000000082700000, 0x0000000082800000, 0x0000000082800000|100%|HC|  |TAMS 0x0000000082800000, 0x0000000082800000| Complete 
|  40|0x0000000082800000, 0x0000000082900000, 0x0000000082900000|100%|HC|  |TAMS 0x0000000082900000, 0x0000000082900000| Complete 
|  41|0x0000000082900000, 0x0000000082a00000, 0x0000000082a00000|100%|HC|  |TAMS 0x0000000082a00000, 0x0000000082a00000| Complete 
|  42|0x0000000082a00000, 0x0000000082b00000, 0x0000000082b00000|100%| O|  |TAMS 0x0000000082b00000, 0x0000000082b00000| Untracked 
|  43|0x0000000082b00000, 0x0000000082c00000, 0x0000000082c00000|100%| O|  |TAMS 0x0000000082c00000, 0x0000000082c00000| Untracked 
|  44|0x0000000082c00000, 0x0000000082d00000, 0x0000000082d00000|100%|HS|  |TAMS 0x0000000082d00000, 0x0000000082d00000| Complete 
|  45|0x0000000082d00000, 0x0000000082e00000, 0x0000000082e00000|100%|HC|  |TAMS 0x0000000082e00000, 0x0000000082e00000| Complete 
|  46|0x0000000082e00000, 0x0000000082f00000, 0x0000000082f00000|100%| O|  |TAMS 0x0000000082f00000, 0x0000000082f00000| Untracked 
|  47|0x0000000082f00000, 0x0000000083000000, 0x0000000083000000|100%| O|  |TAMS 0x0000000083000000, 0x0000000083000000| Untracked 
|  48|0x0000000083000000, 0x0000000083100000, 0x0000000083100000|100%| O|  |TAMS 0x0000000083100000, 0x0000000083100000| Untracked 
|  49|0x0000000083100000, 0x0000000083200000, 0x0000000083200000|100%| O|  |TAMS 0x0000000083200000, 0x0000000083200000| Untracked 
|  50|0x0000000083200000, 0x0000000083300000, 0x0000000083300000|100%| O|  |TAMS 0x0000000083300000, 0x0000000083300000| Untracked 
|  51|0x0000000083300000, 0x0000000083400000, 0x0000000083400000|100%| O|  |TAMS 0x0000000083400000, 0x0000000083400000| Untracked 
|  52|0x0000000083400000, 0x0000000083500000, 0x0000000083500000|100%| O|  |TAMS 0x0000000083500000, 0x0000000083500000| Untracked 
|  53|0x0000000083500000, 0x0000000083600000, 0x0000000083600000|100%|HS|  |TAMS 0x0000000083600000, 0x0000000083600000| Complete 
|  54|0x0000000083600000, 0x0000000083700000, 0x0000000083700000|100%|HC|  |TAMS 0x0000000083700000, 0x0000000083700000| Complete 
|  55|0x0000000083700000, 0x0000000083800000, 0x0000000083800000|100%|HC|  |TAMS 0x0000000083800000, 0x0000000083800000| Complete 
|  56|0x0000000083800000, 0x0000000083900000, 0x0000000083900000|100%| O|  |TAMS 0x0000000083900000, 0x0000000083900000| Untracked 
|  57|0x0000000083900000, 0x0000000083a00000, 0x0000000083a00000|100%| O|  |TAMS 0x0000000083a00000, 0x0000000083a00000| Untracked 
|  58|0x0000000083a00000, 0x0000000083b00000, 0x0000000083b00000|100%| O|  |TAMS 0x0000000083b00000, 0x0000000083b00000| Untracked 
|  59|0x0000000083b00000, 0x0000000083c00000, 0x0000000083c00000|100%| O|  |TAMS 0x0000000083c00000, 0x0000000083c00000| Untracked 
|  60|0x0000000083c00000, 0x0000000083d00000, 0x0000000083d00000|100%| O|  |TAMS 0x0000000083d00000, 0x0000000083d00000| Untracked 
|  61|0x0000000083d00000, 0x0000000083e00000, 0x0000000083e00000|100%| O|  |TAMS 0x0000000083e00000, 0x0000000083e00000| Untracked 
|  62|0x0000000083e00000, 0x0000000083effff8, 0x0000000083f00000| 99%| O|  |TAMS 0x0000000083effff8, 0x0000000083effff8| Untracked 
|  63|0x0000000083f00000, 0x0000000084000000, 0x0000000084000000|100%| O|  |TAMS 0x0000000083f93400, 0x0000000084000000| Untracked 
|  64|0x0000000084000000, 0x0000000084100000, 0x0000000084100000|100%| O|  |TAMS 0x0000000084000000, 0x0000000084094e00| Untracked 
|  65|0x0000000084100000, 0x0000000084200000, 0x0000000084200000|100%|HS|  |TAMS 0x0000000084100000, 0x0000000084200000| Complete 
|  66|0x0000000084200000, 0x0000000084300000, 0x0000000084300000|100%|HC|  |TAMS 0x0000000084200000, 0x0000000084300000| Complete 
|  67|0x0000000084300000, 0x0000000084400000, 0x0000000084400000|100%|HC|  |TAMS 0x0000000084300000, 0x0000000084400000| Complete 
|  68|0x0000000084400000, 0x0000000084500000, 0x0000000084500000|100%|HC|  |TAMS 0x0000000084400000, 0x0000000084500000| Complete 
|  69|0x0000000084500000, 0x0000000084543600, 0x0000000084600000| 26%| O|  |TAMS 0x0000000084500000, 0x0000000084500000| Untracked 
|  70|0x0000000084600000, 0x0000000084600000, 0x0000000084700000|  0%| F|  |TAMS 0x0000000084600000, 0x0000000084600000| Untracked 
|  71|0x0000000084700000, 0x0000000084700000, 0x0000000084800000|  0%| F|  |TAMS 0x0000000084700000, 0x0000000084700000| Untracked 
|  72|0x0000000084800000, 0x0000000084800000, 0x0000000084900000|  0%| F|  |TAMS 0x0000000084800000, 0x0000000084800000| Untracked 
|  73|0x0000000084900000, 0x0000000084900000, 0x0000000084a00000|  0%| F|  |TAMS 0x0000000084900000, 0x0000000084900000| Untracked 
|  74|0x0000000084a00000, 0x0000000084a00000, 0x0000000084b00000|  0%| F|  |TAMS 0x0000000084a00000, 0x0000000084a00000| Untracked 
|  75|0x0000000084b00000, 0x0000000084b00000, 0x0000000084c00000|  0%| F|  |TAMS 0x0000000084b00000, 0x0000000084b00000| Untracked 
|  76|0x0000000084c00000, 0x0000000084c00000, 0x0000000084d00000|  0%| F|  |TAMS 0x0000000084c00000, 0x0000000084c00000| Untracked 
|  77|0x0000000084d00000, 0x0000000084d00000, 0x0000000084e00000|  0%| F|  |TAMS 0x0000000084d00000, 0x0000000084d00000| Untracked 
|  78|0x0000000084e00000, 0x0000000084e00000, 0x0000000084f00000|  0%| F|  |TAMS 0x0000000084e00000, 0x0000000084e00000| Untracked 
|  79|0x0000000084f00000, 0x0000000084f00000, 0x0000000085000000|  0%| F|  |TAMS 0x0000000084f00000, 0x0000000084f00000| Untracked 
|  80|0x0000000085000000, 0x0000000085000000, 0x0000000085100000|  0%| F|  |TAMS 0x0000000085000000, 0x0000000085000000| Untracked 
|  81|0x0000000085100000, 0x0000000085100000, 0x0000000085200000|  0%| F|  |TAMS 0x0000000085100000, 0x0000000085100000| Untracked 
|  82|0x0000000085200000, 0x0000000085200000, 0x0000000085300000|  0%| F|  |TAMS 0x0000000085200000, 0x0000000085200000| Untracked 
|  83|0x0000000085300000, 0x0000000085300000, 0x0000000085400000|  0%| F|  |TAMS 0x0000000085300000, 0x0000000085300000| Untracked 
|  84|0x0000000085400000, 0x0000000085400000, 0x0000000085500000|  0%| F|  |TAMS 0x0000000085400000, 0x0000000085400000| Untracked 
|  85|0x0000000085500000, 0x0000000085500000, 0x0000000085600000|  0%| F|  |TAMS 0x0000000085500000, 0x0000000085500000| Untracked 
|  86|0x0000000085600000, 0x0000000085600000, 0x0000000085700000|  0%| F|  |TAMS 0x0000000085600000, 0x0000000085600000| Untracked 
|  87|0x0000000085700000, 0x0000000085700000, 0x0000000085800000|  0%| F|  |TAMS 0x0000000085700000, 0x0000000085700000| Untracked 
|  88|0x0000000085800000, 0x0000000085800000, 0x0000000085900000|  0%| F|  |TAMS 0x0000000085800000, 0x0000000085800000| Untracked 
|  89|0x0000000085900000, 0x0000000085900000, 0x0000000085a00000|  0%| F|  |TAMS 0x0000000085900000, 0x0000000085900000| Untracked 
|  90|0x0000000085a00000, 0x0000000085a00000, 0x0000000085b00000|  0%| F|  |TAMS 0x0000000085a00000, 0x0000000085a00000| Untracked 
|  91|0x0000000085b00000, 0x0000000085b00000, 0x0000000085c00000|  0%| F|  |TAMS 0x0000000085b00000, 0x0000000085b00000| Untracked 
|  92|0x0000000085c00000, 0x0000000085c00000, 0x0000000085d00000|  0%| F|  |TAMS 0x0000000085c00000, 0x0000000085c00000| Untracked 
|  93|0x0000000085d00000, 0x0000000085d00000, 0x0000000085e00000|  0%| F|  |TAMS 0x0000000085d00000, 0x0000000085d00000| Untracked 
|  94|0x0000000085e00000, 0x0000000085e00000, 0x0000000085f00000|  0%| F|  |TAMS 0x0000000085e00000, 0x0000000085e00000| Untracked 
|  95|0x0000000085f00000, 0x0000000085f00000, 0x0000000086000000|  0%| F|  |TAMS 0x0000000085f00000, 0x0000000085f00000| Untracked 
|  96|0x0000000086000000, 0x0000000086000000, 0x0000000086100000|  0%| F|  |TAMS 0x0000000086000000, 0x0000000086000000| Untracked 
|  97|0x0000000086100000, 0x0000000086100000, 0x0000000086200000|  0%| F|  |TAMS 0x0000000086100000, 0x0000000086100000| Untracked 
|  98|0x0000000086200000, 0x0000000086200000, 0x0000000086300000|  0%| F|  |TAMS 0x0000000086200000, 0x0000000086200000| Untracked 
|  99|0x0000000086300000, 0x0000000086300000, 0x0000000086400000|  0%| F|  |TAMS 0x0000000086300000, 0x0000000086300000| Untracked 
| 100|0x0000000086400000, 0x0000000086400000, 0x0000000086500000|  0%| F|  |TAMS 0x0000000086400000, 0x0000000086400000| Untracked 
| 101|0x0000000086500000, 0x0000000086500000, 0x0000000086600000|  0%| F|  |TAMS 0x0000000086500000, 0x0000000086500000| Untracked 
| 102|0x0000000086600000, 0x0000000086600000, 0x0000000086700000|  0%| F|  |TAMS 0x0000000086600000, 0x0000000086600000| Untracked 
| 103|0x0000000086700000, 0x0000000086700000, 0x0000000086800000|  0%| F|  |TAMS 0x0000000086700000, 0x0000000086700000| Untracked 
| 104|0x0000000086800000, 0x0000000086800000, 0x0000000086900000|  0%| F|  |TAMS 0x0000000086800000, 0x0000000086800000| Untracked 
| 105|0x0000000086900000, 0x0000000086900000, 0x0000000086a00000|  0%| F|  |TAMS 0x0000000086900000, 0x0000000086900000| Untracked 
| 106|0x0000000086a00000, 0x0000000086a00000, 0x0000000086b00000|  0%| F|  |TAMS 0x0000000086a00000, 0x0000000086a00000| Untracked 
| 107|0x0000000086b00000, 0x0000000086b00000, 0x0000000086c00000|  0%| F|  |TAMS 0x0000000086b00000, 0x0000000086b00000| Untracked 
| 108|0x0000000086c00000, 0x0000000086c00000, 0x0000000086d00000|  0%| F|  |TAMS 0x0000000086c00000, 0x0000000086c00000| Untracked 
| 109|0x0000000086d00000, 0x0000000086d00000, 0x0000000086e00000|  0%| F|  |TAMS 0x0000000086d00000, 0x0000000086d00000| Untracked 
| 110|0x0000000086e00000, 0x0000000086e00000, 0x0000000086f00000|  0%| F|  |TAMS 0x0000000086e00000, 0x0000000086e00000| Untracked 
| 111|0x0000000086f00000, 0x0000000086f00000, 0x0000000087000000|  0%| F|  |TAMS 0x0000000086f00000, 0x0000000086f00000| Untracked 
| 112|0x0000000087000000, 0x0000000087000000, 0x0000000087100000|  0%| F|  |TAMS 0x0000000087000000, 0x0000000087000000| Untracked 
| 113|0x0000000087100000, 0x0000000087100000, 0x0000000087200000|  0%| F|  |TAMS 0x0000000087100000, 0x0000000087100000| Untracked 
| 114|0x0000000087200000, 0x00000000872e6da0, 0x0000000087300000| 90%| S|CS|TAMS 0x0000000087200000, 0x0000000087200000| Complete 
| 115|0x0000000087300000, 0x0000000087400000, 0x0000000087400000|100%| S|CS|TAMS 0x0000000087300000, 0x0000000087300000| Complete 
| 116|0x0000000087400000, 0x0000000087500000, 0x0000000087500000|100%| S|CS|TAMS 0x0000000087400000, 0x0000000087400000| Complete 
| 117|0x0000000087500000, 0x0000000087500000, 0x0000000087600000|  0%| F|  |TAMS 0x0000000087500000, 0x0000000087500000| Untracked 
| 118|0x0000000087600000, 0x0000000087600000, 0x0000000087700000|  0%| F|  |TAMS 0x0000000087600000, 0x0000000087600000| Untracked 
| 119|0x0000000087700000, 0x0000000087700000, 0x0000000087800000|  0%| F|  |TAMS 0x0000000087700000, 0x0000000087700000| Untracked 
| 120|0x0000000087800000, 0x0000000087800000, 0x0000000087900000|  0%| F|  |TAMS 0x0000000087800000, 0x0000000087800000| Untracked 
| 121|0x0000000087900000, 0x0000000087900000, 0x0000000087a00000|  0%| F|  |TAMS 0x0000000087900000, 0x0000000087900000| Untracked 
| 122|0x0000000087a00000, 0x0000000087a00000, 0x0000000087b00000|  0%| F|  |TAMS 0x0000000087a00000, 0x0000000087a00000| Untracked 
| 123|0x0000000087b00000, 0x0000000087b00000, 0x0000000087c00000|  0%| F|  |TAMS 0x0000000087b00000, 0x0000000087b00000| Untracked 
| 124|0x0000000087c00000, 0x0000000087c00000, 0x0000000087d00000|  0%| F|  |TAMS 0x0000000087c00000, 0x0000000087c00000| Untracked 
| 125|0x0000000087d00000, 0x0000000087d00000, 0x0000000087e00000|  0%| F|  |TAMS 0x0000000087d00000, 0x0000000087d00000| Untracked 
| 126|0x0000000087e00000, 0x0000000087e00000, 0x0000000087f00000|  0%| F|  |TAMS 0x0000000087e00000, 0x0000000087e00000| Untracked 
| 127|0x0000000087f00000, 0x0000000087f00000, 0x0000000088000000|  0%| F|  |TAMS 0x0000000087f00000, 0x0000000087f00000| Untracked 
| 128|0x0000000088000000, 0x0000000088000000, 0x0000000088100000|  0%| F|  |TAMS 0x0000000088000000, 0x0000000088000000| Untracked 

Card table byte_map: [0x000001f37aa50000,0x000001f37ae50000] _byte_map_base: 0x000001f37a650000

Marking Bits (Prev, Next): (CMBitMap*) 0x000001f376e999b0, (CMBitMap*) 0x000001f376e999f0
 Prev Bits: [0x000001f37b250000, 0x000001f37d250000)
 Next Bits: [0x000001f37d250000, 0x000001f37f250000)

Polling page: 0x000001f376610000

Metaspace:

Usage:
  Non-class:     58.09 MB used.
      Class:      9.34 MB used.
       Both:     67.43 MB used.

Virtual space:
  Non-class space:       64.00 MB reserved,      58.44 MB ( 91%) committed,  1 nodes.
      Class space:        1.00 GB reserved,       9.62 MB ( <1%) committed,  1 nodes.
             Both:        1.06 GB reserved,      68.06 MB (  6%) committed. 

Chunk freelists:
   Non-Class:  5.48 MB
       Class:  6.38 MB
        Both:  11.87 MB

MaxMetaspaceSize: unlimited
CompressedClassSpaceSize: 1.00 GB
Initial GC threshold: 21.00 MB
Current GC threshold: 103.38 MB
CDS: off
MetaspaceReclaimPolicy: balanced
 - commit_granule_bytes: 65536.
 - commit_granule_words: 8192.
 - virtual_space_node_default_size: 8388608.
 - enlarge_chunks_in_place: 1.
 - new_chunks_are_fully_committed: 0.
 - uncommit_free_chunks: 1.
 - use_allocation_guard: 0.
 - handle_deallocations: 1.


Internal statistics:

num_allocs_failed_limit: 3.
num_arena_births: 716.
num_arena_deaths: 0.
num_vsnodes_births: 2.
num_vsnodes_deaths: 0.
num_space_committed: 1089.
num_space_uncommitted: 0.
num_chunks_returned_to_freelist: 3.
num_chunks_taken_from_freelist: 2960.
num_chunk_merges: 3.
num_chunk_splits: 2082.
num_chunks_enlarged: 1549.
num_inconsistent_stats: 0.

CodeHeap 'non-profiled nmethods': size=120000Kb used=2649Kb max_used=3220Kb free=117350Kb
 bounds [0x000001f307ad0000, 0x000001f307e00000, 0x000001f30f000000]
CodeHeap 'profiled nmethods': size=120000Kb used=8395Kb max_used=9801Kb free=111604Kb
 bounds [0x000001f300000000, 0x000001f3009a0000, 0x000001f307530000]
CodeHeap 'non-nmethods': size=5760Kb used=2351Kb max_used=2401Kb free=3408Kb
 bounds [0x000001f307530000, 0x000001f3077a0000, 0x000001f307ad0000]
 total_blobs=5232 nmethods=4355 adapters=789
 compilation: enabled
              stopped_count=0, restarted_count=0
 full_count=0

Compilation events (20 events):
Event: 9.956 Thread 0x000001f31502d4b0 5072       3       org.jetbrains.kotlin.com.intellij.util.text.ByteArrayCharSequence::charAt (17 bytes)
Event: 9.956 Thread 0x000001f31502d4b0 nmethod 5072 0x000001f30016f590 code [0x000001f30016f720, 0x000001f30016f878]
Event: 9.996 Thread 0x000001f31502d4b0 5073       3       org.jetbrains.kotlin.com.intellij.util.text.ImmutableText::charAt (50 bytes)
Event: 9.996 Thread 0x000001f31502d4b0 nmethod 5073 0x000001f30033e090 code [0x000001f30033e260, 0x000001f30033e608]
Event: 9.996 Thread 0x000001f31502d4b0 5074       3       org.jetbrains.kotlin.com.intellij.util.text.ImmutableText$Leaf8BitNode::charAt (10 bytes)
Event: 9.996 Thread 0x000001f31502d4b0 nmethod 5074 0x000001f3000e6790 code [0x000001f3000e6920, 0x000001f3000e6ab8]
Event: 10.024 Thread 0x000001f31502d4b0 5075       3       org.jetbrains.kotlin.com.intellij.psi.tree.TokenSet::get (44 bytes)
Event: 10.024 Thread 0x000001f31502d4b0 nmethod 5075 0x000001f300258a90 code [0x000001f300258c20, 0x000001f300258e38]
Event: 10.040 Thread 0x000001f31502d4b0 5076       3       org.jetbrains.kotlin.com.intellij.util.text.ImmutableText$Leaf8BitNode::byteToChar (7 bytes)
Event: 10.040 Thread 0x000001f31502d4b0 nmethod 5076 0x000001f300109890 code [0x000001f300109a20, 0x000001f300109b18]
Event: 10.041 Thread 0x000001f3150248e0 5077       4       sun.invoke.util.BytecodeDescriptor::unparseSig (49 bytes)
Event: 10.041 Thread 0x000001f31502d4b0 5078       3       java.lang.invoke.MethodHandleImpl::countNonNull (42 bytes)
Event: 10.041 Thread 0x000001f31502d4b0 nmethod 5078 0x000001f30033db90 code [0x000001f30033dd40, 0x000001f30033df98]
Event: 10.043 Thread 0x000001f31502d4b0 5079       3       java.lang.invoke.MemberName::equals (24 bytes)
Event: 10.043 Thread 0x000001f31502d4b0 nmethod 5079 0x000001f3004cdb90 code [0x000001f3004cdd40, 0x000001f3004ce0e8]
Event: 10.074 Thread 0x000001f31502d4b0 5080       3       java.lang.reflect.AccessibleObject::slowVerifyAccess (67 bytes)
Event: 10.074 Thread 0x000001f31502d4b0 nmethod 5080 0x000001f30012ec10 code [0x000001f30012ee20, 0x000001f30012f588]
Event: 10.088 Thread 0x000001f31502d4b0 5081       3       jdk.internal.loader.URLClassPath::findResource (38 bytes)
Event: 10.088 Thread 0x000001f31502d4b0 nmethod 5081 0x000001f3004cd510 code [0x000001f3004cd6e0, 0x000001f3004cda18]
Event: 10.090 Thread 0x000001f3150248e0 nmethod 5077 0x000001f307b00a90 code [0x000001f307b00d40, 0x000001f307b02fa0]

GC Heap History (20 events):
Event: 6.264 GC heap after
{Heap after GC invocations=17 (full 0):
 garbage-first heap   total 91136K, used 55729K [0x0000000080000000, 0x0000000100000000)
  region size 1024K, 3 young (3072K), 3 survivors (3072K)
 Metaspace       used 42890K, committed 43264K, reserved 1114112K
  class space    used 5744K, committed 5952K, reserved 1048576K
}
Event: 6.718 GC heap before
{Heap before GC invocations=18 (full 0):
 garbage-first heap   total 106496K, used 77233K [0x0000000080000000, 0x0000000100000000)
  region size 1024K, 20 young (20480K), 3 survivors (3072K)
 Metaspace       used 45489K, committed 45888K, reserved 1114112K
  class space    used 6045K, committed 6272K, reserved 1048576K
}
Event: 6.722 GC heap after
{Heap after GC invocations=19 (full 0):
 garbage-first heap   total 106496K, used 56668K [0x0000000080000000, 0x0000000100000000)
  region size 1024K, 2 young (2048K), 2 survivors (2048K)
 Metaspace       used 45489K, committed 45888K, reserved 1114112K
  class space    used 6045K, committed 6272K, reserved 1048576K
}
Event: 7.211 GC heap before
{Heap before GC invocations=19 (full 0):
 garbage-first heap   total 106496K, used 79196K [0x0000000080000000, 0x0000000100000000)
  region size 1024K, 25 young (25600K), 2 survivors (2048K)
 Metaspace       used 47388K, committed 47872K, reserved 1114112K
  class space    used 6329K, committed 6528K, reserved 1048576K
}
Event: 7.216 GC heap after
{Heap after GC invocations=20 (full 0):
 garbage-first heap   total 106496K, used 59151K [0x0000000080000000, 0x0000000100000000)
  region size 1024K, 4 young (4096K), 4 survivors (4096K)
 Metaspace       used 47388K, committed 47872K, reserved 1114112K
  class space    used 6329K, committed 6528K, reserved 1048576K
}
Event: 7.291 GC heap before
{Heap before GC invocations=21 (full 0):
 garbage-first heap   total 111616K, used 65295K [0x0000000080000000, 0x0000000100000000)
  region size 1024K, 9 young (9216K), 4 survivors (4096K)
 Metaspace       used 47706K, committed 48192K, reserved 1114112K
  class space    used 6353K, committed 6592K, reserved 1048576K
}
Event: 7.295 GC heap after
{Heap after GC invocations=22 (full 0):
 garbage-first heap   total 111616K, used 63762K [0x0000000080000000, 0x0000000100000000)
  region size 1024K, 2 young (2048K), 2 survivors (2048K)
 Metaspace       used 47706K, committed 48192K, reserved 1114112K
  class space    used 6353K, committed 6592K, reserved 1048576K
}
Event: 7.767 GC heap before
{Heap before GC invocations=23 (full 0):
 garbage-first heap   total 114688K, used 88338K [0x0000000080000000, 0x0000000100000000)
  region size 1024K, 24 young (24576K), 2 survivors (2048K)
 Metaspace       used 50161K, committed 50688K, reserved 1114112K
  class space    used 6612K, committed 6848K, reserved 1048576K
}
Event: 7.771 GC heap after
{Heap after GC invocations=24 (full 0):
 garbage-first heap   total 114688K, used 64621K [0x0000000080000000, 0x0000000100000000)
  region size 1024K, 3 young (3072K), 3 survivors (3072K)
 Metaspace       used 50161K, committed 50688K, reserved 1114112K
  class space    used 6612K, committed 6848K, reserved 1048576K
}
Event: 8.170 GC heap before
{Heap before GC invocations=24 (full 0):
 garbage-first heap   total 114688K, used 88173K [0x0000000080000000, 0x0000000100000000)
  region size 1024K, 27 young (27648K), 3 survivors (3072K)
 Metaspace       used 52981K, committed 53632K, reserved 1114112K
  class space    used 7199K, committed 7488K, reserved 1048576K
}
Event: 8.173 GC heap after
{Heap after GC invocations=25 (full 0):
 garbage-first heap   total 114688K, used 65539K [0x0000000080000000, 0x0000000100000000)
  region size 1024K, 3 young (3072K), 3 survivors (3072K)
 Metaspace       used 52981K, committed 53632K, reserved 1114112K
  class space    used 7199K, committed 7488K, reserved 1048576K
}
Event: 8.675 GC heap before
{Heap before GC invocations=26 (full 0):
 garbage-first heap   total 114688K, used 92163K [0x0000000080000000, 0x0000000100000000)
  region size 1024K, 29 young (29696K), 3 survivors (3072K)
 Metaspace       used 56532K, committed 57152K, reserved 1114112K
  class space    used 7971K, committed 8256K, reserved 1048576K
}
Event: 8.679 GC heap after
{Heap after GC invocations=27 (full 0):
 garbage-first heap   total 114688K, used 66418K [0x0000000080000000, 0x0000000100000000)
  region size 1024K, 2 young (2048K), 2 survivors (2048K)
 Metaspace       used 56532K, committed 57152K, reserved 1114112K
  class space    used 7971K, committed 8256K, reserved 1048576K
}
Event: 9.074 GC heap before
{Heap before GC invocations=27 (full 0):
 garbage-first heap   total 114688K, used 93042K [0x0000000080000000, 0x0000000100000000)
  region size 1024K, 28 young (28672K), 2 survivors (2048K)
 Metaspace       used 59682K, committed 60288K, reserved 1114112K
  class space    used 8402K, committed 8640K, reserved 1048576K
}
Event: 9.078 GC heap after
{Heap after GC invocations=28 (full 0):
 garbage-first heap   total 114688K, used 67544K [0x0000000080000000, 0x0000000100000000)
  region size 1024K, 4 young (4096K), 4 survivors (4096K)
 Metaspace       used 59682K, committed 60288K, reserved 1114112K
  class space    used 8402K, committed 8640K, reserved 1048576K
}
Event: 9.439 GC heap before
{Heap before GC invocations=29 (full 0):
 garbage-first heap   total 121856K, used 88024K [0x0000000080000000, 0x0000000100000000)
  region size 1024K, 26 young (26624K), 4 survivors (4096K)
 Metaspace       used 62821K, committed 63488K, reserved 1114112K
  class space    used 8773K, committed 9088K, reserved 1048576K
}
Event: 9.443 GC heap after
{Heap after GC invocations=30 (full 0):
 garbage-first heap   total 121856K, used 68163K [0x0000000080000000, 0x0000000100000000)
  region size 1024K, 3 young (3072K), 3 survivors (3072K)
 Metaspace       used 62821K, committed 63488K, reserved 1114112K
  class space    used 8773K, committed 9088K, reserved 1048576K
}
Event: 9.932 GC heap before
{Heap before GC invocations=31 (full 0):
 garbage-first heap   total 132096K, used 104003K [0x0000000080000000, 0x0000000100000000)
  region size 1024K, 34 young (34816K), 3 survivors (3072K)
 Metaspace       used 67015K, committed 67712K, reserved 1114112K
  class space    used 9316K, committed 9664K, reserved 1048576K
}
Event: 9.935 GC heap after
{Heap after GC invocations=32 (full 0):
 garbage-first heap   total 132096K, used 73050K [0x0000000080000000, 0x0000000100000000)
  region size 1024K, 4 young (4096K), 4 survivors (4096K)
 Metaspace       used 67015K, committed 67712K, reserved 1114112K
  class space    used 9316K, committed 9664K, reserved 1048576K
}
Event: 10.114 GC heap before
{Heap before GC invocations=32 (full 0):
 garbage-first heap   total 132096K, used 84314K [0x0000000080000000, 0x0000000100000000)
  region size 1024K, 16 young (16384K), 4 survivors (4096K)
 Metaspace       used 69052K, committed 69696K, reserved 1114112K
  class space    used 9562K, committed 9856K, reserved 1048576K
}

Dll operation events (3 events):
Event: 0.008 Loaded shared library C:\Program Files\Android\Android Studio\jbr\bin\java.dll
Event: 0.123 Loaded shared library C:\Program Files\Android\Android Studio\jbr\bin\zip.dll
Event: 0.453 Loaded shared library C:\Program Files\Android\Android Studio\jbr\bin\verify.dll

Deoptimization events (20 events):
Event: 9.522 Thread 0x000001f318010890 DEOPT PACKING pc=0x000001f307bec40c sp=0x000000cdb51f5d40
Event: 9.522 Thread 0x000001f318010890 DEOPT UNPACKING pc=0x000001f3075869a3 sp=0x000000cdb51f5d70 mode 2
Event: 9.965 Thread 0x000001f3166cb7d0 DEOPT PACKING pc=0x000001f3008bbf14 sp=0x000000cdb54ff400
Event: 9.965 Thread 0x000001f3166cb7d0 DEOPT UNPACKING pc=0x000001f307587143 sp=0x000000cdb54fe928 mode 0
Event: 10.074 Thread 0x000001f318010890 Uncommon trap: trap_request=0xffffff45 fr.pc=0x000001f307b63604 relative=0x00000000000001e4
Event: 10.074 Thread 0x000001f318010890 Uncommon trap: reason=unstable_if action=reinterpret pc=0x000001f307b63604 method=java.net.URI.match(CJJ)Z @ 19 c2
Event: 10.074 Thread 0x000001f318010890 DEOPT PACKING pc=0x000001f307b63604 sp=0x000000cdb51f57f0
Event: 10.075 Thread 0x000001f318010890 DEOPT UNPACKING pc=0x000001f3075869a3 sp=0x000000cdb51f56e0 mode 2
Event: 10.075 Thread 0x000001f318010890 Uncommon trap: trap_request=0xffffff45 fr.pc=0x000001f307b3a434 relative=0x0000000000000294
Event: 10.075 Thread 0x000001f318010890 Uncommon trap: reason=unstable_if action=reinterpret pc=0x000001f307b3a434 method=java.net.URI$Parser.scan(IILjava/lang/String;)I @ 26 c2
Event: 10.075 Thread 0x000001f318010890 DEOPT PACKING pc=0x000001f307b3a434 sp=0x000000cdb51f5710
Event: 10.075 Thread 0x000001f318010890 DEOPT UNPACKING pc=0x000001f3075869a3 sp=0x000000cdb51f56a0 mode 2
Event: 10.077 Thread 0x000001f318010890 Uncommon trap: trap_request=0xffffffcc fr.pc=0x000001f307b226ec relative=0x000000000000144c
Event: 10.077 Thread 0x000001f318010890 Uncommon trap: reason=intrinsic_or_type_checked_inlining action=make_not_entrant pc=0x000001f307b226ec method=java.util.ArrayList.toArray([Ljava/lang/Object;)[Ljava/lang/Object; @ 36 c2
Event: 10.077 Thread 0x000001f318010890 DEOPT PACKING pc=0x000001f307b226ec sp=0x000000cdb51f4a70
Event: 10.077 Thread 0x000001f318010890 DEOPT UNPACKING pc=0x000001f3075869a3 sp=0x000000cdb51f49b8 mode 2
Event: 10.109 Thread 0x000001f318010890 Uncommon trap: trap_request=0xffffff45 fr.pc=0x000001f307c664c8 relative=0x00000000000000c8
Event: 10.109 Thread 0x000001f318010890 Uncommon trap: reason=unstable_if action=reinterpret pc=0x000001f307c664c8 method=java.lang.ref.SoftReference.get()Ljava/lang/Object; @ 6 c2
Event: 10.109 Thread 0x000001f318010890 DEOPT PACKING pc=0x000001f307c664c8 sp=0x000000cdb51f5b40
Event: 10.109 Thread 0x000001f318010890 DEOPT UNPACKING pc=0x000001f3075869a3 sp=0x000000cdb51f5af8 mode 2

Classes unloaded (0 events):
No events

Classes redefined (0 events):
No events

Internal exceptions (20 events):
Event: 7.731 Thread 0x000001f318010890 Exception <a 'java/lang/NoSuchMethodError'{0x0000000085b299d8}: 'java.lang.Object java.lang.invoke.DirectMethodHandle$Holder.invokeStatic(java.lang.Object, java.lang.Object, java.lang.Object, java.lang.Object, java.lang.Object, java.lang.Object, java.lang.Object, java.lang.Object, java.lang.Object, java.lang.Object, java.lang.Object, java.lang.Object, java.lang.Object, java.lang.Object, java.lang.Object, java.lang.Object, java.lang.Object, java.lang.Object, java.lang.Object, java.lang.Object, java.lang.Obj
Event: 7.733 Thread 0x000001f318010890 Exception <a 'java/lang/NoSuchMethodError'{0x0000000085b5b000}: 'java.lang.Object java.lang.invoke.DirectMethodHandle$Holder.invokeStatic(java.lang.Object, java.lang.Object, java.lang.Object, java.lang.Object, java.lang.Object, java.lang.Object, java.lang.Object, java.lang.Object, java.lang.Object, java.lang.Object, java.lang.Object, java.lang.Object, java.lang.Object, java.lang.Object, java.lang.Object, java.lang.Object, java.lang.Object, java.lang.Object, java.lang.Object, java.lang.Object, java.lang.Obj
Event: 7.848 Thread 0x000001f318010890 Exception <a 'java/lang/IncompatibleClassChangeError'{0x0000000086781400}: Found class java.lang.Object, but interface was expected> (0x0000000086781400) 
thrown [s\src\hotspot\share\interpreter\linkResolver.cpp, line 838]
Event: 7.910 Thread 0x000001f318010890 Exception <a 'java/lang/IncompatibleClassChangeError'{0x00000000865ab148}: Found class java.lang.Object, but interface was expected> (0x00000000865ab148) 
thrown [s\src\hotspot\share\interpreter\linkResolver.cpp, line 838]
Event: 7.920 Thread 0x000001f318010890 Exception <a 'java/lang/NoSuchMethodError'{0x0000000086425650}: 'void java.lang.invoke.DirectMethodHandle$Holder.invokeStatic(java.lang.Object, java.lang.Object, java.lang.Object, java.lang.Object, java.lang.Object, java.lang.Object)'> (0x0000000086425650) 
thrown [s\src\hotspot\share\interpreter\linkResolver.cpp, line 771]
Event: 7.966 Thread 0x000001f318010890 Exception <a 'java/lang/NoSuchMethodError'{0x00000000862f06f8}: 'java.lang.Object java.lang.invoke.DirectMethodHandle$Holder.invokeStaticInit(java.lang.Object, int)'> (0x00000000862f06f8) 
thrown [s\src\hotspot\share\interpreter\linkResolver.cpp, line 771]
Event: 7.988 Thread 0x000001f318010890 Exception <a 'java/lang/NoSuchMethodError'{0x0000000086049228}: 'int java.lang.invoke.DelegatingMethodHandle$Holder.reinvoke_L(java.lang.Object, java.lang.Object, java.lang.Object, long, int, int)'> (0x0000000086049228) 
thrown [s\src\hotspot\share\interpreter\linkResolver.cpp, line 771]
Event: 7.990 Thread 0x000001f318010890 Exception <a 'java/lang/NoSuchMethodError'{0x0000000086058df8}: 'int java.lang.invoke.DelegatingMethodHandle$Holder.reinvoke_L(java.lang.Object, java.lang.Object, java.lang.Object, long, long, long)'> (0x0000000086058df8) 
thrown [s\src\hotspot\share\interpreter\linkResolver.cpp, line 771]
Event: 7.993 Thread 0x000001f318010890 Exception <a 'java/lang/NoSuchMethodError'{0x0000000086068cd0}: 'int java.lang.invoke.DelegatingMethodHandle$Holder.reinvoke_L(java.lang.Object, java.lang.Object, java.lang.Object, long, java.lang.Object, java.lang.Object)'> (0x0000000086068cd0) 
thrown [s\src\hotspot\share\interpreter\linkResolver.cpp, line 771]
Event: 7.995 Thread 0x000001f318010890 Exception <a 'java/lang/NoSuchMethodError'{0x00000000860789f0}: 'void java.lang.invoke.DelegatingMethodHandle$Holder.reinvoke_L(java.lang.Object, java.lang.Object, java.lang.Object, long, java.lang.Object)'> (0x00000000860789f0) 
thrown [s\src\hotspot\share\interpreter\linkResolver.cpp, line 771]
Event: 7.996 Thread 0x000001f318010890 Exception <a 'java/lang/NoSuchMethodError'{0x00000000860812f0}: 'java.lang.Object java.lang.invoke.DirectMethodHandle$Holder.invokeSpecial(java.lang.Object, java.lang.Object, java.lang.Object, java.lang.Object, long)'> (0x00000000860812f0) 
thrown [s\src\hotspot\share\interpreter\linkResolver.cpp, line 771]
Event: 7.998 Thread 0x000001f318010890 Exception <a 'java/lang/NoSuchMethodError'{0x00000000860a99a0}: 'long java.lang.invoke.Invokers$Holder.invoke_MT(java.lang.Object, java.lang.Object, java.lang.Object, java.lang.Object)'> (0x00000000860a99a0) 
thrown [s\src\hotspot\share\interpreter\linkResolver.cpp, line 771]
Event: 7.999 Thread 0x000001f318010890 Exception <a 'java/lang/NoSuchMethodError'{0x00000000860b2aa0}: 'int java.lang.invoke.Invokers$Holder.invoke_MT(java.lang.Object, java.lang.Object, java.lang.Object, java.lang.Object)'> (0x00000000860b2aa0) 
thrown [s\src\hotspot\share\interpreter\linkResolver.cpp, line 771]
Event: 8.001 Thread 0x000001f318010890 Exception <a 'java/lang/NoSuchMethodError'{0x00000000860c3ae8}: 'int java.lang.invoke.DelegatingMethodHandle$Holder.reinvoke_L(java.lang.Object, java.lang.Object, java.lang.Object, long, int)'> (0x00000000860c3ae8) 
thrown [s\src\hotspot\share\interpreter\linkResolver.cpp, line 771]
Event: 8.003 Thread 0x000001f318010890 Exception <a 'java/lang/NoSuchMethodError'{0x00000000860d7ef8}: 'java.lang.Object java.lang.invoke.Invokers$Holder.invokeExact_MT(java.lang.Object, java.lang.Object, long, java.lang.Object)'> (0x00000000860d7ef8) 
thrown [s\src\hotspot\share\interpreter\linkResolver.cpp, line 771]
Event: 9.229 Thread 0x000001f318010890 Exception <a 'java/lang/NoSuchMethodError'{0x00000000870cad10}: 'long java.lang.invoke.DirectMethodHandle$Holder.invokeStatic(java.lang.Object)'> (0x00000000870cad10) 
thrown [s\src\hotspot\share\interpreter\linkResolver.cpp, line 771]
Event: 9.230 Thread 0x000001f318010890 Exception <a 'java/lang/NoSuchMethodError'{0x00000000870cf8f8}: 'long java.lang.invoke.DirectMethodHandle$Holder.invokeStaticInit(java.lang.Object)'> (0x00000000870cf8f8) 
thrown [s\src\hotspot\share\interpreter\linkResolver.cpp, line 771]
Event: 9.435 Thread 0x000001f318010890 Implicit null exception at 0x000001f307cf1a0c to 0x000001f307cf1b46
Event: 9.852 Thread 0x000001f318010890 Exception <a 'java/lang/NoSuchMethodError'{0x00000000868ae010}: 'void java.lang.invoke.DirectMethodHandle$Holder.invokeVirtual(java.lang.Object, java.lang.Object)'> (0x00000000868ae010) 
thrown [s\src\hotspot\share\interpreter\linkResolver.cpp, line 771]
Event: 10.089 Thread 0x000001f318010890 Exception <a 'java/lang/NoSuchMethodError'{0x0000000087641bb0}: 'java.lang.Object java.lang.invoke.Invokers$Holder.invoke_MT(java.lang.Object, java.lang.Object, java.lang.Object)'> (0x0000000087641bb0) 
thrown [s\src\hotspot\share\interpreter\linkResolver.cpp, line 771]

VM Operations (20 events):
Event: 9.078 Executing VM operation: G1CollectForAllocation done
Event: 9.119 Executing VM operation: G1Concurrent
Event: 9.121 Executing VM operation: G1Concurrent done
Event: 9.141 Executing VM operation: G1Concurrent
Event: 9.141 Executing VM operation: G1Concurrent done
Event: 9.438 Executing VM operation: G1TryInitiateConcMark
Event: 9.443 Executing VM operation: G1TryInitiateConcMark done
Event: 9.490 Executing VM operation: G1Concurrent
Event: 9.493 Executing VM operation: G1Concurrent done
Event: 9.512 Executing VM operation: G1Concurrent
Event: 9.512 Executing VM operation: G1Concurrent done
Event: 9.587 Executing VM operation: HandshakeAllThreads
Event: 9.588 Executing VM operation: HandshakeAllThreads done
Event: 9.932 Executing VM operation: G1CollectForAllocation
Event: 9.935 Executing VM operation: G1CollectForAllocation done
Event: 9.948 Executing VM operation: HandshakeAllThreads
Event: 9.948 Executing VM operation: HandshakeAllThreads done
Event: 10.112 Executing VM operation: HandshakeAllThreads
Event: 10.112 Executing VM operation: HandshakeAllThreads done
Event: 10.114 Executing VM operation: G1TryInitiateConcMark

Events (20 events):
Event: 10.089 loading class jdk/internal/misc/ExtendedMapMode
Event: 10.089 loading class jdk/internal/misc/ExtendedMapMode done
Event: 10.090 loading class sun/nio/ch/FileChannelImpl$DefaultUnmapper
Event: 10.090 loading class sun/nio/ch/FileChannelImpl$Unmapper
Event: 10.090 loading class jdk/internal/access/foreign/UnmapperProxy
Event: 10.090 loading class jdk/internal/access/foreign/UnmapperProxy done
Event: 10.090 loading class sun/nio/ch/FileChannelImpl$Unmapper done
Event: 10.090 loading class sun/nio/ch/FileChannelImpl$DefaultUnmapper done
Event: 10.090 loading class sun/nio/ch/Util$4
Event: 10.090 loading class sun/nio/ch/Util$4 done
Event: 10.091 loading class jdk/internal/access/foreign/MemorySegmentProxy
Event: 10.091 loading class jdk/internal/access/foreign/MemorySegmentProxy done
Event: 10.092 loading class java/io/UTFDataFormatException
Event: 10.092 loading class java/io/UTFDataFormatException done
Event: 10.108 loading class java/util/DualPivotQuicksort
Event: 10.108 loading class java/util/DualPivotQuicksort done
Event: 10.111 loading class java/nio/file/attribute/DosFileAttributeView
Event: 10.111 loading class java/nio/file/attribute/DosFileAttributeView done
Event: 10.111 loading class sun/nio/fs/WindowsFileAttributeViews$Dos
Event: 10.112 loading class sun/nio/fs/WindowsFileAttributeViews$Dos done


Dynamic libraries:
0x00007ff71adc0000 - 0x00007ff71adca000 	C:\Program Files\Android\Android Studio\jbr\bin\java.exe
0x00007ffcb6f10000 - 0x00007ffcb7105000 	C:\WINDOWS\SYSTEM32\ntdll.dll
0x00007ffcb5b60000 - 0x00007ffcb5c1e000 	C:\WINDOWS\System32\KERNEL32.DLL
0x00007ffcb4bb0000 - 0x00007ffcb4e78000 	C:\WINDOWS\System32\KERNELBASE.dll
0x00007ffcb4ab0000 - 0x00007ffcb4bb0000 	C:\WINDOWS\System32\ucrtbase.dll
0x00007ffcad430000 - 0x00007ffcad447000 	C:\Program Files\Android\Android Studio\jbr\bin\jli.dll
0x00007ffcad010000 - 0x00007ffcad02b000 	C:\Program Files\Android\Android Studio\jbr\bin\VCRUNTIME140.dll
0x00007ffcb6af0000 - 0x00007ffcb6c90000 	C:\WINDOWS\System32\USER32.dll
0x00007ffcb4f10000 - 0x00007ffcb4f32000 	C:\WINDOWS\System32\win32u.dll
0x00007ffcb5e00000 - 0x00007ffcb5e2a000 	C:\WINDOWS\System32\GDI32.dll
0x00007ffca1d20000 - 0x00007ffca1fba000 	C:\WINDOWS\WinSxS\amd64_microsoft.windows.common-controls_6595b64144ccf1df_6.0.19041.1110_none_60b5254171f9507e\COMCTL32.dll
0x00007ffcb6a50000 - 0x00007ffcb6aee000 	C:\WINDOWS\System32\msvcrt.dll
0x00007ffcb4630000 - 0x00007ffcb473b000 	C:\WINDOWS\System32\gdi32full.dll
0x00007ffcb49c0000 - 0x00007ffcb4a5d000 	C:\WINDOWS\System32\msvcp_win.dll
0x00007ffcb68c0000 - 0x00007ffcb68f0000 	C:\WINDOWS\System32\IMM32.DLL
0x00007ffcadbe0000 - 0x00007ffcadbec000 	C:\Program Files\Android\Android Studio\jbr\bin\vcruntime140_1.dll
0x00007ffc9f920000 - 0x00007ffc9f9ad000 	C:\Program Files\Android\Android Studio\jbr\bin\msvcp140.dll
0x00007ffc41720000 - 0x00007ffc423a0000 	C:\Program Files\Android\Android Studio\jbr\bin\server\jvm.dll
0x00007ffcb5c20000 - 0x00007ffcb5cce000 	C:\WINDOWS\System32\ADVAPI32.dll
0x00007ffcb69b0000 - 0x00007ffcb6a4c000 	C:\WINDOWS\System32\sechost.dll
0x00007ffcb5cd0000 - 0x00007ffcb5df5000 	C:\WINDOWS\System32\RPCRT4.dll
0x00007ffc9f1a0000 - 0x00007ffc9f1a9000 	C:\WINDOWS\SYSTEM32\WSOCK32.dll
0x00007ffcaba10000 - 0x00007ffcaba1a000 	C:\WINDOWS\SYSTEM32\VERSION.dll
0x00007ffcaa040000 - 0x00007ffcaa067000 	C:\WINDOWS\SYSTEM32\WINMM.dll
0x00007ffcb5f50000 - 0x00007ffcb5fbb000 	C:\WINDOWS\System32\WS2_32.dll
0x00007ffcb2550000 - 0x00007ffcb2562000 	C:\WINDOWS\SYSTEM32\kernel.appcore.dll
0x00007ffcafbf0000 - 0x00007ffcafbfa000 	C:\Program Files\Android\Android Studio\jbr\bin\jimage.dll
0x00007ffc9e590000 - 0x00007ffc9e774000 	C:\WINDOWS\SYSTEM32\DBGHELP.DLL
0x00007ffc9da40000 - 0x00007ffc9da6c000 	C:\WINDOWS\SYSTEM32\dbgcore.DLL
0x00007ffcb4e80000 - 0x00007ffcb4f02000 	C:\WINDOWS\System32\bcryptPrimitives.dll
0x00007ffcaf5d0000 - 0x00007ffcaf5de000 	C:\Program Files\Android\Android Studio\jbr\bin\instrument.dll
0x00007ffcad540000 - 0x00007ffcad565000 	C:\Program Files\Android\Android Studio\jbr\bin\java.dll
0x00007ffcadc00000 - 0x00007ffcadc18000 	C:\Program Files\Android\Android Studio\jbr\bin\zip.dll
0x00007ffcb5050000 - 0x00007ffcb5794000 	C:\WINDOWS\System32\SHELL32.dll
0x00007ffcb2750000 - 0x00007ffcb2ee4000 	C:\WINDOWS\SYSTEM32\windows.storage.dll
0x00007ffcb5800000 - 0x00007ffcb5b54000 	C:\WINDOWS\System32\combase.dll
0x00007ffcb40a0000 - 0x00007ffcb40cc000 	C:\WINDOWS\SYSTEM32\Wldp.dll
0x00007ffcb6900000 - 0x00007ffcb69ad000 	C:\WINDOWS\System32\SHCORE.dll
0x00007ffcb4ff0000 - 0x00007ffcb5045000 	C:\WINDOWS\System32\shlwapi.dll
0x00007ffcb4570000 - 0x00007ffcb458f000 	C:\WINDOWS\SYSTEM32\profapi.dll
0x00007ffcad520000 - 0x00007ffcad539000 	C:\Program Files\Android\Android Studio\jbr\bin\net.dll
0x00007ffca92c0000 - 0x00007ffca93ca000 	C:\WINDOWS\SYSTEM32\WINHTTP.dll
0x00007ffcb3d90000 - 0x00007ffcb3dfa000 	C:\WINDOWS\system32\mswsock.dll
0x00007ffcad450000 - 0x00007ffcad466000 	C:\Program Files\Android\Android Studio\jbr\bin\nio.dll
0x00007ffcafbe0000 - 0x00007ffcafbf0000 	C:\Program Files\Android\Android Studio\jbr\bin\verify.dll
0x00007ffc9edc0000 - 0x00007ffc9ede7000 	C:\Users\Abel\.gradle\native\68d5fa5c4cc2d200863cafc0d521ce42e7d3e7ee720ec0a83991735586a16f82\windows-amd64\native-platform.dll
0x00007ffc73d60000 - 0x00007ffc73ea4000 	C:\Users\Abel\.gradle\native\e376f236ea51e6404a007f0833ffe2c6e607c4080706a723a18a27aeea778392\windows-amd64\native-platform-file-events.dll
0x00007ffcaf810000 - 0x00007ffcaf819000 	C:\Program Files\Android\Android Studio\jbr\bin\management.dll
0x00007ffcaf700000 - 0x00007ffcaf70b000 	C:\Program Files\Android\Android Studio\jbr\bin\management_ext.dll
0x00007ffcb6720000 - 0x00007ffcb6728000 	C:\WINDOWS\System32\PSAPI.DLL
0x00007ffcb3f90000 - 0x00007ffcb3fa8000 	C:\WINDOWS\SYSTEM32\CRYPTSP.dll
0x00007ffcb36b0000 - 0x00007ffcb36e4000 	C:\WINDOWS\system32\rsaenh.dll
0x00007ffcb4f40000 - 0x00007ffcb4f67000 	C:\WINDOWS\System32\bcrypt.dll
0x00007ffcb4530000 - 0x00007ffcb455e000 	C:\WINDOWS\SYSTEM32\USERENV.dll
0x00007ffcb3f80000 - 0x00007ffcb3f8c000 	C:\WINDOWS\SYSTEM32\CRYPTBASE.dll
0x00007ffcb3a20000 - 0x00007ffcb3a5b000 	C:\WINDOWS\SYSTEM32\IPHLPAPI.DLL
0x00007ffcb68f0000 - 0x00007ffcb68f8000 	C:\WINDOWS\System32\NSI.dll
0x00007ffcac7c0000 - 0x00007ffcac7d7000 	C:\WINDOWS\SYSTEM32\dhcpcsvc6.DLL
0x00007ffcac7a0000 - 0x00007ffcac7bd000 	C:\WINDOWS\SYSTEM32\dhcpcsvc.DLL
0x00007ffcb3a60000 - 0x00007ffcb3b2b000 	C:\WINDOWS\SYSTEM32\DNSAPI.dll
0x00007ffc9cab0000 - 0x00007ffc9cab7000 	C:\WINDOWS\system32\wshunix.dll

dbghelp: loaded successfully - version: 4.0.5 - missing functions: none
symbol engine: initialized successfully - sym options: 0x614 - pdb path: .;C:\Program Files\Android\Android Studio\jbr\bin;C:\WINDOWS\SYSTEM32;C:\WINDOWS\WinSxS\amd64_microsoft.windows.common-controls_6595b64144ccf1df_6.0.19041.1110_none_60b5254171f9507e;C:\Program Files\Android\Android Studio\jbr\bin\server;C:\Users\Abel\.gradle\native\68d5fa5c4cc2d200863cafc0d521ce42e7d3e7ee720ec0a83991735586a16f82\windows-amd64;C:\Users\Abel\.gradle\native\e376f236ea51e6404a007f0833ffe2c6e607c4080706a723a18a27aeea778392\windows-amd64

VM Arguments:
jvm_args: --add-opens=java.base/java.util=ALL-UNNAMED --add-opens=java.base/java.lang=ALL-UNNAMED --add-opens=java.base/java.lang.invoke=ALL-UNNAMED --add-opens=java.prefs/java.util.prefs=ALL-UNNAMED --add-opens=java.base/java.nio.charset=ALL-UNNAMED --add-opens=java.base/java.net=ALL-UNNAMED --add-opens=java.base/java.util.concurrent.atomic=ALL-UNNAMED -Xmx2048m -Dfile.encoding=UTF-8 -Duser.country=ES -Duser.language=es -Duser.variant -javaagent:C:\Users\Abel\.gradle\wrapper\dists\gradle-8.2-bin\bbg7u40eoinfdyxsxr3z4i7ta\gradle-8.2\lib\agents\gradle-instrumentation-agent-8.2.jar 
java_command: org.gradle.launcher.daemon.bootstrap.GradleDaemon 8.2
java_class_path (initial): C:\Users\Abel\.gradle\wrapper\dists\gradle-8.2-bin\bbg7u40eoinfdyxsxr3z4i7ta\gradle-8.2\lib\gradle-launcher-8.2.jar
Launcher Type: SUN_STANDARD

[Global flags]
     intx CICompilerCount                          = 4                                         {product} {ergonomic}
     uint ConcGCThreads                            = 2                                         {product} {ergonomic}
     uint G1ConcRefinementThreads                  = 8                                         {product} {ergonomic}
   size_t G1HeapRegionSize                         = 1048576                                   {product} {ergonomic}
    uintx GCDrainStackTargetSize                   = 64                                        {product} {ergonomic}
   size_t InitialHeapSize                          = 134217728                                 {product} {ergonomic}
   size_t MarkStackSize                            = 4194304                                   {product} {ergonomic}
   size_t MaxHeapSize                              = 2147483648                                {product} {command line}
   size_t MaxNewSize                               = 1287651328                                {product} {ergonomic}
   size_t MinHeapDeltaBytes                        = 1048576                                   {product} {ergonomic}
   size_t MinHeapSize                              = 8388608                                   {product} {ergonomic}
    uintx NonNMethodCodeHeapSize                   = 5839372                                {pd product} {ergonomic}
    uintx NonProfiledCodeHeapSize                  = 122909434                              {pd product} {ergonomic}
    uintx ProfiledCodeHeapSize                     = 122909434                              {pd product} {ergonomic}
    uintx ReservedCodeCacheSize                    = 251658240                              {pd product} {ergonomic}
     bool SegmentedCodeCache                       = true                                      {product} {ergonomic}
   size_t SoftMaxHeapSize                          = 2147483648                             {manageable} {ergonomic}
     bool UseCompressedClassPointers               = true                           {product lp64_product} {ergonomic}
     bool UseCompressedOops                        = true                           {product lp64_product} {ergonomic}
     bool UseG1GC                                  = true                                      {product} {ergonomic}
     bool UseLargePagesIndividualAllocation        = false                                  {pd product} {ergonomic}

Logging:
Log output configuration:
 #0: stdout all=warning uptime,level,tags
 #1: stderr all=off uptime,level,tags

Environment Variables:
PATH=C:\Program Files\Common Files\Oracle\Java\javapath;C:\Program Files (x86)\Intel\iCLS Client\;C:\Program Files\Intel\iCLS Client\;C:\Windows\System32;C:\Windows;C:\Windows\System32\wbem;C:\Windows\System32\WindowsPowerShell\v1.0\;C:\Program Files (x86)\Intel\Intel(R) Management Engine Components\DAL;C:\Program Files\Intel\Intel(R) Management Engine Components\DAL;C:\Program Files (x86)\Intel\Intel(R) Management Engine Components\IPT;C:\Program Files\Intel\Intel(R) Management Engine Components\IPT;C:\Program Files (x86)\NVIDIA Corporation\PhysX\Common;C:\Program Files\Intel\WiFi\bin\;C:\Program Files\Common Files\Intel\WirelessCommon\;C:\Windows\System32;C:\Windows;C:\Windows\System32\wbem;C:\Windows\System32\WindowsPowerShell\v1.0\;C:\Windows\System32\OpenSSH\;C:\Program Files\Git\cmd;C:\Program Files\AutoFirma\AutoFirma;C:\Program Files\nodejs\;C:\Users\Abel\AppData\Roaming\npm;C:\Program Files\MySQL\MySQL Shell 8.0\bin\;C:\Program Files\MySQL\MySQL Server 8.0\bin\;C:\Users\Abel\AppData\Local\Microsoft\WindowsApps;C:\Packer;C:\Users\Abel\AppData\Local\Programs\Microsoft VS Code\bin;C:\Users\Abel\AppData\Roaming\npm
USERNAME=Abel
OS=Windows_NT
PROCESSOR_IDENTIFIER=Intel64 Family 6 Model 142 Stepping 10, GenuineIntel
TMP=C:\Users\Abel\AppData\Local\Temp
TEMP=C:\Users\Abel\AppData\Local\Temp


JNI global refs:
JNI global refs: 25, weak refs: 0

JNI global refs memory usage: 843, weak refs: 841

OOME stack traces (most recent first):
Classloader memory used:
Loader org.gradle.internal.classloader.VisitableURLClassLoader                         : 5138K
Loader bootstrap                                                                       : 2521K
Loader org.gradle.initialization.MixInLegacyTypesClassLoader                           : 686K
Loader org.gradle.internal.classloader.VisitableURLClassLoader$InstrumentingVisitableURLClassLoader: 75712B
Loader jdk.internal.loader.ClassLoaders$PlatformClassLoader                            : 67758B
Loader org.gradle.internal.classloader.VisitableURLClassLoader                         : 50821B
Loader jdk.internal.loader.ClassLoaders$AppClassLoader                                 : 28361B
Loader jdk.internal.jrtfs.JrtFileSystemProvider$JrtFsLoader                            : 26806B
Loader jdk.internal.reflect.DelegatingClassLoader                                      : 24550B
Loader org.gradle.groovy.scripts.internal.DefaultScriptCompilationHandler$ScriptClassLoader: 11255B
Loader org.codehaus.groovy.runtime.callsite.CallSiteClassLoader                        : 6354B

Classes loaded by more than one classloader:
Class org.gradle.api.GradleException                                                  : loaded 3 times (x 80B)
Class org.gradle.util.GradleVersion                                                   : loaded 2 times (x 81B)
Class org.jetbrains.plugins.gradle.model.MavenRepositoryModel                         : loaded 2 times (x 68B)
Class org.gradle.internal.classpath.ClassPath                                         : loaded 2 times (x 68B)
Class org.gradle.api.internal.classpath.DefaultModuleRegistry                         : loaded 2 times (x 84B)
Class com.intellij.openapi.externalSystem.model.ExternalSystemException               : loaded 2 times (x 84B)
Class jdk.internal.jimage.BasicImageReader$1                                          : loaded 2 times (x 75B)
Class org.gradle.api.Action                                                           : loaded 2 times (x 68B)
Class org.jetbrains.plugins.gradle.model.ExternalProject                              : loaded 2 times (x 68B)
Class org.gradle.api.internal.DefaultClassPathProvider                                : loaded 2 times (x 74B)
Class org.gradle.internal.installation.GradleInstallation$1                           : loaded 2 times (x 73B)
Class jdk.internal.jrtfs.SystemImage$1                                                : loaded 2 times (x 76B)
Class jdk.internal.jrtfs.SystemImage$2                                                : loaded 2 times (x 74B)
Class org.gradle.internal.exceptions.DefaultMultiCauseException                       : loaded 2 times (x 85B)
Class org.gradle.internal.time.MonotonicClock                                         : loaded 2 times (x 75B)
Class org.gradle.internal.classloader.FilteringClassLoader                            : loaded 2 times (x 102B)
Class jdk.internal.jimage.ImageReader$Resource                                        : loaded 2 times (x 82B)
Class jdk.internal.jrtfs.SystemImage                                                  : loaded 2 times (x 72B)
Class org.gradle.tooling.model.Model                                                  : loaded 2 times (x 68B)
Class org.gradle.internal.classpath.DefaultClassPath$ImmutableUniqueList$Builder      : loaded 2 times (x 73B)
Class jdk.internal.jrtfs.JrtDirectoryStream$1                                         : loaded 2 times (x 81B)
Class org.gradle.internal.classloader.ClassLoaderVisitor                              : loaded 2 times (x 74B)
Class org.gradle.internal.time.DefaultCountdownTimer                                  : loaded 2 times (x 86B)
Class org.gradle.internal.service.DefaultServiceLocator                               : loaded 2 times (x 81B)
Class org.gradle.internal.service.UnknownServiceException                             : loaded 2 times (x 81B)
Class org.gradle.internal.classloader.DefaultClassLoaderFactory                       : loaded 2 times (x 80B)
Class jdk.internal.jimage.ImageReader$SharedImageReader                               : loaded 2 times (x 93B)
Class org.gradle.internal.classloader.VisitableURLClassLoader$Spec                    : loaded 2 times (x 72B)
Class org.gradle.tooling.model.ProjectModel                                           : loaded 2 times (x 68B)
Class org.gradle.internal.installation.GradleInstallation                             : loaded 2 times (x 73B)
Class org.gradle.api.internal.classpath.ModuleRegistry                                : loaded 2 times (x 68B)
Class org.jetbrains.plugins.gradle.model.RepositoriesModel                            : loaded 2 times (x 68B)
Class kotlin.jvm.internal.markers.KMappedMarker                                       : loaded 2 times (x 68B)
Class org.gradle.api.internal.ClassPathProvider                                       : loaded 2 times (x 68B)
Class org.gradle.internal.classloader.ClasspathUtil$1                                 : loaded 2 times (x 74B)
Class org.gradle.internal.classloader.ClassLoaderFactory                              : loaded 2 times (x 68B)
Class jdk.internal.jimage.ImageHeader                                                 : loaded 2 times (x 69B)
Class org.gradle.api.internal.classpath.ManifestUtil                                  : loaded 2 times (x 69B)
Class org.gradle.api.specs.Spec                                                       : loaded 2 times (x 68B)
Class org.gradle.internal.IoActions                                                   : loaded 2 times (x 69B)
Class org.gradle.api.internal.classpath.EffectiveClassPath                            : loaded 2 times (x 88B)
Class kotlin.jvm.internal.DefaultConstructorMarker                                    : loaded 2 times (x 69B)
Class org.gradle.internal.installation.CurrentGradleInstallation                      : loaded 2 times (x 71B)
Class org.gradle.internal.agents.InstrumentingClassLoader                             : loaded 2 times (x 68B)
Class org.gradle.internal.installation.CurrentGradleInstallationLocator               : loaded 2 times (x 69B)
Class org.gradle.api.internal.classpath.Module                                        : loaded 2 times (x 68B)
Class org.gradle.internal.service.CachingServiceLocator                               : loaded 2 times (x 80B)
Class org.gradle.internal.time.Timer                                                  : loaded 2 times (x 68B)
Class org.gradle.internal.classpath.DefaultClassPath                                  : loaded 2 times (x 88B)
Class jdk.internal.jimage.BasicImageReader                                            : loaded 2 times (x 93B)
Class kotlin.jvm.functions.Function1                                                  : loaded 2 times (x 68B)
Class jdk.internal.jimage.ImageReader$Node                                            : loaded 2 times (x 82B)
Class org.gradle.internal.time.Time                                                   : loaded 2 times (x 69B)
Class org.gradle.internal.time.TimeSource$1                                           : loaded 2 times (x 75B)
Class jdk.internal.jrtfs.JrtPath                                                      : loaded 2 times (x 116B)
Class jdk.internal.jimage.ImageStrings                                                : loaded 2 times (x 68B)
Class org.gradle.internal.classloader.SystemClassLoaderSpec                           : loaded 2 times (x 69B)
Class kotlin.Function                                                                 : loaded 2 times (x 68B)
Class org.gradle.api.UncheckedIOException                                             : loaded 2 times (x 80B)
Class jdk.internal.jimage.decompressor.Decompressor                                   : loaded 2 times (x 70B)
Class jdk.internal.jrtfs.JrtFileSystem                                                : loaded 2 times (x 100B)
Class jdk.internal.jrtfs.JrtFileSystemProvider                                        : loaded 2 times (x 97B)
Class org.gradle.internal.time.Clock                                                  : loaded 2 times (x 68B)
Class org.gradle.internal.time.CountdownTimer                                         : loaded 2 times (x 68B)
Class org.gradle.internal.classloader.ClasspathUtil                                   : loaded 2 times (x 69B)
Class jdk.internal.jrtfs.JrtDirectoryStream                                           : loaded 2 times (x 87B)
Class org.gradle.api.internal.DefaultClassPathRegistry                                : loaded 2 times (x 74B)
Class org.gradle.api.internal.classpath.DefaultModuleRegistry$DefaultModule           : loaded 2 times (x 84B)
Class ijinit_56dj9tgjptxk8eb29ctwrixru                                                : loaded 2 times (x 177B)
Class org.gradle.internal.time.TimeSource                                             : loaded 2 times (x 68B)
Class org.gradle.api.internal.classpath.UnknownModuleException                        : loaded 2 times (x 80B)
Class org.gradle.internal.service.ServiceLookupException                              : loaded 2 times (x 80B)
Class jdk.internal.jimage.ImageStringsReader                                          : loaded 2 times (x 78B)
Class org.gradle.cache.GlobalCache                                                    : loaded 2 times (x 68B)
Class [Lorg.gradle.api.internal.ClassPathProvider;                                    : loaded 2 times (x 67B)
Class org.gradle.internal.operations.MultipleBuildOperationFailures                   : loaded 2 times (x 85B)
Class org.gradle.util.internal.GUtil                                                  : loaded 2 times (x 69B)
Class org.gradle.internal.classloader.ClassLoaderSpec                                 : loaded 2 times (x 69B)
Class org.gradle.internal.classloader.VisitableURLClassLoader                         : loaded 2 times (x 114B)
Class org.gradle.internal.Cast                                                        : loaded 2 times (x 69B)
Class org.gradle.api.internal.ClassPathRegistry                                       : loaded 2 times (x 68B)
Class org.gradle.internal.classloader.VisitableURLClassLoader$InstrumentingVisitableURLClassLoader: loaded 2 times (x 120B)
Class org.gradle.internal.classloader.ClassLoaderHierarchy                            : loaded 2 times (x 68B)
Class org.gradle.internal.exceptions.MultiCauseException                              : loaded 2 times (x 68B)
Class jdk.internal.jimage.ImageReader                                                 : loaded 2 times (x 73B)
Class sync_studio_tooling1_ed8t9cjet1y9donobisjw8kjx                                  : loaded 2 times (x 177B)
Class org.gradle.internal.InternalTransformer                                         : loaded 2 times (x 68B)
Class org.gradle.internal.service.ServiceLocator                                      : loaded 2 times (x 68B)
Class org.gradle.internal.classpath.DefaultClassPath$ImmutableUniqueList              : loaded 2 times (x 159B)
Class org.gradle.internal.time.DefaultTimer                                           : loaded 2 times (x 78B)
Class org.gradle.internal.classpath.TransformedClassPath                              : loaded 2 times (x 94B)
Class sync_studio_tooling1_ed8t9cjet1y9donobisjw8kjx$_run_closure1                    : loaded 2 times (x 134B)
Class jdk.internal.jimage.ImageReader$Directory                                       : loaded 2 times (x 82B)


---------------  S Y S T E M  ---------------

OS:
 Windows 10 , 64 bit Build 19041 (10.0.19041.1645)
OS uptime: 7 days 17:31 hours

CPU: total 8 (initial active 8) (4 cores per cpu, 2 threads per core) family 6 model 142 stepping 10 microcode 0xb4, cx8, cmov, fxsr, ht, mmx, 3dnowpref, sse, sse2, sse3, ssse3, sse4.1, sse4.2, popcnt, lzcnt, tsc, tscinvbit, avx, avx2, aes, erms, clmul, bmi1, bmi2, adx, fma, vzeroupper, clflush, clflushopt

Memory: 4k page, system-wide physical 8101M (1386M free)
TotalPageFile size 9581M (AvailPageFile size 31M)
current process WorkingSet (physical memory assigned to process): 328M, peak: 328M
current process commit charge ("private bytes"): 363M, peak: 390M

vm_info: OpenJDK 64-Bit Server VM (17.0.7+0-b2043.56-10550314) for windows-amd64 JRE (17.0.7+0-b2043.56-10550314), built on Jul 24 2023 18:27:45 by "androidbuild" with MS VC++ 16.10 / 16.11 (VS2019)

END.
