#
# There is insufficient memory for the Java Runtime Environment to continue.
# Native memory allocation (malloc) failed to allocate 1844816 bytes for Chunk::new
# Possible reasons:
#   The system is out of physical RAM or swap space
#   The process is running with CompressedOops enabled, and the Java Heap may be blocking the growth of the native heap
# Possible solutions:
#   Reduce memory load on the system
#   Increase physical memory or swap space
#   Check if swap backing store is full
#   Decrease Java heap size (-Xmx/-Xms)
#   Decrease number of Java threads
#   Decrease Java thread stack sizes (-Xss)
#   Set larger code cache with -XX:ReservedCodeCacheSize=
#   JVM is running with Unscaled Compressed Oops mode in which the Java heap is
#     placed in the first 4GB address space. The Java Heap base address is the
#     maximum limit for the native heap growth. Please use -XX:HeapBaseMinAddress
#     to set the Java Heap base and to place the Java Heap above 4GB virtual address.
# This output file may be truncated or incomplete.
#
#  Out of Memory Error (arena.cpp:189), pid=13804, tid=14220
#
# JRE version: OpenJDK Runtime Environment (17.0.7) (build 17.0.7+0-b2043.56-10550314)
# Java VM: OpenJDK 64-Bit Server VM (17.0.7+0-b2043.56-10550314, mixed mode, tiered, compressed oops, compressed class ptrs, g1 gc, windows-amd64)
# No core dump will be written. Minidumps are not enabled by default on client versions of Windows
#

---------------  S U M M A R Y ------------

Command Line: org.jetbrains.kotlin.cli.jvm.K2JVMCompiler @G:\PROYECTOJUNIO\Virtuula\app\build\20240422_12203242767550450400.compiler.options

Host: Intel(R) Core(TM) i5-8250U CPU @ 1.60GHz, 8 cores, 7G,  Windows 10 , 64 bit Build 19041 (10.0.19041.1645)
Time: Mon Apr 22 05:38:46 2024 Hora de verano romance elapsed time: 7.532522 seconds (0d 0h 0m 7s)

---------------  T H R E A D  ---------------

Current thread (0x000002945c6ccfd0):  JavaThread "C2 CompilerThread2" daemon [_thread_in_native, id=14220, stack(0x000000ec1f800000,0x000000ec1f900000)]


Current CompileTask:
C2:   7532 5753       4       org.jetbrains.org.objectweb.asm.ClassReader::readMethod (1061 bytes)

Stack: [0x000000ec1f800000,0x000000ec1f900000]
Native frames: (J=compiled Java code, j=interpreted, Vv=VM code, C=native code)
V  [jvm.dll+0x683bfa]
V  [jvm.dll+0x8430a4]
V  [jvm.dll+0x8449be]
V  [jvm.dll+0x845023]
V  [jvm.dll+0x24ad2f]
V  [jvm.dll+0xac25c]
V  [jvm.dll+0xac82c]
V  [jvm.dll+0x36a132]
V  [jvm.dll+0x334821]
V  [jvm.dll+0x333cca]
V  [jvm.dll+0x21d251]
V  [jvm.dll+0x21c671]
V  [jvm.dll+0x1a605d]
V  [jvm.dll+0x22c148]
V  [jvm.dll+0x22a209]
V  [jvm.dll+0x7f858c]
V  [jvm.dll+0x7f2aea]
V  [jvm.dll+0x682a35]
C  [ucrtbase.dll+0x21bb2]
C  [KERNEL32.DLL+0x17034]
C  [ntdll.dll+0x52651]


---------------  P R O C E S S  ---------------

Threads class SMR info:
_java_thread_list=0x00000294598c3fb0, length=14, elements={
0x0000029438f6bfe0, 0x0000029454d9e390, 0x0000029454d9f8b0, 0x000002945912e9a0,
0x00000294591542e0, 0x00000294591471b0, 0x0000029459147a70, 0x0000029459148e00,
0x0000029459149700, 0x000002945914a7a0, 0x00000294592dbfe0, 0x00000294592d4600,
0x0000029459ed19e0, 0x000002945c6ccfd0
}

Java Threads: ( => current thread )
  0x0000029438f6bfe0 JavaThread "main" [_thread_in_vm, id=16332, stack(0x000000ec1dc00000,0x000000ec1dd00000)]
  0x0000029454d9e390 JavaThread "Reference Handler" daemon [_thread_blocked, id=14412, stack(0x000000ec1e300000,0x000000ec1e400000)]
  0x0000029454d9f8b0 JavaThread "Finalizer" daemon [_thread_blocked, id=15684, stack(0x000000ec1e400000,0x000000ec1e500000)]
  0x000002945912e9a0 JavaThread "Signal Dispatcher" daemon [_thread_blocked, id=10940, stack(0x000000ec1e500000,0x000000ec1e600000)]
  0x00000294591542e0 JavaThread "Attach Listener" daemon [_thread_blocked, id=7976, stack(0x000000ec1e600000,0x000000ec1e700000)]
  0x00000294591471b0 JavaThread "Service Thread" daemon [_thread_blocked, id=15880, stack(0x000000ec1e700000,0x000000ec1e800000)]
  0x0000029459147a70 JavaThread "Monitor Deflation Thread" daemon [_thread_blocked, id=11704, stack(0x000000ec1e800000,0x000000ec1e900000)]
  0x0000029459148e00 JavaThread "C2 CompilerThread0" daemon [_thread_in_native, id=1168, stack(0x000000ec1e900000,0x000000ec1ea00000)]
  0x0000029459149700 JavaThread "C1 CompilerThread0" daemon [_thread_blocked, id=16540, stack(0x000000ec1ea00000,0x000000ec1eb00000)]
  0x000002945914a7a0 JavaThread "Sweeper thread" daemon [_thread_blocked, id=10476, stack(0x000000ec1eb00000,0x000000ec1ec00000)]
  0x00000294592dbfe0 JavaThread "Notification Thread" daemon [_thread_blocked, id=7744, stack(0x000000ec1ec00000,0x000000ec1ed00000)]
  0x00000294592d4600 JavaThread "Common-Cleaner" daemon [_thread_blocked, id=12320, stack(0x000000ec1ee00000,0x000000ec1ef00000)]
  0x0000029459ed19e0 JavaThread "C2 CompilerThread1" daemon [_thread_in_native, id=15856, stack(0x000000ec1ef00000,0x000000ec1f000000)]
=>0x000002945c6ccfd0 JavaThread "C2 CompilerThread2" daemon [_thread_in_native, id=14220, stack(0x000000ec1f800000,0x000000ec1f900000)]

Other Threads:
  0x0000029454d98540 VMThread "VM Thread" [stack: 0x000000ec1e200000,0x000000ec1e300000] [id=17020]
  0x00000294592d22d0 WatcherThread [stack: 0x000000ec1ed00000,0x000000ec1ee00000] [id=8792]
  0x000002943b047600 GCTaskThread "GC Thread#0" [stack: 0x000000ec1dd00000,0x000000ec1de00000] [id=3832]
  0x000002945989a4d0 GCTaskThread "GC Thread#1" [stack: 0x000000ec1f000000,0x000000ec1f100000] [id=15532]
  0x000002945989a780 GCTaskThread "GC Thread#2" [stack: 0x000000ec1f100000,0x000000ec1f200000] [id=16844]
  0x0000029459922000 GCTaskThread "GC Thread#3" [stack: 0x000000ec1f200000,0x000000ec1f300000] [id=5272]
  0x00000294599226c0 GCTaskThread "GC Thread#4" [stack: 0x000000ec1f300000,0x000000ec1f400000] [id=15828]
  0x0000029459922970 GCTaskThread "GC Thread#5" [stack: 0x000000ec1f400000,0x000000ec1f500000] [id=14600]
  0x0000029459923c60 GCTaskThread "GC Thread#6" [stack: 0x000000ec1f500000,0x000000ec1f600000] [id=10420]
  0x00000294599ea860 GCTaskThread "GC Thread#7" [stack: 0x000000ec1f600000,0x000000ec1f700000] [id=11420]
  0x000002943b058190 ConcurrentGCThread "G1 Main Marker" [stack: 0x000000ec1de00000,0x000000ec1df00000] [id=16280]
  0x000002943b058ab0 ConcurrentGCThread "G1 Conc#0" [stack: 0x000000ec1df00000,0x000000ec1e000000] [id=13492]
  0x0000029459c54ae0 ConcurrentGCThread "G1 Conc#1" [stack: 0x000000ec1f700000,0x000000ec1f800000] [id=17204]
  0x000002943b0be450 ConcurrentGCThread "G1 Refine#0" [stack: 0x000000ec1e000000,0x000000ec1e100000] [id=1708]
  0x0000029454c014b0 ConcurrentGCThread "G1 Service" [stack: 0x000000ec1e100000,0x000000ec1e200000] [id=15200]

Threads with active compile tasks:
C2 CompilerThread0     7600 5863       4       org.jetbrains.kotlin.metadata.ProtoBuf$Function::getSerializedSize (512 bytes)
C2 CompilerThread1     7600 5460       4       org.jetbrains.kotlin.resolve.lazy.ForceResolveUtil::doForceResolveAllContents (222 bytes)
C2 CompilerThread2     7600 5753       4       org.jetbrains.org.objectweb.asm.ClassReader::readMethod (1061 bytes)

VM state: not at safepoint (normal execution)

VM Mutex/Monitor currently owned by a thread: None

Heap address: 0x0000000081600000, size: 2026 MB, Compressed Oops mode: 32-bit

CDS archive(s) not mapped
Compressed class space mapped at: 0x0000000100000000-0x0000000140000000, reserved size: 1073741824
Narrow klass base: 0x0000000000000000, Narrow klass shift: 3, Narrow klass range: 0x140000000

GC Precious Log:
 CPUs: 8 total, 8 available
 Memory: 8101M
 Large Page Support: Disabled
 NUMA Support: Disabled
 Compressed Oops: Enabled (32-bit)
 Heap Region Size: 1M
 Heap Min Capacity: 8M
 Heap Initial Capacity: 128M
 Heap Max Capacity: 2026M
 Pre-touch: Disabled
 Parallel Workers: 8
 Concurrent Workers: 2
 Concurrent Refinement Workers: 8
 Periodic GC: Disabled

Heap:
 garbage-first heap   total 101376K, used 59026K [0x0000000081600000, 0x0000000100000000)
  region size 1024K, 20 young (20480K), 4 survivors (4096K)
 Metaspace       used 58502K, committed 58752K, reserved 1114112K
  class space    used 6962K, committed 7104K, reserved 1048576K

Heap Regions: E=young(eden), S=young(survivor), O=old, HS=humongous(starts), HC=humongous(continues), CS=collection set, F=free, OA=open archive, CA=closed archive, TAMS=top-at-mark-start (previous, next)
|   0|0x0000000081600000, 0x0000000081700000, 0x0000000081700000|100%|HS|  |TAMS 0x0000000081700000, 0x0000000081600000| Complete 
|   1|0x0000000081700000, 0x0000000081800000, 0x0000000081800000|100%|HC|  |TAMS 0x0000000081800000, 0x0000000081700000| Complete 
|   2|0x0000000081800000, 0x0000000081900000, 0x0000000081900000|100%|HC|  |TAMS 0x0000000081900000, 0x0000000081800000| Complete 
|   3|0x0000000081900000, 0x0000000081a00000, 0x0000000081a00000|100%|HC|  |TAMS 0x0000000081a00000, 0x0000000081900000| Complete 
|   4|0x0000000081a00000, 0x0000000081b00000, 0x0000000081b00000|100%| O|  |TAMS 0x0000000081b00000, 0x0000000081a00000| Untracked 
|   5|0x0000000081b00000, 0x0000000081bed000, 0x0000000081c00000| 92%| O|  |TAMS 0x0000000081bed000, 0x0000000081b00000| Untracked 
|   6|0x0000000081c00000, 0x0000000081d00000, 0x0000000081d00000|100%|HS|  |TAMS 0x0000000081d00000, 0x0000000081c00000| Complete 
|   7|0x0000000081d00000, 0x0000000081e00000, 0x0000000081e00000|100%| O|  |TAMS 0x0000000081e00000, 0x0000000081d00000| Untracked 
|   8|0x0000000081e00000, 0x0000000081f00000, 0x0000000081f00000|100%| O|  |TAMS 0x0000000081f00000, 0x0000000081e00000| Untracked 
|   9|0x0000000081f00000, 0x0000000082000000, 0x0000000082000000|100%| O|  |TAMS 0x0000000082000000, 0x0000000081f00000| Untracked 
|  10|0x0000000082000000, 0x0000000082100000, 0x0000000082100000|100%| O|  |TAMS 0x0000000082100000, 0x0000000082000000| Untracked 
|  11|0x0000000082100000, 0x0000000082200000, 0x0000000082200000|100%| O|  |TAMS 0x0000000082200000, 0x0000000082100000| Untracked 
|  12|0x0000000082200000, 0x0000000082300000, 0x0000000082300000|100%| O|  |TAMS 0x0000000082300000, 0x0000000082200000| Untracked 
|  13|0x0000000082300000, 0x0000000082400000, 0x0000000082400000|100%| O|  |TAMS 0x0000000082400000, 0x0000000082300000| Untracked 
|  14|0x0000000082400000, 0x0000000082500000, 0x0000000082500000|100%| O|  |TAMS 0x0000000082500000, 0x0000000082400000| Untracked 
|  15|0x0000000082500000, 0x0000000082600000, 0x0000000082600000|100%| O|  |TAMS 0x0000000082600000, 0x0000000082500000| Untracked 
|  16|0x0000000082600000, 0x0000000082700000, 0x0000000082700000|100%| O|  |TAMS 0x0000000082700000, 0x0000000082600000| Untracked 
|  17|0x0000000082700000, 0x0000000082800000, 0x0000000082800000|100%| O|  |TAMS 0x0000000082800000, 0x0000000082700000| Untracked 
|  18|0x0000000082800000, 0x0000000082900000, 0x0000000082900000|100%|HS|  |TAMS 0x0000000082900000, 0x0000000082800000| Complete 
|  19|0x0000000082900000, 0x0000000082a00000, 0x0000000082a00000|100%|HC|  |TAMS 0x0000000082a00000, 0x0000000082900000| Complete 
|  20|0x0000000082a00000, 0x0000000082b00000, 0x0000000082b00000|100%| O|  |TAMS 0x0000000082b00000, 0x0000000082a00000| Untracked 
|  21|0x0000000082b00000, 0x0000000082c00000, 0x0000000082c00000|100%| O|  |TAMS 0x0000000082b00000, 0x0000000082b00000| Untracked 
|  22|0x0000000082c00000, 0x0000000082d00000, 0x0000000082d00000|100%| O|  |TAMS 0x0000000082d00000, 0x0000000082c00000| Untracked 
|  23|0x0000000082d00000, 0x0000000082e00000, 0x0000000082e00000|100%| O|  |TAMS 0x0000000082e00000, 0x0000000082d00000| Untracked 
|  24|0x0000000082e00000, 0x0000000082f00000, 0x0000000082f00000|100%| O|  |TAMS 0x0000000082f00000, 0x0000000082e00000| Untracked 
|  25|0x0000000082f00000, 0x0000000083000000, 0x0000000083000000|100%| O|  |TAMS 0x0000000083000000, 0x0000000082f00000| Untracked 
|  26|0x0000000083000000, 0x0000000083100000, 0x0000000083100000|100%| O|  |TAMS 0x0000000083100000, 0x0000000083000000| Untracked 
|  27|0x0000000083100000, 0x0000000083200000, 0x0000000083200000|100%| O|  |TAMS 0x00000000831f3a00, 0x0000000083100000| Untracked 
|  28|0x0000000083200000, 0x0000000083300000, 0x0000000083300000|100%| O|  |TAMS 0x0000000083200000, 0x0000000083200000| Untracked 
|  29|0x0000000083300000, 0x0000000083400000, 0x0000000083400000|100%| O|  |TAMS 0x0000000083300000, 0x0000000083300000| Untracked 
|  30|0x0000000083400000, 0x0000000083500000, 0x0000000083500000|100%| O|  |TAMS 0x0000000083400000, 0x0000000083400000| Untracked 
|  31|0x0000000083500000, 0x0000000083600000, 0x0000000083600000|100%| O|  |TAMS 0x0000000083500000, 0x0000000083500000| Untracked 
|  32|0x0000000083600000, 0x0000000083700000, 0x0000000083700000|100%| O|  |TAMS 0x0000000083600000, 0x0000000083600000| Untracked 
|  33|0x0000000083700000, 0x0000000083800000, 0x0000000083800000|100%| O|  |TAMS 0x0000000083700000, 0x0000000083700000| Untracked 
|  34|0x0000000083800000, 0x0000000083900000, 0x0000000083900000|100%| O|  |TAMS 0x0000000083800000, 0x0000000083800000| Untracked 
|  35|0x0000000083900000, 0x0000000083a00000, 0x0000000083a00000|100%| O|  |TAMS 0x0000000083900000, 0x0000000083900000| Untracked 
|  36|0x0000000083a00000, 0x0000000083b00000, 0x0000000083b00000|100%| O|  |TAMS 0x0000000083a00000, 0x0000000083a00000| Untracked 
|  37|0x0000000083b00000, 0x0000000083c00000, 0x0000000083c00000|100%| O|  |TAMS 0x0000000083b00000, 0x0000000083b00000| Untracked 
|  38|0x0000000083c00000, 0x0000000083cbda00, 0x0000000083d00000| 74%| O|  |TAMS 0x0000000083c00000, 0x0000000083c00000| Untracked 
|  39|0x0000000083d00000, 0x0000000083d00000, 0x0000000083e00000|  0%| F|  |TAMS 0x0000000083d00000, 0x0000000083d00000| Untracked 
|  40|0x0000000083e00000, 0x0000000083e00000, 0x0000000083f00000|  0%| F|  |TAMS 0x0000000083e00000, 0x0000000083e00000| Untracked 
|  41|0x0000000083f00000, 0x0000000083f00000, 0x0000000084000000|  0%| F|  |TAMS 0x0000000083f00000, 0x0000000083f00000| Untracked 
|  42|0x0000000084000000, 0x0000000084000000, 0x0000000084100000|  0%| F|  |TAMS 0x0000000084000000, 0x0000000084000000| Untracked 
|  43|0x0000000084100000, 0x0000000084100000, 0x0000000084200000|  0%| F|  |TAMS 0x0000000084100000, 0x0000000084100000| Untracked 
|  44|0x0000000084200000, 0x0000000084200000, 0x0000000084300000|  0%| F|  |TAMS 0x0000000084200000, 0x0000000084200000| Untracked 
|  45|0x0000000084300000, 0x0000000084300000, 0x0000000084400000|  0%| F|  |TAMS 0x0000000084300000, 0x0000000084300000| Untracked 
|  46|0x0000000084400000, 0x0000000084400000, 0x0000000084500000|  0%| F|  |TAMS 0x0000000084400000, 0x0000000084400000| Untracked 
|  47|0x0000000084500000, 0x0000000084500000, 0x0000000084600000|  0%| F|  |TAMS 0x0000000084500000, 0x0000000084500000| Untracked 
|  48|0x0000000084600000, 0x0000000084600000, 0x0000000084700000|  0%| F|  |TAMS 0x0000000084600000, 0x0000000084600000| Untracked 
|  49|0x0000000084700000, 0x0000000084700000, 0x0000000084800000|  0%| F|  |TAMS 0x0000000084700000, 0x0000000084700000| Untracked 
|  50|0x0000000084800000, 0x0000000084800000, 0x0000000084900000|  0%| F|  |TAMS 0x0000000084800000, 0x0000000084800000| Untracked 
|  51|0x0000000084900000, 0x0000000084900000, 0x0000000084a00000|  0%| F|  |TAMS 0x0000000084900000, 0x0000000084900000| Untracked 
|  52|0x0000000084a00000, 0x0000000084a00000, 0x0000000084b00000|  0%| F|  |TAMS 0x0000000084a00000, 0x0000000084a00000| Untracked 
|  53|0x0000000084b00000, 0x0000000084b00000, 0x0000000084c00000|  0%| F|  |TAMS 0x0000000084b00000, 0x0000000084b00000| Untracked 
|  54|0x0000000084c00000, 0x0000000084cf9fc0, 0x0000000084d00000| 97%| S|CS|TAMS 0x0000000084c00000, 0x0000000084c00000| Complete 
|  55|0x0000000084d00000, 0x0000000084e00000, 0x0000000084e00000|100%| S|CS|TAMS 0x0000000084d00000, 0x0000000084d00000| Complete 
|  56|0x0000000084e00000, 0x0000000084f00000, 0x0000000084f00000|100%| S|CS|TAMS 0x0000000084e00000, 0x0000000084e00000| Complete 
|  57|0x0000000084f00000, 0x0000000085000000, 0x0000000085000000|100%| S|CS|TAMS 0x0000000084f00000, 0x0000000084f00000| Complete 
|  58|0x0000000085000000, 0x0000000085000000, 0x0000000085100000|  0%| F|  |TAMS 0x0000000085000000, 0x0000000085000000| Untracked 
|  59|0x0000000085100000, 0x0000000085100000, 0x0000000085200000|  0%| F|  |TAMS 0x0000000085100000, 0x0000000085100000| Untracked 
|  60|0x0000000085200000, 0x0000000085200000, 0x0000000085300000|  0%| F|  |TAMS 0x0000000085200000, 0x0000000085200000| Untracked 
|  61|0x0000000085300000, 0x0000000085300000, 0x0000000085400000|  0%| F|  |TAMS 0x0000000085300000, 0x0000000085300000| Untracked 
|  62|0x0000000085400000, 0x0000000085400000, 0x0000000085500000|  0%| F|  |TAMS 0x0000000085400000, 0x0000000085400000| Untracked 
|  63|0x0000000085500000, 0x0000000085500000, 0x0000000085600000|  0%| F|  |TAMS 0x0000000085500000, 0x0000000085500000| Untracked 
|  64|0x0000000085600000, 0x0000000085600000, 0x0000000085700000|  0%| F|  |TAMS 0x0000000085600000, 0x0000000085600000| Untracked 
|  65|0x0000000085700000, 0x0000000085700000, 0x0000000085800000|  0%| F|  |TAMS 0x0000000085700000, 0x0000000085700000| Untracked 
|  66|0x0000000085800000, 0x0000000085800000, 0x0000000085900000|  0%| F|  |TAMS 0x0000000085800000, 0x0000000085800000| Untracked 
|  67|0x0000000085900000, 0x0000000085900000, 0x0000000085a00000|  0%| F|  |TAMS 0x0000000085900000, 0x0000000085900000| Untracked 
|  68|0x0000000085a00000, 0x0000000085a00000, 0x0000000085b00000|  0%| F|  |TAMS 0x0000000085a00000, 0x0000000085a00000| Untracked 
|  69|0x0000000085b00000, 0x0000000085b00000, 0x0000000085c00000|  0%| F|  |TAMS 0x0000000085b00000, 0x0000000085b00000| Untracked 
|  70|0x0000000085c00000, 0x0000000085c00000, 0x0000000085d00000|  0%| F|  |TAMS 0x0000000085c00000, 0x0000000085c00000| Untracked 
|  71|0x0000000085d00000, 0x0000000085d00000, 0x0000000085e00000|  0%| F|  |TAMS 0x0000000085d00000, 0x0000000085d00000| Untracked 
|  72|0x0000000085e00000, 0x0000000085e00000, 0x0000000085f00000|  0%| F|  |TAMS 0x0000000085e00000, 0x0000000085e00000| Untracked 
|  73|0x0000000085f00000, 0x0000000085f00000, 0x0000000086000000|  0%| F|  |TAMS 0x0000000085f00000, 0x0000000085f00000| Untracked 
|  74|0x0000000086000000, 0x0000000086000000, 0x0000000086100000|  0%| F|  |TAMS 0x0000000086000000, 0x0000000086000000| Untracked 
|  75|0x0000000086100000, 0x0000000086100000, 0x0000000086200000|  0%| F|  |TAMS 0x0000000086100000, 0x0000000086100000| Untracked 
|  76|0x0000000086200000, 0x0000000086200000, 0x0000000086300000|  0%| F|  |TAMS 0x0000000086200000, 0x0000000086200000| Untracked 
|  77|0x0000000086300000, 0x0000000086300000, 0x0000000086400000|  0%| F|  |TAMS 0x0000000086300000, 0x0000000086300000| Untracked 
|  78|0x0000000086400000, 0x0000000086400000, 0x0000000086500000|  0%| F|  |TAMS 0x0000000086400000, 0x0000000086400000| Untracked 
|  79|0x0000000086500000, 0x0000000086500000, 0x0000000086600000|  0%| F|  |TAMS 0x0000000086500000, 0x0000000086500000| Untracked 
|  80|0x0000000086600000, 0x0000000086600000, 0x0000000086700000|  0%| F|  |TAMS 0x0000000086600000, 0x0000000086600000| Untracked 
|  81|0x0000000086700000, 0x0000000086700000, 0x0000000086800000|  0%| F|  |TAMS 0x0000000086700000, 0x0000000086700000| Untracked 
|  82|0x0000000086800000, 0x00000000868807f0, 0x0000000086900000| 50%| E|  |TAMS 0x0000000086800000, 0x0000000086800000| Complete 
|  83|0x0000000086900000, 0x0000000086a00000, 0x0000000086a00000|100%| E|CS|TAMS 0x0000000086900000, 0x0000000086900000| Complete 
|  84|0x0000000086a00000, 0x0000000086b00000, 0x0000000086b00000|100%| E|CS|TAMS 0x0000000086a00000, 0x0000000086a00000| Complete 
|  85|0x0000000086b00000, 0x0000000086c00000, 0x0000000086c00000|100%| E|CS|TAMS 0x0000000086b00000, 0x0000000086b00000| Complete 
|  86|0x0000000086c00000, 0x0000000086d00000, 0x0000000086d00000|100%| E|CS|TAMS 0x0000000086c00000, 0x0000000086c00000| Complete 
|  87|0x0000000086d00000, 0x0000000086e00000, 0x0000000086e00000|100%| E|CS|TAMS 0x0000000086d00000, 0x0000000086d00000| Complete 
|  88|0x0000000086e00000, 0x0000000086f00000, 0x0000000086f00000|100%| E|CS|TAMS 0x0000000086e00000, 0x0000000086e00000| Complete 
|  89|0x0000000086f00000, 0x0000000087000000, 0x0000000087000000|100%| E|CS|TAMS 0x0000000086f00000, 0x0000000086f00000| Complete 
|  90|0x0000000087000000, 0x0000000087100000, 0x0000000087100000|100%| E|CS|TAMS 0x0000000087000000, 0x0000000087000000| Complete 
|  91|0x0000000087100000, 0x0000000087200000, 0x0000000087200000|100%| E|CS|TAMS 0x0000000087100000, 0x0000000087100000| Complete 
|  92|0x0000000087200000, 0x0000000087300000, 0x0000000087300000|100%| E|CS|TAMS 0x0000000087200000, 0x0000000087200000| Complete 
|  93|0x0000000087300000, 0x0000000087400000, 0x0000000087400000|100%| E|CS|TAMS 0x0000000087300000, 0x0000000087300000| Complete 
|  94|0x0000000087400000, 0x0000000087500000, 0x0000000087500000|100%| E|CS|TAMS 0x0000000087400000, 0x0000000087400000| Complete 
|  95|0x0000000087500000, 0x0000000087600000, 0x0000000087600000|100%| E|CS|TAMS 0x0000000087500000, 0x0000000087500000| Complete 
|  96|0x0000000087600000, 0x0000000087700000, 0x0000000087700000|100%| E|CS|TAMS 0x0000000087600000, 0x0000000087600000| Complete 
| 105|0x0000000087f00000, 0x0000000088000000, 0x0000000088000000|100%| E|CS|TAMS 0x0000000087f00000, 0x0000000087f00000| Complete 
| 127|0x0000000089500000, 0x0000000089600000, 0x0000000089600000|100%| E|CS|TAMS 0x0000000089500000, 0x0000000089500000| Complete 

Card table byte_map: [0x000002944dc00000,0x000002944e000000] _byte_map_base: 0x000002944d7f5000

Marking Bits (Prev, Next): (CMBitMap*) 0x000002943b047b60, (CMBitMap*) 0x000002943b047b20
 Prev Bits: [0x00000294503b0000, 0x0000029452358000)
 Next Bits: [0x000002944e400000, 0x00000294503a8000)

Polling page: 0x0000029438fa0000

Metaspace:

Usage:
  Non-class:     50.35 MB used.
      Class:      6.80 MB used.
       Both:     57.16 MB used.

Virtual space:
  Non-class space:       64.00 MB reserved,      50.44 MB ( 79%) committed,  1 nodes.
      Class space:        1.00 GB reserved,       6.94 MB ( <1%) committed,  1 nodes.
             Both:        1.06 GB reserved,      57.38 MB (  5%) committed. 

Chunk freelists:
   Non-Class:  13.25 MB
       Class:  9.09 MB
        Both:  22.33 MB

MaxMetaspaceSize: unlimited
CompressedClassSpaceSize: 1.00 GB
Initial GC threshold: 21.00 MB
Current GC threshold: 85.88 MB
CDS: off
MetaspaceReclaimPolicy: balanced
 - commit_granule_bytes: 65536.
 - commit_granule_words: 8192.
 - virtual_space_node_default_size: 8388608.
 - enlarge_chunks_in_place: 1.
 - new_chunks_are_fully_committed: 0.
 - uncommit_free_chunks: 1.
 - use_allocation_guard: 0.
 - handle_deallocations: 1.


Internal statistics:

num_allocs_failed_limit: 6.
num_arena_births: 224.
num_arena_deaths: 0.
num_vsnodes_births: 2.
num_vsnodes_deaths: 0.
num_space_committed: 917.
num_space_uncommitted: 0.
num_chunks_returned_to_freelist: 6.
num_chunks_taken_from_freelist: 1988.
num_chunk_merges: 6.
num_chunk_splits: 1652.
num_chunks_enlarged: 1481.
num_inconsistent_stats: 0.

CodeHeap 'non-profiled nmethods': size=120000Kb used=2597Kb max_used=3051Kb free=117402Kb
 bounds [0x0000029445fa0000, 0x00000294462a0000, 0x000002944d4d0000]
CodeHeap 'profiled nmethods': size=120000Kb used=11388Kb max_used=13841Kb free=108611Kb
 bounds [0x000002943e4d0000, 0x000002943f270000, 0x0000029445a00000]
CodeHeap 'non-nmethods': size=5760Kb used=1342Kb max_used=1425Kb free=4417Kb
 bounds [0x0000029445a00000, 0x0000029445c70000, 0x0000029445fa0000]
 total_blobs=5654 nmethods=4989 adapters=576
 compilation: enabled
              stopped_count=0, restarted_count=0
 full_count=0

Compilation events (20 events):
Event: 7.493 Thread 0x0000029459149700 nmethod 5838 0x000002943e51bd10 code [0x000002943e51bf00, 0x000002943e51c158]
Event: 7.494 Thread 0x0000029459149700 5839       2       org.jetbrains.kotlin.cli.jvm.compiler.CliVirtualFileFinder::findBinaryOrSigClass (67 bytes)
Event: 7.494 Thread 0x0000029459149700 nmethod 5839 0x000002943e666f90 code [0x000002943e667160, 0x000002943e667498]
Event: 7.494 Thread 0x0000029459149700 5840       2       org.jetbrains.kotlin.cli.jvm.compiler.CliVirtualFileFinder$findBinaryOrSigClass$1::<init> (16 bytes)
Event: 7.494 Thread 0x0000029459149700 nmethod 5840 0x000002943e555090 code [0x000002943e555220, 0x000002943e5553d8]
Event: 7.497 Thread 0x0000029459149700 5841       2       org.jetbrains.kotlin.com.intellij.openapi.project.DumbService::getInstance (21 bytes)
Event: 7.498 Thread 0x0000029459149700 nmethod 5841 0x000002943e874410 code [0x000002943e8745c0, 0x000002943e8747a8]
Event: 7.511 Thread 0x0000029459149700 5842       2       org.jetbrains.kotlin.storage.LockBasedStorageManager$LockBasedLazyValueWithPostCompute::<init> (28 bytes)
Event: 7.511 Thread 0x0000029459149700 nmethod 5842 0x000002943e553510 code [0x000002943e5536c0, 0x000002943e5538c8]
Event: 7.514 Thread 0x0000029459149700 5843       2       org.jetbrains.kotlin.serialization.deserialization.ProtoContainer::<init> (8 bytes)
Event: 7.515 Thread 0x0000029459149700 nmethod 5843 0x000002943e59b510 code [0x000002943e59b6a0, 0x000002943e59b8b8]
Event: 7.516 Thread 0x0000029459149700 5844       2       org.jetbrains.kotlin.metadata.deserialization.BinaryVersion::<init> (178 bytes)
Event: 7.523 Thread 0x0000029459149700 nmethod 5844 0x000002943eacf990 code [0x000002943eacfe40, 0x000002943ead11e8]
Event: 7.523 Thread 0x0000029459149700 5845       2       kotlin.collections.ArraysKt___ArraysJvmKt::asList (17 bytes)
Event: 7.524 Thread 0x0000029459149700 nmethod 5845 0x000002943e602690 code [0x000002943e602880, 0x000002943e602c98]
Event: 7.524 Thread 0x0000029459149700 5846       2       kotlin.collections.ArraysUtilJVM::asList (5 bytes)
Event: 7.525 Thread 0x0000029459149700 nmethod 5846 0x000002943e5eb410 code [0x000002943e5eb5c0, 0x000002943e5eb828]
Event: 7.526 Thread 0x0000029459149700 5847       2       org.jetbrains.kotlin.metadata.ProtoBuf$Constructor::isInitialized (73 bytes)
Event: 7.527 Thread 0x0000029459149700 nmethod 5847 0x000002943e6ab990 code [0x000002943e6abb80, 0x000002943e6abed8]
Event: 7.529 Thread 0x0000029459148e00 nmethod 5802 0x0000029446247c10 code [0x0000029446247e60, 0x0000029446248e38]

GC Heap History (20 events):
Event: 2.392 GC heap before
{Heap before GC invocations=8 (full 0):
 garbage-first heap   total 35840K, used 26455K [0x0000000081600000, 0x0000000100000000)
  region size 1024K, 12 young (12288K), 2 survivors (2048K)
 Metaspace       used 32988K, committed 33152K, reserved 1114112K
  class space    used 4201K, committed 4288K, reserved 1048576K
}
Event: 2.398 GC heap after
{Heap after GC invocations=9 (full 0):
 garbage-first heap   total 43008K, used 17498K [0x0000000081600000, 0x0000000100000000)
  region size 1024K, 2 young (2048K), 2 survivors (2048K)
 Metaspace       used 32988K, committed 33152K, reserved 1114112K
  class space    used 4201K, committed 4288K, reserved 1048576K
}
Event: 2.416 GC heap before
{Heap before GC invocations=9 (full 0):
 garbage-first heap   total 43008K, used 17498K [0x0000000081600000, 0x0000000100000000)
  region size 1024K, 3 young (3072K), 2 survivors (2048K)
 Metaspace       used 33244K, committed 33408K, reserved 1114112K
  class space    used 4225K, committed 4288K, reserved 1048576K
}
Event: 2.423 GC heap after
{Heap after GC invocations=10 (full 0):
 garbage-first heap   total 43008K, used 17578K [0x0000000081600000, 0x0000000100000000)
  region size 1024K, 1 young (1024K), 1 survivors (1024K)
 Metaspace       used 33244K, committed 33408K, reserved 1114112K
  class space    used 4225K, committed 4288K, reserved 1048576K
}
Event: 2.618 GC heap before
{Heap before GC invocations=10 (full 0):
 garbage-first heap   total 43008K, used 29866K [0x0000000081600000, 0x0000000100000000)
  region size 1024K, 14 young (14336K), 1 survivors (1024K)
 Metaspace       used 36044K, committed 36288K, reserved 1114112K
  class space    used 4452K, committed 4544K, reserved 1048576K
}
Event: 2.622 GC heap after
{Heap after GC invocations=11 (full 0):
 garbage-first heap   total 43008K, used 18682K [0x0000000081600000, 0x0000000100000000)
  region size 1024K, 2 young (2048K), 2 survivors (2048K)
 Metaspace       used 36044K, committed 36288K, reserved 1114112K
  class space    used 4452K, committed 4544K, reserved 1048576K
}
Event: 2.946 GC heap before
{Heap before GC invocations=11 (full 0):
 garbage-first heap   total 43008K, used 29946K [0x0000000081600000, 0x0000000100000000)
  region size 1024K, 14 young (14336K), 2 survivors (2048K)
 Metaspace       used 39106K, committed 39296K, reserved 1114112K
  class space    used 4797K, committed 4864K, reserved 1048576K
}
Event: 2.950 GC heap after
{Heap after GC invocations=12 (full 0):
 garbage-first heap   total 43008K, used 19375K [0x0000000081600000, 0x0000000100000000)
  region size 1024K, 1 young (1024K), 1 survivors (1024K)
 Metaspace       used 39106K, committed 39296K, reserved 1114112K
  class space    used 4797K, committed 4864K, reserved 1048576K
}
Event: 3.131 GC heap before
{Heap before GC invocations=12 (full 0):
 garbage-first heap   total 43008K, used 24495K [0x0000000081600000, 0x0000000100000000)
  region size 1024K, 7 young (7168K), 1 survivors (1024K)
 Metaspace       used 40533K, committed 40704K, reserved 1114112K
  class space    used 4965K, committed 5056K, reserved 1048576K
}
Event: 3.135 GC heap after
{Heap after GC invocations=13 (full 0):
 garbage-first heap   total 83968K, used 19870K [0x0000000081600000, 0x0000000100000000)
  region size 1024K, 2 young (2048K), 2 survivors (2048K)
 Metaspace       used 40533K, committed 40704K, reserved 1114112K
  class space    used 4965K, committed 5056K, reserved 1048576K
}
Event: 4.339 GC heap before
{Heap before GC invocations=13 (full 0):
 garbage-first heap   total 83968K, used 62878K [0x0000000081600000, 0x0000000100000000)
  region size 1024K, 42 young (43008K), 2 survivors (2048K)
 Metaspace       used 48100K, committed 48384K, reserved 1114112K
  class space    used 5866K, committed 6016K, reserved 1048576K
}
Event: 4.356 GC heap after
{Heap after GC invocations=14 (full 0):
 garbage-first heap   total 83968K, used 27536K [0x0000000081600000, 0x0000000100000000)
  region size 1024K, 6 young (6144K), 6 survivors (6144K)
 Metaspace       used 48100K, committed 48384K, reserved 1114112K
  class space    used 5866K, committed 6016K, reserved 1048576K
}
Event: 4.906 GC heap before
{Heap before GC invocations=14 (full 0):
 garbage-first heap   total 83968K, used 61328K [0x0000000081600000, 0x0000000100000000)
  region size 1024K, 38 young (38912K), 6 survivors (6144K)
 Metaspace       used 49925K, committed 50176K, reserved 1114112K
  class space    used 6015K, committed 6144K, reserved 1048576K
}
Event: 4.920 GC heap after
{Heap after GC invocations=15 (full 0):
 garbage-first heap   total 83968K, used 31064K [0x0000000081600000, 0x0000000100000000)
  region size 1024K, 4 young (4096K), 4 survivors (4096K)
 Metaspace       used 49925K, committed 50176K, reserved 1114112K
  class space    used 6015K, committed 6144K, reserved 1048576K
}
Event: 5.404 GC heap before
{Heap before GC invocations=15 (full 0):
 garbage-first heap   total 83968K, used 54616K [0x0000000081600000, 0x0000000100000000)
  region size 1024K, 28 young (28672K), 4 survivors (4096K)
 Metaspace       used 52171K, committed 52416K, reserved 1114112K
  class space    used 6288K, committed 6400K, reserved 1048576K
}
Event: 5.414 GC heap after
{Heap after GC invocations=16 (full 0):
 garbage-first heap   total 83968K, used 33586K [0x0000000081600000, 0x0000000100000000)
  region size 1024K, 2 young (2048K), 2 survivors (2048K)
 Metaspace       used 52171K, committed 52416K, reserved 1114112K
  class space    used 6288K, committed 6400K, reserved 1048576K
}
Event: 6.268 GC heap before
{Heap before GC invocations=17 (full 0):
 garbage-first heap   total 83968K, used 65330K [0x0000000081600000, 0x0000000100000000)
  region size 1024K, 33 young (33792K), 2 survivors (2048K)
 Metaspace       used 53181K, committed 53440K, reserved 1114112K
  class space    used 6345K, committed 6464K, reserved 1048576K
}
Event: 6.287 GC heap after
{Heap after GC invocations=18 (full 0):
 garbage-first heap   total 83968K, used 39189K [0x0000000081600000, 0x0000000100000000)
  region size 1024K, 5 young (5120K), 5 survivors (5120K)
 Metaspace       used 53181K, committed 53440K, reserved 1114112K
  class space    used 6345K, committed 6464K, reserved 1048576K
}
Event: 6.995 GC heap before
{Heap before GC invocations=18 (full 0):
 garbage-first heap   total 83968K, used 62741K [0x0000000081600000, 0x0000000100000000)
  region size 1024K, 29 young (29696K), 5 survivors (5120K)
 Metaspace       used 55806K, committed 56064K, reserved 1114112K
  class space    used 6715K, committed 6848K, reserved 1048576K
}
Event: 7.020 GC heap after
{Heap after GC invocations=19 (full 0):
 garbage-first heap   total 101376K, used 43666K [0x0000000081600000, 0x0000000100000000)
  region size 1024K, 4 young (4096K), 4 survivors (4096K)
 Metaspace       used 55806K, committed 56064K, reserved 1114112K
  class space    used 6715K, committed 6848K, reserved 1048576K
}

Dll operation events (2 events):
Event: 0.012 Loaded shared library C:\Program Files\Android\Android Studio\jbr\bin\java.dll
Event: 1.002 Loaded shared library C:\Program Files\Android\Android Studio\jbr\bin\verify.dll

Deoptimization events (20 events):
Event: 7.243 Thread 0x0000029438f6bfe0 Uncommon trap: trap_request=0xffffffde fr.pc=0x000002944625ee7c relative=0x000000000000205c
Event: 7.243 Thread 0x0000029438f6bfe0 Uncommon trap: reason=class_check action=maybe_recompile pc=0x000002944625ee7c method=org.jetbrains.kotlin.serialization.deserialization.descriptors.DeserializedMemberScope$OptimizedImplementation.getContributedFunctions(Lorg/jetbrains/kotlin/name/Name;Lo
Event: 7.243 Thread 0x0000029438f6bfe0 DEOPT PACKING pc=0x000002944625ee7c sp=0x000000ec1dcfe010
Event: 7.243 Thread 0x0000029438f6bfe0 DEOPT UNPACKING pc=0x0000029445a569a3 sp=0x000000ec1dcfdfe8 mode 2
Event: 7.248 Thread 0x0000029438f6bfe0 Uncommon trap: trap_request=0xffffffde fr.pc=0x000002944625ee7c relative=0x000000000000205c
Event: 7.248 Thread 0x0000029438f6bfe0 Uncommon trap: reason=class_check action=maybe_recompile pc=0x000002944625ee7c method=org.jetbrains.kotlin.serialization.deserialization.descriptors.DeserializedMemberScope$OptimizedImplementation.getContributedFunctions(Lorg/jetbrains/kotlin/name/Name;Lo
Event: 7.248 Thread 0x0000029438f6bfe0 DEOPT PACKING pc=0x000002944625ee7c sp=0x000000ec1dcfd3e0
Event: 7.248 Thread 0x0000029438f6bfe0 DEOPT UNPACKING pc=0x0000029445a569a3 sp=0x000000ec1dcfd3b8 mode 2
Event: 7.248 Thread 0x0000029438f6bfe0 Uncommon trap: trap_request=0xffffffde fr.pc=0x000002944625ee7c relative=0x000000000000205c
Event: 7.248 Thread 0x0000029438f6bfe0 Uncommon trap: reason=class_check action=maybe_recompile pc=0x000002944625ee7c method=org.jetbrains.kotlin.serialization.deserialization.descriptors.DeserializedMemberScope$OptimizedImplementation.getContributedFunctions(Lorg/jetbrains/kotlin/name/Name;Lo
Event: 7.248 Thread 0x0000029438f6bfe0 DEOPT PACKING pc=0x000002944625ee7c sp=0x000000ec1dcfe010
Event: 7.248 Thread 0x0000029438f6bfe0 DEOPT UNPACKING pc=0x0000029445a569a3 sp=0x000000ec1dcfdfe8 mode 2
Event: 7.263 Thread 0x0000029438f6bfe0 Uncommon trap: trap_request=0xffffffc6 fr.pc=0x000002944624b6b8 relative=0x0000000000000538
Event: 7.263 Thread 0x0000029438f6bfe0 Uncommon trap: reason=bimorphic_or_optimized_type_check action=maybe_recompile pc=0x000002944624b6b8 method=org.jetbrains.kotlin.types.TypeConstructorSubstitution$Companion$createByConstructorsMap$1.isEmpty()Z @ 4 c2
Event: 7.263 Thread 0x0000029438f6bfe0 DEOPT PACKING pc=0x000002944624b6b8 sp=0x000000ec1dcfd180
Event: 7.263 Thread 0x0000029438f6bfe0 DEOPT UNPACKING pc=0x0000029445a569a3 sp=0x000000ec1dcfcfb8 mode 2
Event: 7.485 Thread 0x0000029438f6bfe0 Uncommon trap: trap_request=0xffffffbe fr.pc=0x00000294461dd6b0 relative=0x0000000000003ff0
Event: 7.485 Thread 0x0000029438f6bfe0 Uncommon trap: reason=profile_predicate action=maybe_recompile pc=0x00000294461dd6b0 method=org.jetbrains.kotlin.serialization.deserialization.descriptors.DeserializedPackageMemberScope.hasClass(Lorg/jetbrains/kotlin/name/Name;)Z @ 65 c2
Event: 7.485 Thread 0x0000029438f6bfe0 DEOPT PACKING pc=0x00000294461dd6b0 sp=0x000000ec1dcfcce0
Event: 7.485 Thread 0x0000029438f6bfe0 DEOPT UNPACKING pc=0x0000029445a569a3 sp=0x000000ec1dcfcc30 mode 2

Classes unloaded (0 events):
No events

Classes redefined (0 events):
No events

Internal exceptions (20 events):
Event: 1.981 Thread 0x0000029438f6bfe0 Exception <a 'java/lang/NoSuchMethodError'{0x0000000083089648}: 'java.lang.Object java.lang.invoke.DirectMethodHandle$Holder.invokeVirtual(java.lang.Object, java.lang.Object, java.lang.Object)'> (0x0000000083089648) 
thrown [s\src\hotspot\share\interpreter\linkResolver.cpp, line 771]
Event: 2.878 Thread 0x0000029438f6bfe0 Exception <a 'java/lang/NoSuchMethodError'{0x000000008351a918}: 'java.lang.Object java.lang.invoke.DirectMethodHandle$Holder.newInvokeSpecial(java.lang.Object, java.lang.Object, int)'> (0x000000008351a918) 
thrown [s\src\hotspot\share\interpreter\linkResolver.cpp, line 771]
Event: 3.450 Thread 0x0000029438f6bfe0 Implicit null exception at 0x000002944608c0d3 to 0x000002944608c1e8
Event: 3.575 Thread 0x0000029438f6bfe0 Exception <a 'java/lang/NoSuchMethodError'{0x00000000856e5490}: 'java.lang.Object java.lang.invoke.DirectMethodHandle$Holder.newInvokeSpecial(java.lang.Object, java.lang.Object, java.lang.Object, int)'> (0x00000000856e5490) 
thrown [s\src\hotspot\share\interpreter\linkResolver.cpp, line 771]
Event: 3.576 Thread 0x0000029438f6bfe0 Exception <a 'java/lang/NoSuchMethodError'{0x00000000856e9b18}: 'java.lang.Object java.lang.invoke.DirectMethodHandle$Holder.invokeSpecial(java.lang.Object, java.lang.Object, java.lang.Object, java.lang.Object, int)'> (0x00000000856e9b18) 
thrown [s\src\hotspot\share\interpreter\linkResolver.cpp, line 771]
Event: 3.576 Thread 0x0000029438f6bfe0 Exception <a 'java/lang/NoSuchMethodError'{0x00000000856ed988}: 'java.lang.Object java.lang.invoke.Invokers$Holder.linkToTargetMethod(java.lang.Object, java.lang.Object, int, java.lang.Object)'> (0x00000000856ed988) 
thrown [s\src\hotspot\share\interpreter\linkResolver.cpp, line 771]
Event: 4.016 Thread 0x0000029438f6bfe0 Exception <a 'java/lang/NoSuchMethodError'{0x000000008491d710}: 'java.lang.Object java.lang.invoke.DirectMethodHandle$Holder.newInvokeSpecial(java.lang.Object, java.lang.Object, java.lang.Object, java.lang.Object, java.lang.Object, java.lang.Object)'> (0x000000008491d710) 
thrown [s\src\hotspot\share\interpreter\linkResolver.cpp, line 771]
Event: 4.026 Thread 0x0000029438f6bfe0 Exception <a 'java/lang/NoSuchMethodError'{0x000000008496f280}: 'java.lang.Object java.lang.invoke.DirectMethodHandle$Holder.newInvokeSpecial(java.lang.Object, java.lang.Object, java.lang.Object, java.lang.Object, java.lang.Object)'> (0x000000008496f280) 
thrown [s\src\hotspot\share\interpreter\linkResolver.cpp, line 771]
Event: 4.323 Thread 0x0000029438f6bfe0 Exception <a 'java/lang/NoSuchMethodError'{0x00000000840a3e38}: 'java.lang.Object java.lang.invoke.DirectMethodHandle$Holder.newInvokeSpecial(java.lang.Object, int, java.lang.Object)'> (0x00000000840a3e38) 
thrown [s\src\hotspot\share\interpreter\linkResolver.cpp, line 771]
Event: 4.324 Thread 0x0000029438f6bfe0 Exception <a 'java/lang/NoSuchMethodError'{0x00000000840aa218}: 'int java.lang.invoke.DirectMethodHandle$Holder.invokeInterface(java.lang.Object, java.lang.Object)'> (0x00000000840aa218) 
thrown [s\src\hotspot\share\interpreter\linkResolver.cpp, line 771]
Event: 4.735 Thread 0x0000029438f6bfe0 Exception <a 'java/lang/NoSuchMethodError'{0x0000000085dc91d0}: 'java.lang.Object java.lang.invoke.DirectMethodHandle$Holder.newInvokeSpecial(java.lang.Object, java.lang.Object, java.lang.Object, java.lang.Object, java.lang.Object, java.lang.Object, java.lang.Object, java.lang.Object)'> (0x0000000085dc91d0) 
thrown [s\src\hotspot\share\interpreter\linkResolver.cpp, line 771]
Event: 4.736 Thread 0x0000029438f6bfe0 Exception <a 'java/lang/NoSuchMethodError'{0x0000000085dce7e8}: 'java.lang.Object java.lang.invoke.DirectMethodHandle$Holder.invokeSpecial(java.lang.Object, java.lang.Object, java.lang.Object, java.lang.Object, java.lang.Object, java.lang.Object, java.lang.Object, java.lang.Object, java.lang.Object)'> (0x0000000085dce7e8) 
thrown [s\src\hotspot\share\interpreter\linkResolver.cpp, line 771]
Event: 4.736 Thread 0x0000029438f6bfe0 Exception <a 'java/lang/NoSuchMethodError'{0x0000000085dd3718}: 'java.lang.Object java.lang.invoke.Invokers$Holder.linkToTargetMethod(java.lang.Object, java.lang.Object, java.lang.Object, java.lang.Object, java.lang.Object, java.lang.Object, java.lang.Object, java.lang.Object)'> (0x0000000085dd3718) 
thrown [s\src\hotspot\share\interpreter\linkResolver.cpp, line 771]
Event: 5.048 Thread 0x0000029438f6bfe0 Implicit null exception at 0x000002944608a7cc to 0x000002944608a8c0
Event: 5.451 Thread 0x0000029438f6bfe0 Exception <a 'java/lang/NoSuchMethodError'{0x00000000895bd180}: 'java.lang.Object java.lang.invoke.DirectMethodHandle$Holder.invokeInterface(java.lang.Object, java.lang.Object, java.lang.Object)'> (0x00000000895bd180) 
thrown [s\src\hotspot\share\interpreter\linkResolver.cpp, line 771]
Event: 5.452 Thread 0x0000029438f6bfe0 Exception <a 'java/lang/IncompatibleClassChangeError'{0x00000000895c1040}: Found class java.lang.Object, but interface was expected> (0x00000000895c1040) 
thrown [s\src\hotspot\share\interpreter\linkResolver.cpp, line 838]
Event: 6.633 Thread 0x0000029438f6bfe0 Implicit null exception at 0x00000294462414c0 to 0x0000029446242488
Event: 6.765 Thread 0x0000029438f6bfe0 Exception <a 'java/lang/NoSuchMethodError'{0x0000000085686aa0}: 'java.lang.Object java.lang.invoke.DirectMethodHandle$Holder.invokeStatic(java.lang.Object, java.lang.Object, java.lang.Object, java.lang.Object, int)'> (0x0000000085686aa0) 
thrown [s\src\hotspot\share\interpreter\linkResolver.cpp, line 771]
Event: 6.765 Thread 0x0000029438f6bfe0 Exception <a 'java/lang/NoSuchMethodError'{0x0000000085690690}: 'java.lang.Object java.lang.invoke.DirectMethodHandle$Holder.newInvokeSpecial(java.lang.Object, java.lang.Object, java.lang.Object, java.lang.Object, int)'> (0x0000000085690690) 
thrown [s\src\hotspot\share\interpreter\linkResolver.cpp, line 771]
Event: 6.766 Thread 0x0000029438f6bfe0 Exception <a 'java/lang/NoSuchMethodError'{0x0000000085698a08}: 'java.lang.Object java.lang.invoke.Invokers$Holder.linkToTargetMethod(java.lang.Object, java.lang.Object, java.lang.Object, int, java.lang.Object)'> (0x0000000085698a08) 
thrown [s\src\hotspot\share\interpreter\linkResolver.cpp, line 771]

VM Operations (20 events):
Event: 6.944 Executing VM operation: HandshakeAllThreads
Event: 6.945 Executing VM operation: HandshakeAllThreads done
Event: 6.973 Executing VM operation: HandshakeAllThreads
Event: 6.973 Executing VM operation: HandshakeAllThreads done
Event: 6.994 Executing VM operation: G1CollectForAllocation
Event: 7.020 Executing VM operation: G1CollectForAllocation done
Event: 7.139 Executing VM operation: HandshakeAllThreads
Event: 7.139 Executing VM operation: HandshakeAllThreads done
Event: 7.139 Executing VM operation: HandshakeAllThreads
Event: 7.139 Executing VM operation: HandshakeAllThreads done
Event: 7.156 Executing VM operation: HandshakeAllThreads
Event: 7.156 Executing VM operation: HandshakeAllThreads done
Event: 7.172 Executing VM operation: HandshakeAllThreads
Event: 7.172 Executing VM operation: HandshakeAllThreads done
Event: 7.176 Executing VM operation: HandshakeAllThreads
Event: 7.176 Executing VM operation: HandshakeAllThreads done
Event: 7.176 Executing VM operation: HandshakeAllThreads
Event: 7.176 Executing VM operation: HandshakeAllThreads done
Event: 7.226 Executing VM operation: HandshakeAllThreads
Event: 7.226 Executing VM operation: HandshakeAllThreads done

Events (20 events):
Event: 7.189 Thread 0x000002945914a7a0 flushing nmethod 0x000002943eeee790
Event: 7.189 Thread 0x000002945914a7a0 flushing nmethod 0x000002943ef12010
Event: 7.190 Thread 0x000002945914a7a0 flushing nmethod 0x000002943ef61b10
Event: 7.190 Thread 0x000002945914a7a0 flushing nmethod 0x000002943ef6f990
Event: 7.190 Thread 0x000002945914a7a0 flushing nmethod 0x000002943efa5e90
Event: 7.190 Thread 0x000002945914a7a0 flushing nmethod 0x000002943efd1f10
Event: 7.190 Thread 0x000002945914a7a0 flushing nmethod 0x000002943eff1010
Event: 7.190 Thread 0x000002945914a7a0 flushing nmethod 0x000002943f040b10
Event: 7.190 Thread 0x000002945914a7a0 flushing nmethod 0x000002943f050510
Event: 7.190 Thread 0x000002945914a7a0 flushing nmethod 0x000002943f058510
Event: 7.190 Thread 0x000002945914a7a0 flushing nmethod 0x000002943f05cc10
Event: 7.191 Thread 0x000002945914a7a0 flushing nmethod 0x000002943f09b710
Event: 7.191 Thread 0x000002945914a7a0 flushing nmethod 0x000002943f0d3290
Event: 7.191 Thread 0x000002945914a7a0 flushing nmethod 0x000002943f0e7290
Event: 7.191 Thread 0x000002945914a7a0 flushing nmethod 0x000002943f0e9290
Event: 7.191 Thread 0x000002945914a7a0 flushing nmethod 0x000002943f0ef190
Event: 7.191 Thread 0x000002945914a7a0 flushing nmethod 0x000002943f0ef790
Event: 7.192 Thread 0x000002945914a7a0 flushing nmethod 0x000002943f16b990
Event: 7.192 Thread 0x000002945914a7a0 flushing nmethod 0x000002943f18ff90
Event: 7.192 Thread 0x000002945914a7a0 flushing nmethod 0x000002943f19c890


Dynamic libraries:
0x00007ff6d0fd0000 - 0x00007ff6d0fda000 	C:\Program Files\Android\Android Studio\jbr\bin\java.exe
0x00007ffb01290000 - 0x00007ffb01485000 	C:\WINDOWS\SYSTEM32\ntdll.dll
0x00007ffb00620000 - 0x00007ffb006de000 	C:\WINDOWS\System32\KERNEL32.DLL
0x00007ffafef90000 - 0x00007ffaff258000 	C:\WINDOWS\System32\KERNELBASE.dll
0x00007ffafeac0000 - 0x00007ffafebc0000 	C:\WINDOWS\System32\ucrtbase.dll
0x00007ffac93c0000 - 0x00007ffac93d7000 	C:\Program Files\Android\Android Studio\jbr\bin\jli.dll
0x00007ffaf83e0000 - 0x00007ffaf83fb000 	C:\Program Files\Android\Android Studio\jbr\bin\VCRUNTIME140.dll
0x00007ffb00400000 - 0x00007ffb005a0000 	C:\WINDOWS\System32\USER32.dll
0x00007ffafef60000 - 0x00007ffafef82000 	C:\WINDOWS\System32\win32u.dll
0x00007ffaf67d0000 - 0x00007ffaf6a6a000 	C:\WINDOWS\WinSxS\amd64_microsoft.windows.common-controls_6595b64144ccf1df_6.0.19041.1110_none_60b5254171f9507e\COMCTL32.dll
0x00007ffb00000000 - 0x00007ffb0002a000 	C:\WINDOWS\System32\GDI32.dll
0x00007ffaffbd0000 - 0x00007ffaffc6e000 	C:\WINDOWS\System32\msvcrt.dll
0x00007ffafe9b0000 - 0x00007ffafeabb000 	C:\WINDOWS\System32\gdi32full.dll
0x00007ffafee20000 - 0x00007ffafeebd000 	C:\WINDOWS\System32\msvcp_win.dll
0x00007ffb00770000 - 0x00007ffb007a0000 	C:\WINDOWS\System32\IMM32.DLL
0x00007ffaf8490000 - 0x00007ffaf849c000 	C:\Program Files\Android\Android Studio\jbr\bin\vcruntime140_1.dll
0x00007ffadd580000 - 0x00007ffadd60d000 	C:\Program Files\Android\Android Studio\jbr\bin\msvcp140.dll
0x00007ffa90530000 - 0x00007ffa911b0000 	C:\Program Files\Android\Android Studio\jbr\bin\server\jvm.dll
0x00007ffaff300000 - 0x00007ffaff3ae000 	C:\WINDOWS\System32\ADVAPI32.dll
0x00007ffaffc70000 - 0x00007ffaffd0c000 	C:\WINDOWS\System32\sechost.dll
0x00007ffb00270000 - 0x00007ffb00395000 	C:\WINDOWS\System32\RPCRT4.dll
0x00007ffae6d00000 - 0x00007ffae6d09000 	C:\WINDOWS\SYSTEM32\WSOCK32.dll
0x00007ffaf4b70000 - 0x00007ffaf4b97000 	C:\WINDOWS\SYSTEM32\WINMM.dll
0x00007ffaff490000 - 0x00007ffaff4fb000 	C:\WINDOWS\System32\WS2_32.dll
0x00007ffaf6c20000 - 0x00007ffaf6c2a000 	C:\WINDOWS\SYSTEM32\VERSION.dll
0x00007ffafc8d0000 - 0x00007ffafc8e2000 	C:\WINDOWS\SYSTEM32\kernel.appcore.dll
0x00007ffae7c50000 - 0x00007ffae7c5a000 	C:\Program Files\Android\Android Studio\jbr\bin\jimage.dll
0x00007ffae7870000 - 0x00007ffae7a54000 	C:\WINDOWS\SYSTEM32\DBGHELP.DLL
0x00007ffae6c40000 - 0x00007ffae6c6c000 	C:\WINDOWS\SYSTEM32\dbgcore.DLL
0x00007ffaff260000 - 0x00007ffaff2e2000 	C:\WINDOWS\System32\bcryptPrimitives.dll
0x00007ffacfd70000 - 0x00007ffacfd95000 	C:\Program Files\Android\Android Studio\jbr\bin\java.dll
0x00007ffacce30000 - 0x00007ffacce48000 	C:\Program Files\Android\Android Studio\jbr\bin\zip.dll
0x00007ffb00b00000 - 0x00007ffb01244000 	C:\WINDOWS\System32\SHELL32.dll
0x00007ffafcad0000 - 0x00007ffafd264000 	C:\WINDOWS\SYSTEM32\windows.storage.dll
0x00007ffb007a0000 - 0x00007ffb00af4000 	C:\WINDOWS\System32\combase.dll
0x00007ffafe420000 - 0x00007ffafe44c000 	C:\WINDOWS\SYSTEM32\Wldp.dll
0x00007ffb00030000 - 0x00007ffb000dd000 	C:\WINDOWS\System32\SHCORE.dll
0x00007ffb003a0000 - 0x00007ffb003f5000 	C:\WINDOWS\System32\shlwapi.dll
0x00007ffafe8f0000 - 0x00007ffafe90f000 	C:\WINDOWS\SYSTEM32\profapi.dll
0x00007ffaccd90000 - 0x00007ffaccda9000 	C:\Program Files\Android\Android Studio\jbr\bin\net.dll
0x00007ffaf40f0000 - 0x00007ffaf41fa000 	C:\WINDOWS\SYSTEM32\WINHTTP.dll
0x00007ffafe180000 - 0x00007ffafe1ea000 	C:\WINDOWS\system32\mswsock.dll
0x00007ffaccd70000 - 0x00007ffaccd86000 	C:\Program Files\Android\Android Studio\jbr\bin\nio.dll
0x00007ffae7080000 - 0x00007ffae7090000 	C:\Program Files\Android\Android Studio\jbr\bin\verify.dll

dbghelp: loaded successfully - version: 4.0.5 - missing functions: none
symbol engine: initialized successfully - sym options: 0x614 - pdb path: .;C:\Program Files\Android\Android Studio\jbr\bin;C:\WINDOWS\SYSTEM32;C:\WINDOWS\WinSxS\amd64_microsoft.windows.common-controls_6595b64144ccf1df_6.0.19041.1110_none_60b5254171f9507e;C:\Program Files\Android\Android Studio\jbr\bin\server

VM Arguments:
java_command: org.jetbrains.kotlin.cli.jvm.K2JVMCompiler @G:\PROYECTOJUNIO\Virtuula\app\build\20240422_12203242767550450400.compiler.options
java_class_path (initial): C:\Users\Abel\.gradle\caches\modules-2\files-2.1\org.jetbrains.kotlin\kotlin-compiler-embeddable\1.9.22\9cd4dc7773cf2a99ecd961a88fbbc9a2da3fb5e1\kotlin-compiler-embeddable-1.9.22.jar;C:\Users\Abel\.gradle\caches\modules-2\files-2.1\org.jetbrains.kotlin\kotlin-stdlib\1.9.22\d6c44cd08d8f3f9bece8101216dbe6553365c6e3\kotlin-stdlib-1.9.22.jar;C:\Users\Abel\.gradle\caches\modules-2\files-2.1\org.jetbrains.kotlin\kotlin-script-runtime\1.9.22\f8139a46fc677ec9badc49ae954392f4f5e7e7c7\kotlin-script-runtime-1.9.22.jar;C:\Users\Abel\.gradle\caches\modules-2\files-2.1\org.jetbrains.kotlin\kotlin-reflect\1.6.10\1cbe9c92c12a94eea200d23c2bbaedaf3daf5132\kotlin-reflect-1.6.10.jar;C:\Users\Abel\.gradle\caches\modules-2\files-2.1\org.jetbrains.kotlin\kotlin-daemon-embeddable\1.9.22\20e2c5df715f3240c765cfc222530e2796542021\kotlin-daemon-embeddable-1.9.22.jar;C:\Users\Abel\.gradle\caches\modules-2\files-2.1\org.jetbrains.intellij.deps\trove4j\1.0.20200330\3afb14d5f9ceb459d724e907a21145e8ff394f02\trove4j-1.0.20200330.jar;C:\Users\Abel\.gradle\caches\modules-2\files-2.1\org.jetbrains\annotations\13.0\919f0dfe192fb4e063e7dacadee7f8bb9a2672a9\annotations-13.0.jar
Launcher Type: SUN_STANDARD

[Global flags]
     intx CICompilerCount                          = 4                                         {product} {ergonomic}
     uint ConcGCThreads                            = 2                                         {product} {ergonomic}
     uint G1ConcRefinementThreads                  = 8                                         {product} {ergonomic}
   size_t G1HeapRegionSize                         = 1048576                                   {product} {ergonomic}
    uintx GCDrainStackTargetSize                   = 64                                        {product} {ergonomic}
   size_t InitialHeapSize                          = 134217728                                 {product} {ergonomic}
   size_t MarkStackSize                            = 4194304                                   {product} {ergonomic}
   size_t MaxHeapSize                              = 2124414976                                {product} {ergonomic}
   size_t MaxNewSize                               = 1274019840                                {product} {ergonomic}
   size_t MinHeapDeltaBytes                        = 1048576                                   {product} {ergonomic}
   size_t MinHeapSize                              = 8388608                                   {product} {ergonomic}
    uintx NonNMethodCodeHeapSize                   = 5839372                                {pd product} {ergonomic}
    uintx NonProfiledCodeHeapSize                  = 122909434                              {pd product} {ergonomic}
    uintx ProfiledCodeHeapSize                     = 122909434                              {pd product} {ergonomic}
    uintx ReservedCodeCacheSize                    = 251658240                              {pd product} {ergonomic}
     bool SegmentedCodeCache                       = true                                      {product} {ergonomic}
   size_t SoftMaxHeapSize                          = 2124414976                             {manageable} {ergonomic}
     bool UseCompressedClassPointers               = true                           {product lp64_product} {ergonomic}
     bool UseCompressedOops                        = true                           {product lp64_product} {ergonomic}
     bool UseG1GC                                  = true                                      {product} {ergonomic}
     bool UseLargePagesIndividualAllocation        = false                                  {pd product} {ergonomic}

Logging:
Log output configuration:
 #0: stdout all=warning uptime,level,tags
 #1: stderr all=off uptime,level,tags

Environment Variables:
PATH=C:\Program Files\Common Files\Oracle\Java\javapath;C:\Program Files (x86)\Intel\iCLS Client\;C:\Program Files\Intel\iCLS Client\;C:\Windows\System32;C:\Windows;C:\Windows\System32\wbem;C:\Windows\System32\WindowsPowerShell\v1.0\;C:\Program Files (x86)\Intel\Intel(R) Management Engine Components\DAL;C:\Program Files\Intel\Intel(R) Management Engine Components\DAL;C:\Program Files (x86)\Intel\Intel(R) Management Engine Components\IPT;C:\Program Files\Intel\Intel(R) Management Engine Components\IPT;C:\Program Files (x86)\NVIDIA Corporation\PhysX\Common;C:\Program Files\Intel\WiFi\bin\;C:\Program Files\Common Files\Intel\WirelessCommon\;C:\Windows\System32;C:\Windows;C:\Windows\System32\wbem;C:\Windows\System32\WindowsPowerShell\v1.0\;C:\Windows\System32\OpenSSH\;C:\Program Files\Git\cmd;C:\Program Files\nodejs\;C:\Users\Abel\AppData\Roaming\npm;C:\Program Files\MySQL\MySQL Shell 8.0\bin\;C:\Program Files\MySQL\MySQL Server 8.0\bin\;C:\Users\Abel\AppData\Local\Microsoft\WindowsApps;C:\Packer;C:\Users\Abel\AppData\Local\Programs\Microsoft VS Code\bin;C:\Users\Abel\AppData\Roaming\npm
USERNAME=Abel
OS=Windows_NT
PROCESSOR_IDENTIFIER=Intel64 Family 6 Model 142 Stepping 10, GenuineIntel
TMP=C:\Users\Abel\AppData\Local\Temp
TEMP=C:\Users\Abel\AppData\Local\Temp


JNI global refs:
JNI global refs: 12, weak refs: 7

JNI global refs memory usage: 843, weak refs: 841

OOME stack traces (most recent first):
Classloader memory used:
Loader jdk.internal.loader.ClassLoaders$AppClassLoader                                 : 5932K
Loader bootstrap                                                                       : 1341K
Loader java.net.URLClassLoader                                                         : 41882B
Loader jdk.internal.reflect.DelegatingClassLoader                                      : 10610B
Loader jdk.internal.loader.ClassLoaders$PlatformClassLoader                            : 2276B


---------------  S Y S T E M  ---------------

OS:
 Windows 10 , 64 bit Build 19041 (10.0.19041.1645)
OS uptime: 3 days 14:41 hours

CPU: total 8 (initial active 8) (4 cores per cpu, 2 threads per core) family 6 model 142 stepping 10 microcode 0xb4, cx8, cmov, fxsr, ht, mmx, 3dnowpref, sse, sse2, sse3, ssse3, sse4.1, sse4.2, popcnt, lzcnt, tsc, tscinvbit, avx, avx2, aes, erms, clmul, bmi1, bmi2, adx, fma, vzeroupper, clflush, clflushopt

Memory: 4k page, system-wide physical 8101M (531M free)
TotalPageFile size 13329M (AvailPageFile size 9M)
current process WorkingSet (physical memory assigned to process): 284M, peak: 285M
current process commit charge ("private bytes"): 322M, peak: 328M

vm_info: OpenJDK 64-Bit Server VM (17.0.7+0-b2043.56-10550314) for windows-amd64 JRE (17.0.7+0-b2043.56-10550314), built on Jul 24 2023 18:27:45 by "androidbuild" with MS VC++ 16.10 / 16.11 (VS2019)

END.
